#
# A fatal error has been detected by the Java Runtime Environment:
#
#  EXCEPTION_ACCESS_VIOLATION (0xc0000005) at pc=0x00007ffe2f5672a6, pid=13060, tid=12196
#
# JRE version: OpenJDK Runtime Environment (14.0.2+12) (build 14.0.2+12-46)
# Java VM: OpenJDK 64-Bit Server VM (14.0.2+12-46, mixed mode, sharing, tiered, compressed oops, g1 gc, windows-amd64)
# Problematic frame:
# C  [ntdll.dll+0x72a6]
#
# No core dump will be written. Minidumps are not enabled by default on client versions of Windows
#
# If you would like to submit a bug report, please visit:
#   https://bugreport.java.com/bugreport/crash.jsp
# The crash happened outside the Java Virtual Machine in native code.
# See problematic frame for where to report the bug.
#

---------------  S U M M A R Y ------------

Command Line: -agentlib:jdwp=transport=dt_socket,address=127.0.0.1:50886,suspend=y,server=n -Djava.library.path=C:\Users\lisas\Desktop\RFIDreader -javaagent:C:\Users\lisas\AppData\Local\JetBrains\IdeaIC2020.2\captureAgent\debugger-agent.jar -Dfile.encoding=UTF-8 com.company.Main

Host: Intel(R) Core(TM) i5-6200U CPU @ 2.30GHz, 4 cores, 7G,  Windows 10 , 64 bit Build 18362 (10.0.18362.1082)
Time: Fri Oct  2 16:29:02 2020 Mitteleuropäische Sommerzeit elapsed time: 265 seconds (0d 0h 4m 25s)

---------------  T H R E A D  ---------------

Current thread (0x000002b3dff8e800):  JavaThread "main" [_thread_in_native, id=12196, stack(0x000000e36e700000,0x000000e36e800000)]

Stack: [0x000000e36e700000,0x000000e36e800000],  sp=0x000000e36e7fec10,  free space=1019k
Native frames: (J=compiled Java code, j=interpreted, Vv=VM code, C=native code)
C  [ntdll.dll+0x72a6]
C  [ntdll.dll+0x1b576]
C  [ntdll.dll+0x1b3c0]
C  [PortableDeviceTypes.dll+0x3fe1]

Java frames: (J=compiled Java code, j=interpreted, Vv=VM code)
j  jmtp.PortableDeviceKeyCollectionImplWin32.clear()V+0
j  jmtp.WPDImplWin32.convertToPortableDeviceObject(Ljava/lang/String;Ljmtp/PortableDeviceContentImplWin32;Ljmtp/PortableDevicePropertiesImplWin32;)Ljmtp/PortableDeviceObjectImplWin32;+29
j  jmtp.PortableDeviceFolderObjectImplWin32.getChildObjects()[Ljmtp/PortableDeviceObject;+39
j  com.company.MTPFileManager.getAllFilesByName(Ljava/lang/String;)Ljava/util/ArrayList;+39
j  com.company.RFIDUI.syncDel(Ljava/lang/Boolean;)Ljavax/swing/JPanel;+303
j  com.company.RFIDUI.MainUISetup()V+102
j  com.company.RFIDUI.<init>(Lcom/company/Main;)V+30
j  com.company.Main.main([Ljava/lang/String;)V+86
v  ~StubRoutines::call_stub

siginfo: EXCEPTION_ACCESS_VIOLATION (0xc0000005), writing address 0x0000000000000024


Register to memory mapping:

RIP=0x00007ffe2f5672a6 ntdll.dll
RAX=0x0 is NULL
RBX=0x000002b3ff4d74f0 points into unknown readable memory: 00 00 00 00 00 00 00 00
RCX=0x000002b3ff4d74f0 points into unknown readable memory: 00 00 00 00 00 00 00 00
RDX=
[error occurred during error reporting (printing register info), id 0xc0000005, EXCEPTION_ACCESS_VIOLATION (0xc0000005) at pc=0x00007ffdd2fe1c94]

Registers:
RAX=0x0000000000000000, RBX=0x000002b3ff4d74f0, RCX=0x000002b3ff4d74f0, RDX=0x00000000fffffffa
RSP=0x000000e36e7fec10, RBP=0x000000e36e7fee00, RSI=0x0000000000000000, RDI=0x0000000000000000
R8 =0x0000000000000000, R9 =0x000002b3ff4d7400, R10=0x000002b3ddced8b0, R11=0x000000e36e7fed90
R12=0x0000000000000000, R13=0x000000e36e20d000, R14=0x0000000000000001, R15=0x0000000000000000
RIP=0x00007ffe2f5672a6, EFLAGS=0x0000000000010213

Top of Stack: (sp=0x000000e36e7fec10)
0x000000e36e7fec10:   ffffffffffffffff 000002b3ff4d74f0
0x000000e36e7fec20:   000002b3ff390880 0000000088a00170
0x000000e36e7fec30:   0000000000000001 000002b3dff8e800
0x000000e36e7fec40:   0000000000000000 00007ffdd340d97d
0x000000e36e7fec50:   000002b3ff2f6200 000000e3fffffffa
0x000000e36e7fec60:   000000e36e20d000 00007ffdd30f013c
0x000000e36e7fec70:   000002b3ff4e4258 000000e36e7fec28
0x000000e36e7fec80:   000000e36e7fec69 0000000800000001
0x000000e36e7fec90:   000002b3dff7ea00 0000000000000000
0x000000e36e7feca0:   000078e4b8111d56 0000000000000001
0x000000e36e7fecb0:   000002b3dff8e800 0000000000000001
0x000000e36e7fecc0:   0000000000000001 0000000000000001
0x000000e36e7fecd0:   0000000000000000 000002b3ff4d74f0
0x000000e36e7fece0:   000000e36e7fee00 00007ffe2f57b576
0x000000e36e7fecf0:   000002b3ff390880 00007ffdd30b9d90
0x000000e36e7fed00:   00000000fffffffa 0000000000000000 

Instructions: (pc=0x00007ffe2f5672a6)
0x00007ffe2f5671a6:   eb e8 48 8b c1 48 33 c2 83 e0 03 48 33 c8 e9 d8
0x00007ffe2f5671b6:   fe ff ff 49 83 63 18 00 49 8b 40 20 49 89 43 20
0x00007ffe2f5671c6:   e9 ed fe ff ff 48 89 41 18 e9 e4 fe ff ff cc cc
0x00007ffe2f5671d6:   cc cc cc cc cc cc cc cc cc cc 80 3d 21 e2 15 00
0x00007ffe2f5671e6:   00 0f 95 c0 c3 cc cc cc cc cc cc cc cc cc cc cc
0x00007ffe2f5671f6:   cc cc cc cc cc cc cc cc cc cc 48 89 5c 24 18 55
0x00007ffe2f567206:   56 57 41 54 41 55 41 56 41 57 48 81 ec a0 00 00
0x00007ffe2f567216:   00 48 8b 05 c2 62 17 00 48 33 c4 48 89 84 24 90
0x00007ffe2f567226:   00 00 00 65 4c 8b 2c 25 30 00 00 00 48 8d 05 bf
0x00007ffe2f567236:   82 15 00 40 32 ed 89 54 24 48 33 f6 40 88 6c 24
0x00007ffe2f567246:   40 4c 89 6c 24 50 48 8b d9 44 8b e6 48 3b c8 0f
0x00007ffe2f567256:   84 38 01 00 00 40 38 35 a6 e1 15 00 0f 85 9b 01
0x00007ffe2f567266:   00 00 39 35 ba e1 15 00 0f 85 5d 01 00 00 40 38
0x00007ffe2f567276:   35 7d dc 15 00 48 8d 3d 7e dc 15 00 48 0f 45 fe
0x00007ffe2f567286:   48 39 73 18 0f 84 d1 00 00 00 48 8b 03 48 83 f8
0x00007ffe2f567296:   ff 0f 84 d1 00 00 00 44 8b fe 48 83 f8 ff 74 03
0x00007ffe2f5672a6:   ff 40 24 4c 8b 73 18 4c 8d 2d 44 82 15 00 bd 22
0x00007ffe2f5672b6:   17 00 00 e8 72 89 03 00 85 c0 0f 85 5e 0b 0a 00
0x00007ffe2f5672c6:   b9 82 03 fe 7f 80 39 00 0f 85 6c 0b 0a 00 49 83
0x00007ffe2f5672d6:   fe ff 0f 85 fa 0b 0a 00 4c 8b cf c7 44 24 20 00
0x00007ffe2f5672e6:   00 00 00 41 b8 04 00 00 00 48 8d 54 24 48 48 8d
0x00007ffe2f5672f6:   4b 08 e8 27 01 00 00 3d 02 01 00 00 0f 84 e3 0b
0x00007ffe2f567306:   0a 00 8b 4b 08 89 4c 24 48 f6 c1 02 75 ca 3d 02
0x00007ffe2f567316:   01 00 00 0f 84 cc 0b 0a 00 0f b6 6c 24 40 4c 8b
0x00007ffe2f567326:   6c 24 50 85 c0 0f 88 8d 0c 0a 00 40 84 ed 75 72
0x00007ffe2f567336:   48 8b 8c 24 90 00 00 00 48 33 cc e8 ea 4d 08 00
0x00007ffe2f567346:   48 8b 9c 24 f0 00 00 00 48 81 c4 a0 00 00 00 41
0x00007ffe2f567356:   5f 41 5e 41 5d 41 5c 5f 5e 5d c3 48 8b cb e8 e7
0x00007ffe2f567366:   04 00 00 e9 22 ff ff ff 8b 4b 20 48 c7 c0 ff ff
0x00007ffe2f567376:   ff ff 48 0f ba e1 18 0f 82 1a ff ff ff 48 8b cb
0x00007ffe2f567386:   e8 b5 c6 02 00 48 8b 03 e9 0a ff ff ff c6 44 24
0x00007ffe2f567396:   40 01 41 c7 85 60 17 00 00 01 00 00 00 e9 b3 fe 


Stack slot to memory mapping:
stack at sp + 0 slots: 0xffffffffffffffff is an unknown value
stack at sp + 1 slots: 0x000002b3ff4d74f0 points into unknown readable memory: 00 00 00 00 00 00 00 00
stack at sp + 2 slots: 0x000002b3ff390880 points into unknown readable memory: 05 00 22 00 3c 88 62 65
stack at sp + 3 slots: 0x0000000088a00170 is an oop: be.derycke.pieter.com.COMReference 
{0x0000000088a00170} - klass: 'be/derycke/pieter/com/COMReference'
stack at sp + 4 slots: 0x0000000000000001 is an unknown value
stack at sp + 5 slots: 0x000002b3dff8e800 is a thread
stack at sp + 6 slots: 0x0 is NULL
stack at sp + 7 slots: 0x00007ffdd340d97d jvm.dll


---------------  P R O C E S S  ---------------

Threads class SMR info:
_java_thread_list=0x000002b380175a30, length=16, elements={
0x000002b3dff8e800, 0x000002b3fe73e800, 0x000002b3fe73f800, 0x000002b3fe75b800,
0x000002b3fe75e800, 0x000002b3fe75f800, 0x000002b3fe760800, 0x000002b3ff100800,
0x000002b3ff10b000, 0x000002b3fe724800, 0x000002b3ff24b800, 0x000002b3ff33c000,
0x000002b38004b000, 0x000002b3ff24b000, 0x000002b3ff27e000, 0x000002b3ff36b000
}

Java Threads: ( => current thread )
=>0x000002b3dff8e800 JavaThread "main" [_thread_in_native, id=12196, stack(0x000000e36e700000,0x000000e36e800000)]
  0x000002b3fe73e800 JavaThread "Reference Handler" daemon [_thread_blocked, id=3544, stack(0x000000e36ee00000,0x000000e36ef00000)]
  0x000002b3fe73f800 JavaThread "Finalizer" daemon [_thread_blocked, id=13212, stack(0x000000e36ef00000,0x000000e36f000000)]
  0x000002b3fe75b800 JavaThread "Signal Dispatcher" daemon [_thread_blocked, id=3104, stack(0x000000e36f000000,0x000000e36f100000)]
  0x000002b3fe75e800 JavaThread "Attach Listener" daemon [_thread_blocked, id=12040, stack(0x000000e36f100000,0x000000e36f200000)]
  0x000002b3fe75f800 JavaThread "Service Thread" daemon [_thread_blocked, id=9132, stack(0x000000e36f200000,0x000000e36f300000)]
  0x000002b3fe760800 JavaThread "C2 CompilerThread0" daemon [_thread_blocked, id=5760, stack(0x000000e36f300000,0x000000e36f400000)]
  0x000002b3ff100800 JavaThread "C1 CompilerThread0" daemon [_thread_blocked, id=10440, stack(0x000000e36f400000,0x000000e36f500000)]
  0x000002b3ff10b000 JavaThread "Sweeper thread" daemon [_thread_blocked, id=12572, stack(0x000000e36f500000,0x000000e36f600000)]
  0x000002b3fe724800 JavaThread "Common-Cleaner" daemon [_thread_blocked, id=7176, stack(0x000000e36f600000,0x000000e36f700000)]
  0x000002b3ff24b800 JavaThread "JDWP Event Helper Thread" daemon [_thread_blocked, id=10484, stack(0x000000e36f800000,0x000000e36f900000)]
  0x000002b3ff33c000 JavaThread "Notification Thread" daemon [_thread_blocked, id=12620, stack(0x000000e36fa00000,0x000000e36fb00000)]
  0x000002b38004b000 JavaThread "Java2D Disposer" daemon [_thread_blocked, id=8288, stack(0x000000e370000000,0x000000e370100000)]
  0x000002b3ff24b000 JavaThread "SIGINT handler" daemon [_thread_blocked, id=6888, stack(0x000000e36e500000,0x000000e36e600000)]
  0x000002b3ff27e000 JavaThread "ToolkitShutdown" daemon [_thread_in_native, id=10080, stack(0x000000e36f700000,0x000000e36f800000)]
  0x000002b3ff36b000 JavaThread "AWT-Shutdown" [_thread_blocked, id=10508, stack(0x000000e370300000,0x000000e370400000)]

Other Threads:
  0x000002b3fe73c000 VMThread "VM Thread" [stack: 0x000000e36ed00000,0x000000e36ee00000] [id=3128]
  0x000002b3ff33f000 WatcherThread [stack: 0x000000e36fb00000,0x000000e36fc00000] [id=9716]
  0x000002b3dffd0800 GCTaskThread "GC Thread#0" [stack: 0x000000e36e800000,0x000000e36e900000] [id=9700]
  0x000002b3ff27f000 GCTaskThread "GC Thread#1" [stack: 0x000000e36f900000,0x000000e36fa00000] [id=5508]
  0x000002b3ff424000 GCTaskThread "GC Thread#2" [stack: 0x000000e36fd00000,0x000000e36fe00000] [id=7444]
  0x000002b3ff425000 GCTaskThread "GC Thread#3" [stack: 0x000000e370100000,0x000000e370200000] [id=2624]
  0x000002b3dffe3000 ConcurrentGCThread "G1 Main Marker" [stack: 0x000000e36e900000,0x000000e36ea00000] [id=4364]
  0x000002b3dffe4000 ConcurrentGCThread "G1 Conc#0" [stack: 0x000000e36ea00000,0x000000e36eb00000] [id=8884]
  0x000002b3fe5b0800 ConcurrentGCThread "G1 Refine#0" [stack: 0x000000e36eb00000,0x000000e36ec00000] [id=5480]
  0x000002b3fe5b1800 ConcurrentGCThread "G1 Young RemSet Sampling" [stack: 0x000000e36ec00000,0x000000e36ed00000] [id=5292]

Threads with active compile tasks:

VM state:not at safepoint (normal execution)

VM Mutex/Monitor currently owned by a thread: None

Heap address: 0x0000000081800000, size: 2024 MB, Compressed Oops mode: 32-bit
Narrow klass base: 0x0000000800000000, Narrow klass shift: 3
Compressed class space size: 1073741824 Address: 0x0000000800b30000

Heap:
 garbage-first heap   total 131072K, used 1973K [0x0000000081800000, 0x0000000100000000)
  region size 1024K, 3 young (3072K), 2 survivors (2048K)
 Metaspace       used 7426K, capacity 7668K, committed 7936K, reserved 1056768K
  class space    used 887K, capacity 988K, committed 1024K, reserved 1048576K
Heap Regions: E=young(eden), S=young(survivor), O=old, HS=humongous(starts), HC=humongous(continues), CS=collection set, F=free, OA=open archive, CA=closed archive, TAMS=top-at-mark-start (previous, next)
|   0|0x0000000081800000, 0x0000000081800000, 0x0000000081900000|  0%| F|  |TAMS 0x0000000081800000, 0x0000000081800000| Untracked 
|   1|0x0000000081900000, 0x0000000081900000, 0x0000000081a00000|  0%| F|  |TAMS 0x0000000081900000, 0x0000000081900000| Untracked 
|   2|0x0000000081a00000, 0x0000000081a00000, 0x0000000081b00000|  0%| F|  |TAMS 0x0000000081a00000, 0x0000000081a00000| Untracked 
|   3|0x0000000081b00000, 0x0000000081b00000, 0x0000000081c00000|  0%| F|  |TAMS 0x0000000081b00000, 0x0000000081b00000| Untracked 
|   4|0x0000000081c00000, 0x0000000081c00000, 0x0000000081d00000|  0%| F|  |TAMS 0x0000000081c00000, 0x0000000081c00000| Untracked 
|   5|0x0000000081d00000, 0x0000000081d00000, 0x0000000081e00000|  0%| F|  |TAMS 0x0000000081d00000, 0x0000000081d00000| Untracked 
|   6|0x0000000081e00000, 0x0000000081e00000, 0x0000000081f00000|  0%| F|  |TAMS 0x0000000081e00000, 0x0000000081e00000| Untracked 
|   7|0x0000000081f00000, 0x0000000081f00000, 0x0000000082000000|  0%| F|  |TAMS 0x0000000081f00000, 0x0000000081f00000| Untracked 
|   8|0x0000000082000000, 0x0000000082000000, 0x0000000082100000|  0%| F|  |TAMS 0x0000000082000000, 0x0000000082000000| Untracked 
|   9|0x0000000082100000, 0x0000000082100000, 0x0000000082200000|  0%| F|  |TAMS 0x0000000082100000, 0x0000000082100000| Untracked 
|  10|0x0000000082200000, 0x0000000082200000, 0x0000000082300000|  0%| F|  |TAMS 0x0000000082200000, 0x0000000082200000| Untracked 
|  11|0x0000000082300000, 0x0000000082300000, 0x0000000082400000|  0%| F|  |TAMS 0x0000000082300000, 0x0000000082300000| Untracked 
|  12|0x0000000082400000, 0x0000000082400000, 0x0000000082500000|  0%| F|  |TAMS 0x0000000082400000, 0x0000000082400000| Untracked 
|  13|0x0000000082500000, 0x0000000082500000, 0x0000000082600000|  0%| F|  |TAMS 0x0000000082500000, 0x0000000082500000| Untracked 
|  14|0x0000000082600000, 0x0000000082600000, 0x0000000082700000|  0%| F|  |TAMS 0x0000000082600000, 0x0000000082600000| Untracked 
|  15|0x0000000082700000, 0x0000000082700000, 0x0000000082800000|  0%| F|  |TAMS 0x0000000082700000, 0x0000000082700000| Untracked 
|  16|0x0000000082800000, 0x0000000082800000, 0x0000000082900000|  0%| F|  |TAMS 0x0000000082800000, 0x0000000082800000| Untracked 
|  17|0x0000000082900000, 0x0000000082900000, 0x0000000082a00000|  0%| F|  |TAMS 0x0000000082900000, 0x0000000082900000| Untracked 
|  18|0x0000000082a00000, 0x0000000082a00000, 0x0000000082b00000|  0%| F|  |TAMS 0x0000000082a00000, 0x0000000082a00000| Untracked 
|  19|0x0000000082b00000, 0x0000000082b00000, 0x0000000082c00000|  0%| F|  |TAMS 0x0000000082b00000, 0x0000000082b00000| Untracked 
|  20|0x0000000082c00000, 0x0000000082c00000, 0x0000000082d00000|  0%| F|  |TAMS 0x0000000082c00000, 0x0000000082c00000| Untracked 
|  21|0x0000000082d00000, 0x0000000082d00000, 0x0000000082e00000|  0%| F|  |TAMS 0x0000000082d00000, 0x0000000082d00000| Untracked 
|  22|0x0000000082e00000, 0x0000000082e00000, 0x0000000082f00000|  0%| F|  |TAMS 0x0000000082e00000, 0x0000000082e00000| Untracked 
|  23|0x0000000082f00000, 0x0000000082f00000, 0x0000000083000000|  0%| F|  |TAMS 0x0000000082f00000, 0x0000000082f00000| Untracked 
|  24|0x0000000083000000, 0x0000000083000000, 0x0000000083100000|  0%| F|  |TAMS 0x0000000083000000, 0x0000000083000000| Untracked 
|  25|0x0000000083100000, 0x0000000083100000, 0x0000000083200000|  0%| F|  |TAMS 0x0000000083100000, 0x0000000083100000| Untracked 
|  26|0x0000000083200000, 0x0000000083200000, 0x0000000083300000|  0%| F|  |TAMS 0x0000000083200000, 0x0000000083200000| Untracked 
|  27|0x0000000083300000, 0x0000000083300000, 0x0000000083400000|  0%| F|  |TAMS 0x0000000083300000, 0x0000000083300000| Untracked 
|  28|0x0000000083400000, 0x0000000083400000, 0x0000000083500000|  0%| F|  |TAMS 0x0000000083400000, 0x0000000083400000| Untracked 
|  29|0x0000000083500000, 0x0000000083500000, 0x0000000083600000|  0%| F|  |TAMS 0x0000000083500000, 0x0000000083500000| Untracked 
|  30|0x0000000083600000, 0x0000000083600000, 0x0000000083700000|  0%| F|  |TAMS 0x0000000083600000, 0x0000000083600000| Untracked 
|  31|0x0000000083700000, 0x0000000083700000, 0x0000000083800000|  0%| F|  |TAMS 0x0000000083700000, 0x0000000083700000| Untracked 
|  32|0x0000000083800000, 0x0000000083800000, 0x0000000083900000|  0%| F|  |TAMS 0x0000000083800000, 0x0000000083800000| Untracked 
|  33|0x0000000083900000, 0x0000000083900000, 0x0000000083a00000|  0%| F|  |TAMS 0x0000000083900000, 0x0000000083900000| Untracked 
|  34|0x0000000083a00000, 0x0000000083a00000, 0x0000000083b00000|  0%| F|  |TAMS 0x0000000083a00000, 0x0000000083a00000| Untracked 
|  35|0x0000000083b00000, 0x0000000083b00000, 0x0000000083c00000|  0%| F|  |TAMS 0x0000000083b00000, 0x0000000083b00000| Untracked 
|  36|0x0000000083c00000, 0x0000000083c00000, 0x0000000083d00000|  0%| F|  |TAMS 0x0000000083c00000, 0x0000000083c00000| Untracked 
|  37|0x0000000083d00000, 0x0000000083d00000, 0x0000000083e00000|  0%| F|  |TAMS 0x0000000083d00000, 0x0000000083d00000| Untracked 
|  38|0x0000000083e00000, 0x0000000083e00000, 0x0000000083f00000|  0%| F|  |TAMS 0x0000000083e00000, 0x0000000083e00000| Untracked 
|  39|0x0000000083f00000, 0x0000000083f00000, 0x0000000084000000|  0%| F|  |TAMS 0x0000000083f00000, 0x0000000083f00000| Untracked 
|  40|0x0000000084000000, 0x0000000084000000, 0x0000000084100000|  0%| F|  |TAMS 0x0000000084000000, 0x0000000084000000| Untracked 
|  41|0x0000000084100000, 0x0000000084100000, 0x0000000084200000|  0%| F|  |TAMS 0x0000000084100000, 0x0000000084100000| Untracked 
|  42|0x0000000084200000, 0x0000000084200000, 0x0000000084300000|  0%| F|  |TAMS 0x0000000084200000, 0x0000000084200000| Untracked 
|  43|0x0000000084300000, 0x0000000084300000, 0x0000000084400000|  0%| F|  |TAMS 0x0000000084300000, 0x0000000084300000| Untracked 
|  44|0x0000000084400000, 0x0000000084400000, 0x0000000084500000|  0%| F|  |TAMS 0x0000000084400000, 0x0000000084400000| Untracked 
|  45|0x0000000084500000, 0x0000000084500000, 0x0000000084600000|  0%| F|  |TAMS 0x0000000084500000, 0x0000000084500000| Untracked 
|  46|0x0000000084600000, 0x0000000084600000, 0x0000000084700000|  0%| F|  |TAMS 0x0000000084600000, 0x0000000084600000| Untracked 
|  47|0x0000000084700000, 0x0000000084700000, 0x0000000084800000|  0%| F|  |TAMS 0x0000000084700000, 0x0000000084700000| Untracked 
|  48|0x0000000084800000, 0x0000000084800000, 0x0000000084900000|  0%| F|  |TAMS 0x0000000084800000, 0x0000000084800000| Untracked 
|  49|0x0000000084900000, 0x0000000084900000, 0x0000000084a00000|  0%| F|  |TAMS 0x0000000084900000, 0x0000000084900000| Untracked 
|  50|0x0000000084a00000, 0x0000000084a00000, 0x0000000084b00000|  0%| F|  |TAMS 0x0000000084a00000, 0x0000000084a00000| Untracked 
|  51|0x0000000084b00000, 0x0000000084b00000, 0x0000000084c00000|  0%| F|  |TAMS 0x0000000084b00000, 0x0000000084b00000| Untracked 
|  52|0x0000000084c00000, 0x0000000084c00000, 0x0000000084d00000|  0%| F|  |TAMS 0x0000000084c00000, 0x0000000084c00000| Untracked 
|  53|0x0000000084d00000, 0x0000000084d00000, 0x0000000084e00000|  0%| F|  |TAMS 0x0000000084d00000, 0x0000000084d00000| Untracked 
|  54|0x0000000084e00000, 0x0000000084e00000, 0x0000000084f00000|  0%| F|  |TAMS 0x0000000084e00000, 0x0000000084e00000| Untracked 
|  55|0x0000000084f00000, 0x0000000084f00000, 0x0000000085000000|  0%| F|  |TAMS 0x0000000084f00000, 0x0000000084f00000| Untracked 
|  56|0x0000000085000000, 0x0000000085000000, 0x0000000085100000|  0%| F|  |TAMS 0x0000000085000000, 0x0000000085000000| Untracked 
|  57|0x0000000085100000, 0x0000000085100000, 0x0000000085200000|  0%| F|  |TAMS 0x0000000085100000, 0x0000000085100000| Untracked 
|  58|0x0000000085200000, 0x0000000085200000, 0x0000000085300000|  0%| F|  |TAMS 0x0000000085200000, 0x0000000085200000| Untracked 
|  59|0x0000000085300000, 0x0000000085300000, 0x0000000085400000|  0%| F|  |TAMS 0x0000000085300000, 0x0000000085300000| Untracked 
|  60|0x0000000085400000, 0x0000000085400000, 0x0000000085500000|  0%| F|  |TAMS 0x0000000085400000, 0x0000000085400000| Untracked 
|  61|0x0000000085500000, 0x0000000085500000, 0x0000000085600000|  0%| F|  |TAMS 0x0000000085500000, 0x0000000085500000| Untracked 
|  62|0x0000000085600000, 0x0000000085600000, 0x0000000085700000|  0%| F|  |TAMS 0x0000000085600000, 0x0000000085600000| Untracked 
|  63|0x0000000085700000, 0x0000000085700000, 0x0000000085800000|  0%| F|  |TAMS 0x0000000085700000, 0x0000000085700000| Untracked 
|  64|0x0000000085800000, 0x0000000085800000, 0x0000000085900000|  0%| F|  |TAMS 0x0000000085800000, 0x0000000085800000| Untracked 
|  65|0x0000000085900000, 0x0000000085900000, 0x0000000085a00000|  0%| F|  |TAMS 0x0000000085900000, 0x0000000085900000| Untracked 
|  66|0x0000000085a00000, 0x0000000085a00000, 0x0000000085b00000|  0%| F|  |TAMS 0x0000000085a00000, 0x0000000085a00000| Untracked 
|  67|0x0000000085b00000, 0x0000000085b00000, 0x0000000085c00000|  0%| F|  |TAMS 0x0000000085b00000, 0x0000000085b00000| Untracked 
|  68|0x0000000085c00000, 0x0000000085c00000, 0x0000000085d00000|  0%| F|  |TAMS 0x0000000085c00000, 0x0000000085c00000| Untracked 
|  69|0x0000000085d00000, 0x0000000085d00000, 0x0000000085e00000|  0%| F|  |TAMS 0x0000000085d00000, 0x0000000085d00000| Untracked 
|  70|0x0000000085e00000, 0x0000000085e00000, 0x0000000085f00000|  0%| F|  |TAMS 0x0000000085e00000, 0x0000000085e00000| Untracked 
|  71|0x0000000085f00000, 0x0000000085f00000, 0x0000000086000000|  0%| F|  |TAMS 0x0000000085f00000, 0x0000000085f00000| Untracked 
|  72|0x0000000086000000, 0x0000000086000000, 0x0000000086100000|  0%| F|  |TAMS 0x0000000086000000, 0x0000000086000000| Untracked 
|  73|0x0000000086100000, 0x0000000086100000, 0x0000000086200000|  0%| F|  |TAMS 0x0000000086100000, 0x0000000086100000| Untracked 
|  74|0x0000000086200000, 0x0000000086200000, 0x0000000086300000|  0%| F|  |TAMS 0x0000000086200000, 0x0000000086200000| Untracked 
|  75|0x0000000086300000, 0x0000000086300000, 0x0000000086400000|  0%| F|  |TAMS 0x0000000086300000, 0x0000000086300000| Untracked 
|  76|0x0000000086400000, 0x0000000086400000, 0x0000000086500000|  0%| F|  |TAMS 0x0000000086400000, 0x0000000086400000| Untracked 
|  77|0x0000000086500000, 0x0000000086500000, 0x0000000086600000|  0%| F|  |TAMS 0x0000000086500000, 0x0000000086500000| Untracked 
|  78|0x0000000086600000, 0x0000000086600000, 0x0000000086700000|  0%| F|  |TAMS 0x0000000086600000, 0x0000000086600000| Untracked 
|  79|0x0000000086700000, 0x0000000086700000, 0x0000000086800000|  0%| F|  |TAMS 0x0000000086700000, 0x0000000086700000| Untracked 
|  80|0x0000000086800000, 0x0000000086800000, 0x0000000086900000|  0%| F|  |TAMS 0x0000000086800000, 0x0000000086800000| Untracked 
|  81|0x0000000086900000, 0x0000000086900000, 0x0000000086a00000|  0%| F|  |TAMS 0x0000000086900000, 0x0000000086900000| Untracked 
|  82|0x0000000086a00000, 0x0000000086a00000, 0x0000000086b00000|  0%| F|  |TAMS 0x0000000086a00000, 0x0000000086a00000| Untracked 
|  83|0x0000000086b00000, 0x0000000086b00000, 0x0000000086c00000|  0%| F|  |TAMS 0x0000000086b00000, 0x0000000086b00000| Untracked 
|  84|0x0000000086c00000, 0x0000000086c00000, 0x0000000086d00000|  0%| F|  |TAMS 0x0000000086c00000, 0x0000000086c00000| Untracked 
|  85|0x0000000086d00000, 0x0000000086d00000, 0x0000000086e00000|  0%| F|  |TAMS 0x0000000086d00000, 0x0000000086d00000| Untracked 
|  86|0x0000000086e00000, 0x0000000086e00000, 0x0000000086f00000|  0%| F|  |TAMS 0x0000000086e00000, 0x0000000086e00000| Untracked 
|  87|0x0000000086f00000, 0x0000000086f00000, 0x0000000087000000|  0%| F|  |TAMS 0x0000000086f00000, 0x0000000086f00000| Untracked 
|  88|0x0000000087000000, 0x0000000087000000, 0x0000000087100000|  0%| F|  |TAMS 0x0000000087000000, 0x0000000087000000| Untracked 
|  89|0x0000000087100000, 0x0000000087100000, 0x0000000087200000|  0%| F|  |TAMS 0x0000000087100000, 0x0000000087100000| Untracked 
|  90|0x0000000087200000, 0x0000000087200000, 0x0000000087300000|  0%| F|  |TAMS 0x0000000087200000, 0x0000000087200000| Untracked 
|  91|0x0000000087300000, 0x0000000087300000, 0x0000000087400000|  0%| F|  |TAMS 0x0000000087300000, 0x0000000087300000| Untracked 
|  92|0x0000000087400000, 0x0000000087400000, 0x0000000087500000|  0%| F|  |TAMS 0x0000000087400000, 0x0000000087400000| Untracked 
|  93|0x0000000087500000, 0x0000000087500000, 0x0000000087600000|  0%| F|  |TAMS 0x0000000087500000, 0x0000000087500000| Untracked 
|  94|0x0000000087600000, 0x0000000087600000, 0x0000000087700000|  0%| F|  |TAMS 0x0000000087600000, 0x0000000087600000| Untracked 
|  95|0x0000000087700000, 0x0000000087700000, 0x0000000087800000|  0%| F|  |TAMS 0x0000000087700000, 0x0000000087700000| Untracked 
|  96|0x0000000087800000, 0x0000000087800000, 0x0000000087900000|  0%| F|  |TAMS 0x0000000087800000, 0x0000000087800000| Untracked 
|  97|0x0000000087900000, 0x0000000087900000, 0x0000000087a00000|  0%| F|  |TAMS 0x0000000087900000, 0x0000000087900000| Untracked 
|  98|0x0000000087a00000, 0x0000000087a00000, 0x0000000087b00000|  0%| F|  |TAMS 0x0000000087a00000, 0x0000000087a00000| Untracked 
|  99|0x0000000087b00000, 0x0000000087b00000, 0x0000000087c00000|  0%| F|  |TAMS 0x0000000087b00000, 0x0000000087b00000| Untracked 
| 100|0x0000000087c00000, 0x0000000087c00000, 0x0000000087d00000|  0%| F|  |TAMS 0x0000000087c00000, 0x0000000087c00000| Untracked 
| 101|0x0000000087d00000, 0x0000000087d00000, 0x0000000087e00000|  0%| F|  |TAMS 0x0000000087d00000, 0x0000000087d00000| Untracked 
| 102|0x0000000087e00000, 0x0000000087e00000, 0x0000000087f00000|  0%| F|  |TAMS 0x0000000087e00000, 0x0000000087e00000| Untracked 
| 103|0x0000000087f00000, 0x0000000087f00000, 0x0000000088000000|  0%| F|  |TAMS 0x0000000087f00000, 0x0000000087f00000| Untracked 
| 104|0x0000000088000000, 0x0000000088000000, 0x0000000088100000|  0%| F|  |TAMS 0x0000000088000000, 0x0000000088000000| Untracked 
| 105|0x0000000088100000, 0x0000000088100000, 0x0000000088200000|  0%| F|  |TAMS 0x0000000088100000, 0x0000000088100000| Untracked 
| 106|0x0000000088200000, 0x0000000088200000, 0x0000000088300000|  0%| F|  |TAMS 0x0000000088200000, 0x0000000088200000| Untracked 
| 107|0x0000000088300000, 0x0000000088300000, 0x0000000088400000|  0%| F|  |TAMS 0x0000000088300000, 0x0000000088300000| Untracked 
| 108|0x0000000088400000, 0x0000000088400000, 0x0000000088500000|  0%| F|  |TAMS 0x0000000088400000, 0x0000000088400000| Untracked 
| 109|0x0000000088500000, 0x0000000088500000, 0x0000000088600000|  0%| F|  |TAMS 0x0000000088500000, 0x0000000088500000| Untracked 
| 110|0x0000000088600000, 0x0000000088600000, 0x0000000088700000|  0%| F|  |TAMS 0x0000000088600000, 0x0000000088600000| Untracked 
| 111|0x0000000088700000, 0x0000000088700000, 0x0000000088800000|  0%| F|  |TAMS 0x0000000088700000, 0x0000000088700000| Untracked 
| 112|0x0000000088800000, 0x0000000088800000, 0x0000000088900000|  0%| F|  |TAMS 0x0000000088800000, 0x0000000088800000| Untracked 
| 113|0x0000000088900000, 0x00000000889ed460, 0x0000000088a00000| 92%| S|CS|TAMS 0x0000000088900000, 0x0000000088900000| Complete 
| 114|0x0000000088a00000, 0x0000000088b00000, 0x0000000088b00000|100%| S|CS|TAMS 0x0000000088a00000, 0x0000000088a00000| Complete 
| 115|0x0000000088b00000, 0x0000000088b00000, 0x0000000088c00000|  0%| F|  |TAMS 0x0000000088b00000, 0x0000000088b00000| Untracked 
| 116|0x0000000088c00000, 0x0000000088c00000, 0x0000000088d00000|  0%| F|  |TAMS 0x0000000088c00000, 0x0000000088c00000| Untracked 
| 117|0x0000000088d00000, 0x0000000088d00000, 0x0000000088e00000|  0%| F|  |TAMS 0x0000000088d00000, 0x0000000088d00000| Untracked 
| 118|0x0000000088e00000, 0x0000000088e00000, 0x0000000088f00000|  0%| F|  |TAMS 0x0000000088e00000, 0x0000000088e00000| Untracked 
| 119|0x0000000088f00000, 0x0000000088f00000, 0x0000000089000000|  0%| F|  |TAMS 0x0000000088f00000, 0x0000000088f00000| Untracked 
| 120|0x0000000089000000, 0x0000000089000000, 0x0000000089100000|  0%| F|  |TAMS 0x0000000089000000, 0x0000000089000000| Untracked 
| 121|0x0000000089100000, 0x0000000089100000, 0x0000000089200000|  0%| F|  |TAMS 0x0000000089100000, 0x0000000089100000| Untracked 
| 122|0x0000000089200000, 0x0000000089200000, 0x0000000089300000|  0%| F|  |TAMS 0x0000000089200000, 0x0000000089200000| Untracked 
| 123|0x0000000089300000, 0x0000000089300000, 0x0000000089400000|  0%| F|  |TAMS 0x0000000089300000, 0x0000000089300000| Untracked 
| 124|0x0000000089400000, 0x0000000089400000, 0x0000000089500000|  0%| F|  |TAMS 0x0000000089400000, 0x0000000089400000| Untracked 
| 125|0x0000000089500000, 0x0000000089500000, 0x0000000089600000|  0%| F|  |TAMS 0x0000000089500000, 0x0000000089500000| Untracked 
| 126|0x0000000089600000, 0x0000000089600000, 0x0000000089700000|  0%| F|  |TAMS 0x0000000089600000, 0x0000000089600000| Untracked 
| 127|0x0000000089700000, 0x00000000897ed890, 0x0000000089800000| 92%| E|  |TAMS 0x0000000089700000, 0x0000000089700000| Complete 

Card table byte_map: [0x000002b3f7b30000,0x000002b3f7f30000] _byte_map_base: 0x000002b3f7724000

Marking Bits (Prev, Next): (CMBitMap*) 0x000002b3dffd16d8, (CMBitMap*) 0x000002b3dffd1718
 Prev Bits: [0x000002b3f8330000, 0x000002b3fa2d0000)
 Next Bits: [0x000002b3fa2d0000, 0x000002b3fc270000)

Polling page: 0x000002b3dded0000

Metaspace:

Usage:
  Non-class:      6.52 MB capacity,     6.39 MB ( 98%) used,   121.93 KB (  2%) free+waste,    18.88 KB ( <1%) overhead. 
      Class:    988.00 KB capacity,   887.32 KB ( 90%) used,    88.30 KB (  9%) free+waste,    12.38 KB (  1%) overhead. 
       Both:      7.49 MB capacity,     7.25 MB ( 97%) used,   210.23 KB (  3%) free+waste,    31.25 KB ( <1%) overhead. 

Virtual space:
  Non-class space:        8.00 MB reserved,       6.75 MB ( 84%) committed 
      Class space:        1.00 GB reserved,       1.00 MB ( <1%) committed 
             Both:        1.01 GB reserved,       7.75 MB ( <1%) committed 

Chunk freelists:
   Non-Class:  40.00 KB
       Class:  4.00 KB
        Both:  44.00 KB

MaxMetaspaceSize: 17179869184.00 GB
CompressedClassSpaceSize: 1.00 GB

CodeHeap 'non-profiled nmethods': size=120000Kb used=245Kb max_used=245Kb free=119754Kb
 bounds [0x000002b3f0200000, 0x000002b3f0470000, 0x000002b3f7730000]
CodeHeap 'profiled nmethods': size=120000Kb used=1168Kb max_used=1168Kb free=118831Kb
 bounds [0x000002b3e8cd0000, 0x000002b3e8f40000, 0x000002b3f0200000]
CodeHeap 'non-nmethods': size=5760Kb used=1311Kb max_used=1325Kb free=4448Kb
 bounds [0x000002b3e8730000, 0x000002b3e89a0000, 0x000002b3e8cd0000]
 total_blobs=1274 nmethods=775 adapters=412
 compilation: enabled
              stopped_count=0, restarted_count=0
 full_count=0

Compilation events (20 events):
Event: 265.091 Thread 0x000002b3ff100800  760       1       be.derycke.pieter.com.Guid::getData1 (5 bytes)
Event: 265.092 Thread 0x000002b3ff100800 nmethod 760 0x000002b3f023ba10 code [0x000002b3f023bba0, 0x000002b3f023bc78]
Event: 265.092 Thread 0x000002b3ff100800  761       1       be.derycke.pieter.com.Guid::getData2 (5 bytes)
Event: 265.092 Thread 0x000002b3ff100800 nmethod 761 0x000002b3f023bd10 code [0x000002b3f023bea0, 0x000002b3f023bf78]
Event: 265.092 Thread 0x000002b3ff100800  762       1       be.derycke.pieter.com.Guid::getData3 (5 bytes)
Event: 265.092 Thread 0x000002b3ff100800 nmethod 762 0x000002b3f023c010 code [0x000002b3f023c1a0, 0x000002b3f023c278]
Event: 265.092 Thread 0x000002b3ff100800  763       1       be.derycke.pieter.com.Guid::getData4 (5 bytes)
Event: 265.092 Thread 0x000002b3ff100800 nmethod 763 0x000002b3f023c310 code [0x000002b3f023c4a0, 0x000002b3f023c578]
Event: 265.092 Thread 0x000002b3ff100800  764       1       jmtp.PropertyKey::getPid (5 bytes)
Event: 265.092 Thread 0x000002b3ff100800 nmethod 764 0x000002b3f023c610 code [0x000002b3f023c7a0, 0x000002b3f023c878]
Event: 265.092 Thread 0x000002b3ff100800  765       1       jmtp.PropertyKey::getFmtid (5 bytes)
Event: 265.092 Thread 0x000002b3ff100800 nmethod 765 0x000002b3f023c910 code [0x000002b3f023caa0, 0x000002b3f023cb78]
Event: 265.101 Thread 0x000002b3ff100800  766       1       be.derycke.pieter.com.COMReference::getMemoryAddress (5 bytes)
Event: 265.102 Thread 0x000002b3ff100800 nmethod 766 0x000002b3f023cc10 code [0x000002b3f023cda0, 0x000002b3f023ce78]
Event: 265.125 Thread 0x000002b3ff100800  768   !   3       java.lang.ref.ReferenceQueue::enqueue (119 bytes)
Event: 265.126 Thread 0x000002b3ff100800 nmethod 768 0x000002b3e8df0090 code [0x000002b3e8df0280, 0x000002b3e8df0aa8]
Event: 265.126 Thread 0x000002b3ff100800  770       3       java.lang.ref.Reference::clear (6 bytes)
Event: 265.126 Thread 0x000002b3ff100800 nmethod 770 0x000002b3e8df0c90 code [0x000002b3e8df0e20, 0x000002b3e8df0f58]
Event: 265.126 Thread 0x000002b3ff100800  771   !   3       jdk.internal.ref.PhantomCleanable::remove (60 bytes)
Event: 265.126 Thread 0x000002b3ff100800 nmethod 771 0x000002b3e8df1010 code [0x000002b3e8df11e0, 0x000002b3e8df16f8]

GC Heap History (2 events):
Event: 265.117 GC heap before
{Heap before GC invocations=0 (full 0):
 garbage-first heap   total 131072K, used 12288K [0x0000000081800000, 0x0000000100000000)
  region size 1024K, 13 young (13312K), 0 survivors (0K)
 Metaspace       used 7417K, capacity 7668K, committed 7936K, reserved 1056768K
  class space    used 886K, capacity 988K, committed 1024K, reserved 1048576K
}
Event: 265.124 GC heap after
{Heap after GC invocations=1 (full 0):
 garbage-first heap   total 131072K, used 1973K [0x0000000081800000, 0x0000000100000000)
  region size 1024K, 2 young (2048K), 2 survivors (2048K)
 Metaspace       used 7417K, capacity 7668K, committed 7936K, reserved 1056768K
  class space    used 886K, capacity 988K, committed 1024K, reserved 1048576K
}

Deoptimization events (20 events):
Event: 1.059 Thread 0x000002b3dff8e800 Uncommon trap: trap_request=0xffffffc6 fr.pc=0x000002b3f022d7a0 relative=0x0000000000000c20
Event: 1.059 Thread 0x000002b3dff8e800 Uncommon trap: reason=bimorphic_or_optimized_type_check action=maybe_recompile pc=0x000002b3f022d7a0 method=java.util.HashMap.putVal(ILjava/lang/Object;Ljava/lang/Object;ZZ)Ljava/lang/Object; @ 152 c2
Event: 1.059 Thread 0x000002b3dff8e800 DEOPT PACKING pc=0x000002b3f022d7a0 sp=0x000000e36e7fe300
Event: 1.059 Thread 0x000002b3dff8e800 DEOPT UNPACKING pc=0x000002b3e877912f sp=0x000000e36e7fe290 mode 2
Event: 1.114 Thread 0x000002b3dff8e800 Uncommon trap: trap_request=0xffffffde fr.pc=0x000002b3f0234634 relative=0x0000000000000494
Event: 1.114 Thread 0x000002b3dff8e800 Uncommon trap: reason=class_check action=maybe_recompile pc=0x000002b3f0234634 method=java.util.HashMap.getNode(ILjava/lang/Object;)Ljava/util/HashMap$Node; @ 126 c2
Event: 1.114 Thread 0x000002b3dff8e800 DEOPT PACKING pc=0x000002b3f0234634 sp=0x000000e36e7fe5d0
Event: 1.114 Thread 0x000002b3dff8e800 DEOPT UNPACKING pc=0x000002b3e877912f sp=0x000000e36e7fe558 mode 2
Event: 1.114 Thread 0x000002b3dff8e800 Uncommon trap: trap_request=0xffffffde fr.pc=0x000002b3f0234634 relative=0x0000000000000494
Event: 1.114 Thread 0x000002b3dff8e800 Uncommon trap: reason=class_check action=maybe_recompile pc=0x000002b3f0234634 method=java.util.HashMap.getNode(ILjava/lang/Object;)Ljava/util/HashMap$Node; @ 126 c2
Event: 1.114 Thread 0x000002b3dff8e800 DEOPT PACKING pc=0x000002b3f0234634 sp=0x000000e36e7fe5d0
Event: 1.114 Thread 0x000002b3dff8e800 DEOPT UNPACKING pc=0x000002b3e877912f sp=0x000000e36e7fe558 mode 2
Event: 1.114 Thread 0x000002b3dff8e800 Uncommon trap: trap_request=0xffffffde fr.pc=0x000002b3f0234634 relative=0x0000000000000494
Event: 1.114 Thread 0x000002b3dff8e800 Uncommon trap: reason=class_check action=maybe_recompile pc=0x000002b3f0234634 method=java.util.HashMap.getNode(ILjava/lang/Object;)Ljava/util/HashMap$Node; @ 126 c2
Event: 1.114 Thread 0x000002b3dff8e800 DEOPT PACKING pc=0x000002b3f0234634 sp=0x000000e36e7fe5d0
Event: 1.114 Thread 0x000002b3dff8e800 DEOPT UNPACKING pc=0x000002b3e877912f sp=0x000000e36e7fe558 mode 2
Event: 1.114 Thread 0x000002b3dff8e800 Uncommon trap: trap_request=0xffffffde fr.pc=0x000002b3f0234634 relative=0x0000000000000494
Event: 1.114 Thread 0x000002b3dff8e800 Uncommon trap: reason=class_check action=maybe_recompile pc=0x000002b3f0234634 method=java.util.HashMap.getNode(ILjava/lang/Object;)Ljava/util/HashMap$Node; @ 126 c2
Event: 1.114 Thread 0x000002b3dff8e800 DEOPT PACKING pc=0x000002b3f0234634 sp=0x000000e36e7fe5d0
Event: 1.114 Thread 0x000002b3dff8e800 DEOPT UNPACKING pc=0x000002b3e877912f sp=0x000000e36e7fe558 mode 2

Classes unloaded (0 events):
No events

Classes redefined (0 events):
No events

Internal exceptions (10 events):
Event: 0.706 Thread 0x000002b3dff8e800 Exception <a 'java/lang/ClassNotFoundException'{0x00000000894eca38}: sun/awt/resources/spi/awtProvider> (0x00000000894eca38) 
thrown [./open/src/hotspot/share/classfile/systemDictionary.cpp, line 226]
Event: 0.732 Thread 0x000002b3dff8e800 Exception <a 'java/io/FileNotFoundException'{0x0000000089339b98}> (0x0000000089339b98) 
thrown [./open/src/hotspot/share/prims/jni.cpp, line 599]
Event: 0.745 Thread 0x000002b3dff8e800 Exception <a 'java/io/FileNotFoundException'{0x0000000089362288}> (0x0000000089362288) 
thrown [./open/src/hotspot/share/prims/jni.cpp, line 599]
Event: 0.870 Thread 0x000002b38007c800 Exception <a 'java/lang/NoSuchMethodError'{0x0000000089105598}: 'void java.lang.invoke.DirectMethodHandle$Holder.invokeSpecial(java.lang.Object, java.lang.Object)'> (0x0000000089105598) 
thrown [./open/src/hotspot/share/interpreter/linkResolver.cpp, line 766]
Event: 0.930 Thread 0x000002b3dff8e800 Exception <a 'java/lang/NoSuchMethodError'{0x000000008901f910}: 'java.lang.Object java.lang.invoke.DirectMethodHandle$Holder.invokeStatic(java.lang.Object, int, java.lang.Object, java.lang.Object, java.lang.Object, java.lang.Object)'> (0x000000008901f910) 
thrown [./open/src/hotspot/share/interpreter/linkResolver.cpp, line 766]
Event: 0.931 Thread 0x000002b3dff8e800 Exception <a 'java/lang/NoSuchMethodError'{0x0000000089026230}: 'java.lang.Object java.lang.invoke.DirectMethodHandle$Holder.invokeStatic(java.lang.Object, int, java.lang.Object, java.lang.Object, java.lang.Object)'> (0x0000000089026230) 
thrown [./open/src/hotspot/share/interpreter/linkResolver.cpp, line 766]
Event: 0.932 Thread 0x000002b3dff8e800 Exception <a 'java/lang/NoSuchMethodError'{0x0000000089029a80}: 'java.lang.Object java.lang.invoke.DirectMethodHandle$Holder.invokeSpecial(java.lang.Object, java.lang.Object, int, java.lang.Object, java.lang.Object, java.lang.Object)'> (0x0000000089029a80) 
thrown [./open/src/hotspot/share/interpreter/linkResolver.cpp, line 766]
Event: 0.939 Thread 0x000002b3dff8e800 Exception <a 'java/lang/NoSuchMethodError'{0x0000000089040488}: 'java.lang.Object java.lang.invoke.DirectMethodHandle$Holder.invokeStatic(java.lang.Object, int, java.lang.Object)'> (0x0000000089040488) 
thrown [./open/src/hotspot/share/interpreter/linkResolver.cpp, line 766]
Event: 0.986 Thread 0x000002b3dff8e800 Exception <a 'java/lang/ClassNotFoundException'{0x00000000890f31e8}: com/sun/swing/internal/plaf/metal/resources/spi/metalProvider> (0x00000000890f31e8) 
thrown [./open/src/hotspot/share/classfile/systemDictionary.cpp, line 226]
Event: 0.988 Thread 0x000002b3dff8e800 Exception <a 'java/lang/ClassNotFoundException'{0x00000000890f9ab0}: com/sun/swing/internal/plaf/basic/resources/spi/basicProvider> (0x00000000890f9ab0) 
thrown [./open/src/hotspot/share/classfile/systemDictionary.cpp, line 226]

Events (20 events):
Event: 265.117 Executing VM operation: G1CollectForAllocation
Event: 265.124 Executing VM operation: G1CollectForAllocation done
Event: 265.124 Thread 0x000002b3ff36b000 Thread added: 0x000002b3ff36b000
Event: 265.125 Executing VM operation: HandshakeOneThread
Event: 265.125 Executing VM operation: HandshakeOneThread done
Event: 265.125 Executing VM operation: HandshakeOneThread
Event: 265.125 Executing VM operation: HandshakeOneThread done
Event: 265.125 loading class java/io/RandomAccessFile$1
Event: 265.125 loading class java/io/RandomAccessFile$1 done
Event: 265.125 Executing VM operation: HandshakeOneThread
Event: 265.125 Executing VM operation: HandshakeOneThread done
Event: 265.125 Executing VM operation: HandshakeOneThread
Event: 265.125 Executing VM operation: HandshakeOneThread done
Event: 265.125 Executing VM operation: HandshakeOneThread
Event: 265.125 Executing VM operation: HandshakeOneThread done
Event: 265.125 Thread 0x000002b3ff23b000 Thread exited: 0x000002b3ff23b000
Event: 265.126 Executing VM operation: HandshakeOneThread
Event: 265.126 Executing VM operation: HandshakeOneThread done
Event: 265.126 Executing VM operation: HandshakeOneThread
Event: 265.126 Executing VM operation: HandshakeOneThread done


Dynamic libraries:
0x00007ff6e4810000 - 0x00007ff6e481d000 	C:\Users\lisas\.jdks\openjdk-14.0.2\bin\java.exe
0x00007ffe2f560000 - 0x00007ffe2f750000 	C:\WINDOWS\SYSTEM32\ntdll.dll
0x00007ffe2e870000 - 0x00007ffe2e922000 	C:\WINDOWS\System32\KERNEL32.DLL
0x00007ffe2c670000 - 0x00007ffe2c915000 	C:\WINDOWS\System32\KERNELBASE.dll
0x00007ffe2c570000 - 0x00007ffe2c66a000 	C:\WINDOWS\System32\ucrtbase.dll
0x00007ffe28d60000 - 0x00007ffe28d78000 	C:\Users\lisas\.jdks\openjdk-14.0.2\bin\jli.dll
0x00007ffe28ce0000 - 0x00007ffe28cf5000 	C:\Users\lisas\.jdks\openjdk-14.0.2\bin\VCRUNTIME140.dll
0x00007ffe2f050000 - 0x00007ffe2f1e5000 	C:\WINDOWS\System32\USER32.dll
0x00007ffe2cc90000 - 0x00007ffe2ccb1000 	C:\WINDOWS\System32\win32u.dll
0x00007ffe2e930000 - 0x00007ffe2e956000 	C:\WINDOWS\System32\GDI32.dll
0x00007ffe1fab0000 - 0x00007ffe1fd34000 	C:\WINDOWS\WinSxS\amd64_microsoft.windows.common-controls_6595b64144ccf1df_6.0.18362.1082_none_9e8193e1e45b25c1\COMCTL32.dll
0x00007ffe2c9a0000 - 0x00007ffe2cb36000 	C:\WINDOWS\System32\gdi32full.dll
0x00007ffe2f260000 - 0x00007ffe2f2fe000 	C:\WINDOWS\System32\msvcrt.dll
0x00007ffe2d510000 - 0x00007ffe2d5ae000 	C:\WINDOWS\System32\msvcp_win.dll
0x00007ffe2db50000 - 0x00007ffe2de85000 	C:\WINDOWS\System32\combase.dll
0x00007ffe2f400000 - 0x00007ffe2f520000 	C:\WINDOWS\System32\RPCRT4.dll
0x00007ffe2c920000 - 0x00007ffe2c9a0000 	C:\WINDOWS\System32\bcryptPrimitives.dll
0x00007ffe2e7e0000 - 0x00007ffe2e80e000 	C:\WINDOWS\System32\IMM32.DLL
0x00007ffe16790000 - 0x00007ffe1682b000 	C:\Users\lisas\.jdks\openjdk-14.0.2\bin\msvcp140.dll
0x00007ffdd2d40000 - 0x00007ffdd385e000 	C:\Users\lisas\.jdks\openjdk-14.0.2\bin\server\jvm.dll
0x00007ffe2e310000 - 0x00007ffe2e3b3000 	C:\WINDOWS\System32\ADVAPI32.dll
0x00007ffe2f300000 - 0x00007ffe2f397000 	C:\WINDOWS\System32\sechost.dll
0x00007ffe2e300000 - 0x00007ffe2e308000 	C:\WINDOWS\System32\PSAPI.DLL
0x00007ffe28970000 - 0x00007ffe28994000 	C:\WINDOWS\SYSTEM32\WINMM.dll
0x00007ffe2b210000 - 0x00007ffe2b219000 	C:\WINDOWS\SYSTEM32\WSOCK32.dll
0x00007ffe2e450000 - 0x00007ffe2e4bf000 	C:\WINDOWS\System32\WS2_32.dll
0x00007ffe253e0000 - 0x00007ffe253ea000 	C:\WINDOWS\SYSTEM32\VERSION.dll
0x00007ffe28940000 - 0x00007ffe2896d000 	C:\WINDOWS\SYSTEM32\winmmbase.dll
0x00007ffe2c4f0000 - 0x00007ffe2c53a000 	C:\WINDOWS\System32\cfgmgr32.dll
0x00007ffe2c4a0000 - 0x00007ffe2c4b1000 	C:\WINDOWS\System32\kernel.appcore.dll
0x00007ffe28cd0000 - 0x00007ffe28cda000 	C:\Users\lisas\.jdks\openjdk-14.0.2\bin\jimage.dll
0x00007ffe2acd0000 - 0x00007ffe2aec4000 	C:\WINDOWS\SYSTEM32\DBGHELP.DLL
0x00007ffe1cba0000 - 0x00007ffe1cbca000 	C:\WINDOWS\SYSTEM32\dbgcore.DLL
0x00007ffdf0220000 - 0x00007ffdf0258000 	C:\Users\lisas\.jdks\openjdk-14.0.2\bin\jdwp.dll
0x00007ffe28ca0000 - 0x00007ffe28cc5000 	C:\Users\lisas\.jdks\openjdk-14.0.2\bin\java.dll
0x00007ffe1f2c0000 - 0x00007ffe1f2ce000 	C:\Users\lisas\.jdks\openjdk-14.0.2\bin\instrument.dll
0x00007ffe28c80000 - 0x00007ffe28c96000 	C:\Users\lisas\.jdks\openjdk-14.0.2\bin\zip.dll
0x00007ffe2e960000 - 0x00007ffe2f047000 	C:\WINDOWS\System32\SHELL32.dll
0x00007ffe2e730000 - 0x00007ffe2e7d9000 	C:\WINDOWS\System32\shcore.dll
0x00007ffe2cce0000 - 0x00007ffe2d460000 	C:\WINDOWS\System32\windows.storage.dll
0x00007ffe2c4c0000 - 0x00007ffe2c4e3000 	C:\WINDOWS\System32\profapi.dll
0x00007ffe2c430000 - 0x00007ffe2c47a000 	C:\WINDOWS\System32\powrprof.dll
0x00007ffe2c420000 - 0x00007ffe2c430000 	C:\WINDOWS\System32\UMPDC.dll
0x00007ffe2f3a0000 - 0x00007ffe2f3f2000 	C:\WINDOWS\System32\shlwapi.dll
0x00007ffe2ccc0000 - 0x00007ffe2ccd7000 	C:\WINDOWS\System32\cryptsp.dll
0x00007ffe1f2b0000 - 0x00007ffe1f2bb000 	C:\Users\lisas\.jdks\openjdk-14.0.2\bin\dt_socket.dll
0x00007ffe2b980000 - 0x00007ffe2b9ba000 	C:\WINDOWS\SYSTEM32\IPHLPAPI.DLL
0x00007ffe2bc70000 - 0x00007ffe2bcd7000 	C:\WINDOWS\system32\mswsock.dll
0x00007ffe1f1a0000 - 0x00007ffe1f1b9000 	C:\Users\lisas\.jdks\openjdk-14.0.2\bin\net.dll
0x00007ffe1eca0000 - 0x00007ffe1ed90000 	C:\WINDOWS\SYSTEM32\WINHTTP.dll
0x00007ffdfe7b0000 - 0x00007ffdfe7c2000 	C:\Users\lisas\.jdks\openjdk-14.0.2\bin\nio.dll
0x00007ffdf9900000 - 0x00007ffdf9915000 	C:\Users\lisas\Desktop\RFIDreader\jmtp64.dll
0x00007ffe2e550000 - 0x00007ffe2e6a7000 	C:\WINDOWS\System32\ole32.dll
0x00007ffe2d9d0000 - 0x00007ffe2da95000 	C:\WINDOWS\System32\OLEAUT32.dll
0x00007ffe2daa0000 - 0x00007ffe2db42000 	C:\WINDOWS\System32\clbcatq.dll
0x00007ffe26b20000 - 0x00007ffe26bbe000 	C:\Windows\System32\PortableDeviceApi.dll
0x00007ffe2de90000 - 0x00007ffe2e300000 	C:\WINDOWS\System32\SETUPAPI.dll
0x00007ffe2c540000 - 0x00007ffe2c566000 	C:\WINDOWS\System32\bcrypt.dll
0x00007ffe2c210000 - 0x00007ffe2c23a000 	C:\WINDOWS\System32\DEVOBJ.dll
0x00007ffe27f90000 - 0x00007ffe27fc0000 	C:\Windows\System32\PortableDeviceTypes.dll
0x00007ffe285e0000 - 0x00007ffe286d0000 	C:\Windows\System32\PROPSYS.dll
0x00007ffe2d5b0000 - 0x00007ffe2d60c000 	C:\WINDOWS\System32\WINTRUST.dll
0x00007ffe2c480000 - 0x00007ffe2c492000 	C:\WINDOWS\System32\MSASN1.dll
0x00007ffe2cb40000 - 0x00007ffe2cc89000 	C:\WINDOWS\System32\CRYPT32.dll
0x00007ffdd1830000 - 0x00007ffdd19c8000 	C:\Users\lisas\.jdks\openjdk-14.0.2\bin\awt.dll
0x00007ffe2a190000 - 0x00007ffe2a21f000 	C:\WINDOWS\SYSTEM32\apphelp.dll
0x00007ffe2a420000 - 0x00007ffe2a44d000 	C:\WINDOWS\system32\DWMAPI.DLL
0x00007ffe2a320000 - 0x00007ffe2a3b9000 	C:\WINDOWS\system32\uxtheme.dll
0x00007ffe09730000 - 0x00007ffe09886000 	C:\WINDOWS\system32\opengl32.dll
0x00007ffe096c0000 - 0x00007ffe096ec000 	C:\WINDOWS\SYSTEM32\GLU32.dll
0x00007ffe2af20000 - 0x00007ffe2af40000 	C:\WINDOWS\SYSTEM32\dxcore.dll
0x00007ffe2d7c0000 - 0x00007ffe2d8f5000 	C:\WINDOWS\System32\MSCTF.dll
0x00007ffe18ca0000 - 0x00007ffe18cb0000 	C:\Users\lisas\.jdks\openjdk-14.0.2\bin\verify.dll

dbghelp: loaded successfully - version: 4.0.5 - missing functions: none
symbol engine: initialized successfully - sym options: 0x614 - pdb path: .;C:\Users\lisas\.jdks\openjdk-14.0.2\bin;C:\WINDOWS\SYSTEM32;C:\WINDOWS\WinSxS\amd64_microsoft.windows.common-controls_6595b64144ccf1df_6.0.18362.1082_none_9e8193e1e45b25c1;C:\Users\lisas\.jdks\openjdk-14.0.2\bin\server;C:\Users\lisas\Desktop\RFIDreader

VM Arguments:
jvm_args: -agentlib:jdwp=transport=dt_socket,address=127.0.0.1:50886,suspend=y,server=n -Djava.library.path=C:\Users\lisas\Desktop\RFIDreader -javaagent:C:\Users\lisas\AppData\Local\JetBrains\IdeaIC2020.2\captureAgent\debugger-agent.jar -Dfile.encoding=UTF-8 
java_command: com.company.Main
java_class_path (initial): C:\Users\lisas\Documents\RFIDreader\out\production\RFIDreader;C:\Users\lisas\Desktop\RFIDreader\jmtp.jar;C:\Program Files\JetBrains\IntelliJ IDEA Community Edition 2020.2.1\lib\idea_rt.jar
Launcher Type: SUN_STANDARD

[Global flags]
     intx CICompilerCount                          = 3                                         {product} {ergonomic}
     uint ConcGCThreads                            = 1                                         {product} {ergonomic}
     uint G1ConcRefinementThreads                  = 4                                         {product} {ergonomic}
   size_t G1HeapRegionSize                         = 1048576                                   {product} {ergonomic}
    uintx GCDrainStackTargetSize                   = 64                                        {product} {ergonomic}
   size_t InitialHeapSize                          = 134217728                                 {product} {ergonomic}
   size_t MarkStackSize                            = 4194304                                   {product} {ergonomic}
   size_t MaxHeapSize                              = 2122317824                                {product} {ergonomic}
   size_t MaxNewSize                               = 1272971264                                {product} {ergonomic}
   size_t MinHeapDeltaBytes                        = 1048576                                   {product} {ergonomic}
   size_t MinHeapSize                              = 8388608                                   {product} {ergonomic}
    uintx NonNMethodCodeHeapSize                   = 5832780                                {pd product} {ergonomic}
    uintx NonProfiledCodeHeapSize                  = 122912730                              {pd product} {ergonomic}
    uintx ProfiledCodeHeapSize                     = 122912730                              {pd product} {ergonomic}
    uintx ReservedCodeCacheSize                    = 251658240                              {pd product} {ergonomic}
     bool SegmentedCodeCache                       = true                                      {product} {ergonomic}
   size_t SoftMaxHeapSize                          = 2122317824                             {manageable} {ergonomic}
     bool UseCompressedClassPointers               = true                                 {lp64_product} {ergonomic}
     bool UseCompressedOops                        = true                                 {lp64_product} {ergonomic}
     bool UseG1GC                                  = true                                      {product} {ergonomic}
     bool UseLargePagesIndividualAllocation        = false                                  {pd product} {ergonomic}

Logging:
Log output configuration:
 #0: stdout all=warning uptime,level,tags
 #1: stderr all=off uptime,level,tags

Environment Variables:
JAVA_HOME=C:\Program Files\Java\jdk-11.0.1\bin
PATH=C:\Program Files\Common Files\Oracle\Java\javapath;C:\Program Files (x86)\Common Files\Oracle\Java\javapath;C:\Program Files\Java\jdk-11.0.1\bin;C:\Program Files (x86)\Intel\iCLS Client\;C:\Program Files\Intel\iCLS Client\;C:\WINDOWS\system32;C:\WINDOWS;C:\WINDOWS\System32\Wbem;C:\WINDOWS\System32\WindowsPowerShell\v1.0\;C:\Program Files (x86)\Intel\Intel(R) Management Engine Components\DAL;C:\Program Files\Intel\Intel(R) Management Engine Components\DAL;C:\Program Files (x86)\Intel\Intel(R) Management Engine Components\IPT;C:\Program Files\Intel\Intel(R) Management Engine Components\IPT;c:\Program Files (x86)\ATI Technologies\ATI.ACE\Core-Static;C:\Program Files\Microsoft SQL Server\130\Tools\Binn\;C:\Program Files (x86)\Windows Kits\10\Windows Performance Toolkit\;C:\Program Files (x86)\GtkSharp\2.12\bin;C:\WINDOWS\System32\OpenSSH\;C:\Program Files\Java\jdk1.8.0_101\bin;C:\ProgramData\Oracle\Java\javapath;C:\Program Files\MiKTeX 2.9\miktex\bin\x64\;C:\Program Files\Git\cmd;C:\Users\lisas\AppData\Local\Microsoft\WindowsApps;C:\Program Files\Java\jdk-11.0.1\bin;;C:\Program Files\JetBrains\IntelliJ IDEA Community Edition 2020.2.1\bin;;C:\Program Files\JetBrains\IntelliJ IDEA 2020.2.1\bin;
USERNAME=lisas
OS=Windows_NT
PROCESSOR_IDENTIFIER=Intel64 Family 6 Model 78 Stepping 3, GenuineIntel



---------------  S Y S T E M  ---------------

OS: Windows 10 , 64 bit Build 18362 (10.0.18362.1082)
OS uptime: 0 days 3:30 hours

CPU:total 4 (initial active 4) (2 cores per cpu, 2 threads per core) family 6 model 78 stepping 3, cmov, cx8, fxsr, mmx, sse, sse2, sse3, ssse3, sse4.1, sse4.2, popcnt, avx, avx2, aes, clmul, erms, 3dnowpref, lzcnt, ht, tsc, tscinvbit, bmi1, bmi2, adx, fma

Memory: 4k page, system-wide physical 8090M (3030M free)
TotalPageFile size 9754M (AvailPageFile size 3249M)
current process WorkingSet (physical memory assigned to process): 62M, peak: 65M
current process commit charge ("private bytes"): 214M, peak: 217M

vm_info: OpenJDK 64-Bit Server VM (14.0.2+12-46) for windows-amd64 JRE (14.0.2+12-46), built on Jul  9 2020 00:31:16 by "mach5one" with MS VC++ 15.9 (VS2017)

END.
