#
# A fatal error has been detected by the Java Runtime Environment:
#
#  EXCEPTION_ACCESS_VIOLATION (0xc0000005) at pc=0x00007ff9e7f4cf10, pid=7752, tid=544
#
# JRE version: OpenJDK Runtime Environment (14.0.2+12) (build 14.0.2+12-46)
# Java VM: OpenJDK 64-Bit Server VM (14.0.2+12-46, mixed mode, sharing, tiered, compressed oops, g1 gc, windows-amd64)
# Problematic frame:
# V  [jvm.dll+0xcf10]
#
# No core dump will be written. Minidumps are not enabled by default on client versions of Windows
#
# If you would like to submit a bug report, please visit:
#   https://bugreport.java.com/bugreport/crash.jsp
#

---------------  S U M M A R Y ------------

Command Line: -Djava.library.path=C:\Users\lisas\Desktop\RFIDreader -javaagent:C:\Program Files\JetBrains\IntelliJ IDEA Community Edition 2020.2.1\lib\idea_rt.jar=50423:C:\Program Files\JetBrains\IntelliJ IDEA Community Edition 2020.2.1\bin -Dfile.encoding=UTF-8 com.company.Main

Host: Intel(R) Core(TM) i5-6200U CPU @ 2.30GHz, 4 cores, 7G,  Windows 10 , 64 bit Build 19041 (10.0.19041.292)
Time: Sat Oct  3 17:24:42 2020 Mitteleuropäische Sommerzeit elapsed time: 6 seconds (0d 0h 0m 6s)

---------------  T H R E A D  ---------------

Current thread (0x000001b258ab4000):  JavaThread "Thread-1" [_thread_in_vm, id=544, stack(0x00000061c7900000,0x00000061c7a00000)]

Stack: [0x00000061c7900000,0x00000061c7a00000],  sp=0x00000061c79ff098,  free space=1020k
Native frames: (J=compiled Java code, j=interpreted, Vv=VM code, C=native code)
V  [jvm.dll+0xcf10]

Java frames: (J=compiled Java code, j=interpreted, Vv=VM code)
j  jmtp.PortableDeviceToHostImpl32.copyFromPortableDeviceToHost(Ljava/lang/String;Ljava/lang/String;Ljmtp/PortableDevice;)V+0
j  com.company.MTPFileManager.getFile(Ljava/lang/String;Ljava/lang/String;)V+13
j  com.company.CopyThread.run()V+200
v  ~StubRoutines::call_stub

siginfo: EXCEPTION_ACCESS_VIOLATION (0xc0000005), reading address 0x0000000000000000


Register to memory mapping:

RIP=0x00007ff9e7f4cf10 jvm.dll
RAX=0x0 is NULL
RBX=0x000001b258ab4000 is a thread
RCX=0x0 is NULL
RDX=0x0 is NULL
RSP=0x00000061c79ff098 is pointing into the stack for thread: 0x000001b258ab4000
RBP=0x0 is NULL
RSI=0x0 is NULL
RDI=0x000001b258ab4000 is a thread
R8 =0x0 is NULL
R9 =0x0000000000000004 is an unknown value
R10=0x000001b2587ce4c0 points into unknown readable memory: 03 00 00 00 1e 00 00 00
R11=0x00000061c79ff130 is pointing into the stack for thread: 0x000001b258ab4000
R12=0x0 is NULL
R13=0x000001b257965a08 is pointing into metadata
R14=0x00000061c79ff350 is pointing into the stack for thread: 0x000001b258ab4000
R15=0x0 is NULL


Registers:
RAX=0x0000000000000000, RBX=0x000001b258ab4000, RCX=0x0000000000000000, RDX=0x0000000000000000
RSP=0x00000061c79ff098, RBP=0x0000000000000000, RSI=0x0000000000000000, RDI=0x000001b258ab4000
R8 =0x0000000000000000, R9 =0x0000000000000004, R10=0x000001b2587ce4c0, R11=0x00000061c79ff130
R12=0x0000000000000000, R13=0x000001b257965a08, R14=0x00000061c79ff350, R15=0x0000000000000000
RIP=0x00007ff9e7f4cf10, EFLAGS=0x0000000000010246

Top of Stack: (sp=0x00000061c79ff098)
0x00000061c79ff098:   00007ff9e82ccbdc 000001b258ab4000
0x00000061c79ff0a8:   0000000000000000 000001b257db96d0
0x00000061c79ff0b8:   00000061c79ff100 000001b258ab4000
0x00000061c79ff0c8:   000001b238b88c40 000001b20000000b
0x00000061c79ff0d8:   000001b2580489d0 000001b258ab4000
0x00000061c79ff0e8:   0000000000000000 000001b258ab4310
0x00000061c79ff0f8:   0000000000000000 00007ff9e87a2728
0x00000061c79ff108:   000000080040dc08 000001b258ab4000
0x00000061c79ff118:   000001b20000000b 00000061c79fefc0
0x00000061c79ff128:   0000000000000000 00000061c79ff208
0x00000061c79ff138:   00007ffa30e549da 00000061c79ff241
0x00000061c79ff148:   000001b258ab4310 0000000000000000
0x00000061c79ff158:   00007ffa30e5130c 000001b258ab4310
0x00000061c79ff168:   00000061c79ff241 0000000000000001
0x00000061c79ff178:   fffffffffffffffe 00000061c79ff350
0x00000061c79ff188:   00007ffa30e54ab6 00000061c79ff208 

Instructions: (pc=0x00007ff9e7f4cf10)
0x00007ff9e7f4ce10:   f4 a1 9a 00 48 83 c4 20 5b 48 ff e0 48 8d 05 ed
0x00007ff9e7f4ce20:   00 00 00 48 8b cb 48 89 05 db a1 9a 00 48 83 c4
0x00007ff9e7f4ce30:   20 5b 48 ff e0 48 8d 05 d4 00 00 00 48 8b cb 48
0x00007ff9e7f4ce40:   89 05 c2 a1 9a 00 48 83 c4 20 5b 48 ff e0 48 8b
0x00007ff9e7f4ce50:   0d fb bc a0 00 8b 51 10 83 ea 01 0f 84 8b 00 00
0x00007ff9e7f4ce60:   00 83 ea 01 74 6d 83 ea 01 74 4f 83 fa 01 74 31
0x00007ff9e7f4ce70:   4c 8d 05 89 ad 78 00 ba e8 00 00 00 48 8d 0d b5
0x00007ff9e7f4ce80:   ad 78 00 e8 48 01 20 00 e8 63 b7 5e 00 33 c0 48
0x00007ff9e7f4ce90:   8b cb 48 89 05 6f a1 9a 00 48 83 c4 20 5b 48 ff
0x00007ff9e7f4cea0:   e0 48 8d 05 78 00 00 00 48 8b cb 48 89 05 56 a1
0x00007ff9e7f4ceb0:   9a 00 48 83 c4 20 5b 48 ff e0 48 8d 05 4f 00 00
0x00007ff9e7f4cec0:   00 48 8b cb 48 89 05 3d a1 9a 00 48 83 c4 20 5b
0x00007ff9e7f4ced0:   48 ff e0 48 8d 05 36 00 00 00 48 8b cb 48 89 05
0x00007ff9e7f4cee0:   24 a1 9a 00 48 83 c4 20 5b 48 ff e0 48 8d 05 1d
0x00007ff9e7f4cef0:   00 00 00 48 8b cb 48 89 05 0b a1 9a 00 48 83 c4
0x00007ff9e7f4cf00:   20 5b 48 ff e0 cc cc cc cc cc cc cc cc cc cc cc
0x00007ff9e7f4cf10:   48 8b 01 c3 cc cc cc cc cc cc cc cc cc cc cc cc
0x00007ff9e7f4cf20:   48 8b 11 e9 48 fd ff ff cc cc cc cc cc cc cc cc
0x00007ff9e7f4cf30:   8b 44 24 30 45 03 c9 44 2b 4c 24 28 83 c0 0b 44
0x00007ff9e7f4cf40:   03 ca 45 03 c8 41 03 c1 c3 cc cc cc cc cc cc cc
0x00007ff9e7f4cf50:   48 8b 41 08 0f b7 48 32 0f b7 40 30 83 c0 48 03
0x00007ff9e7f4cf60:   c1 c3 cc cc cc cc cc cc cc cc cc cc cc cc cc cc
0x00007ff9e7f4cf70:   48 89 5c 24 18 56 48 83 ec 20 48 85 15 47 ef a7
0x00007ff9e7f4cf80:   00 48 8b da 48 8b f1 75 25 48 8b 05 48 ef a7 00
0x00007ff9e7f4cf90:   33 c9 48 23 c2 48 0b 05 1c ef a7 00 48 85 d2 48
0x00007ff9e7f4cfa0:   0f 44 c1 48 8b 5c 24 40 48 83 c4 20 5e c3 48 8b
0x00007ff9e7f4cfb0:   cb 48 89 6c 24 30 e8 45 55 76 00 48 8b e8 48 85
0x00007ff9e7f4cfc0:   f6 74 5d 48 85 c0 74 58 48 89 7c 24 38 48 8b 3d
0x00007ff9e7f4cfd0:   04 ef a7 00 48 23 f8 48 0b 3d 32 ef a7 00 74 3b
0x00007ff9e7f4cfe0:   48 8b 05 51 c0 9c 00 4c 8b c3 48 8b d6 48 8b cf
0x00007ff9e7f4cff0:   ff d0 48 3b c3 74 24 48 85 05 ca ee a7 00 74 1b
0x00007ff9e7f4d000:   4c 8b 0d 31 c0 9c 00 4c 8b c0 48 8b d6 48 8b cf 


Stack slot to memory mapping:
stack at sp + 0 slots: 0x00007ff9e82ccbdc jvm.dll
stack at sp + 1 slots: 0x000001b258ab4000 is a thread
stack at sp + 2 slots: 0x0 is NULL
stack at sp + 3 slots: 0x000001b257db96d0 points into unknown readable memory: a0 06 6f 57 b2 01 00 00
stack at sp + 4 slots: 0x00000061c79ff100 is pointing into the stack for thread: 0x000001b258ab4000
stack at sp + 5 slots: 0x000001b258ab4000 is a thread
stack at sp + 6 slots: 0x000001b238b88c40 points into unknown readable memory: 50 48 52 89 00 00 00 00
stack at sp + 7 slots: 0x000001b20000000b is an unknown value


---------------  P R O C E S S  ---------------

Threads class SMR info:
_java_thread_list=0x000001b2587cdf50, length=18, elements={
0x000001b25725b000, 0x000001b25725d800, 0x000001b257276000, 0x000001b25727b800,
0x000001b25727d800, 0x000001b257280000, 0x000001b257c1c800, 0x000001b257c29000,
0x000001b25723d800, 0x000001b257dca000, 0x000001b257dcf000, 0x000001b257fd0800,
0x000001b257f98800, 0x000001b257f95800, 0x000001b2585ad000, 0x000001b238aa9800,
0x000001b25867f800, 0x000001b258ab4000
}

Java Threads: ( => current thread )
  0x000001b25725b000 JavaThread "Reference Handler" daemon [_thread_blocked, id=7372, stack(0x00000061c6000000,0x00000061c6100000)]
  0x000001b25725d800 JavaThread "Finalizer" daemon [_thread_blocked, id=6368, stack(0x00000061c6100000,0x00000061c6200000)]
  0x000001b257276000 JavaThread "Signal Dispatcher" daemon [_thread_blocked, id=8820, stack(0x00000061c6200000,0x00000061c6300000)]
  0x000001b25727b800 JavaThread "Attach Listener" daemon [_thread_blocked, id=8312, stack(0x00000061c6300000,0x00000061c6400000)]
  0x000001b25727d800 JavaThread "Service Thread" daemon [_thread_blocked, id=7172, stack(0x00000061c6400000,0x00000061c6500000)]
  0x000001b257280000 JavaThread "C2 CompilerThread0" daemon [_thread_blocked, id=8504, stack(0x00000061c6500000,0x00000061c6600000)]
  0x000001b257c1c800 JavaThread "C1 CompilerThread0" daemon [_thread_blocked, id=8460, stack(0x00000061c6600000,0x00000061c6700000)]
  0x000001b257c29000 JavaThread "Sweeper thread" daemon [_thread_blocked, id=8716, stack(0x00000061c6700000,0x00000061c6800000)]
  0x000001b25723d800 JavaThread "Common-Cleaner" daemon [_thread_blocked, id=3444, stack(0x00000061c6800000,0x00000061c6900000)]
  0x000001b257dca000 JavaThread "Monitor Ctrl-Break" daemon [_thread_in_native, id=8252, stack(0x00000061c6900000,0x00000061c6a00000)]
  0x000001b257dcf000 JavaThread "Notification Thread" daemon [_thread_blocked, id=2492, stack(0x00000061c6a00000,0x00000061c6b00000)]
  0x000001b257fd0800 JavaThread "Java2D Disposer" daemon [_thread_blocked, id=1152, stack(0x00000061c7100000,0x00000061c7200000)]
  0x000001b257f98800 JavaThread "AWT-Shutdown" [_thread_blocked, id=2476, stack(0x00000061c7200000,0x00000061c7300000)]
  0x000001b257f95800 JavaThread "AWT-Windows" daemon [_thread_in_native, id=5056, stack(0x00000061c7300000,0x00000061c7400000)]
  0x000001b2585ad000 JavaThread "AWT-EventQueue-0" [_thread_blocked, id=6540, stack(0x00000061c7400000,0x00000061c7500000)]
  0x000001b238aa9800 JavaThread "DestroyJavaVM" [_thread_blocked, id=10328, stack(0x00000061c5900000,0x00000061c5a00000)]
  0x000001b25867f800 JavaThread "TimerQueue" daemon [_thread_blocked, id=6300, stack(0x00000061c7700000,0x00000061c7800000)]
=>0x000001b258ab4000 JavaThread "Thread-1" [_thread_in_vm, id=544, stack(0x00000061c7900000,0x00000061c7a00000)]

Other Threads:
  0x000001b257257800 VMThread "VM Thread" [stack: 0x00000061c5f00000,0x00000061c6000000] [id=1348]
  0x000001b257dd0000 WatcherThread [stack: 0x00000061c6b00000,0x00000061c6c00000] [id=10312]
  0x000001b238aee000 GCTaskThread "GC Thread#0" [stack: 0x00000061c5a00000,0x00000061c5b00000] [id=8388]
  0x000001b238aff800 ConcurrentGCThread "G1 Main Marker" [stack: 0x00000061c5b00000,0x00000061c5c00000] [id=6516]
  0x000001b238b01800 ConcurrentGCThread "G1 Conc#0" [stack: 0x00000061c5c00000,0x00000061c5d00000] [id=7236]
  0x000001b238b89800 ConcurrentGCThread "G1 Refine#0" [stack: 0x00000061c5d00000,0x00000061c5e00000] [id=10008]
  0x000001b238b8b000 ConcurrentGCThread "G1 Young RemSet Sampling" [stack: 0x00000061c5e00000,0x00000061c5f00000] [id=5188]

Threads with active compile tasks:

VM state:not at safepoint (normal execution)

VM Mutex/Monitor currently owned by a thread: None

Heap address: 0x0000000081800000, size: 2024 MB, Compressed Oops mode: 32-bit
Narrow klass base: 0x0000000800000000, Narrow klass shift: 3
Compressed class space size: 1073741824 Address: 0x0000000800b30000

Heap:
 garbage-first heap   total 131072K, used 13312K [0x0000000081800000, 0x0000000100000000)
  region size 1024K, 12 young (12288K), 0 survivors (0K)
 Metaspace       used 11387K, capacity 11717K, committed 12032K, reserved 1060864K
  class space    used 1315K, capacity 1449K, committed 1536K, reserved 1048576K
Heap Regions: E=young(eden), S=young(survivor), O=old, HS=humongous(starts), HC=humongous(continues), CS=collection set, F=free, OA=open archive, CA=closed archive, TAMS=top-at-mark-start (previous, next)
|   0|0x0000000081800000, 0x0000000081900000, 0x0000000081900000|100%|HS|  |TAMS 0x0000000081800000, 0x0000000081800000| Complete 
|   1|0x0000000081900000, 0x0000000081a00000, 0x0000000081a00000|100%|HC|  |TAMS 0x0000000081900000, 0x0000000081900000| Complete 
|   2|0x0000000081a00000, 0x0000000081a00000, 0x0000000081b00000|  0%| F|  |TAMS 0x0000000081a00000, 0x0000000081a00000| Untracked 
|   3|0x0000000081b00000, 0x0000000081b00000, 0x0000000081c00000|  0%| F|  |TAMS 0x0000000081b00000, 0x0000000081b00000| Untracked 
|   4|0x0000000081c00000, 0x0000000081c00000, 0x0000000081d00000|  0%| F|  |TAMS 0x0000000081c00000, 0x0000000081c00000| Untracked 
|   5|0x0000000081d00000, 0x0000000081d00000, 0x0000000081e00000|  0%| F|  |TAMS 0x0000000081d00000, 0x0000000081d00000| Untracked 
|   6|0x0000000081e00000, 0x0000000081e00000, 0x0000000081f00000|  0%| F|  |TAMS 0x0000000081e00000, 0x0000000081e00000| Untracked 
|   7|0x0000000081f00000, 0x0000000081f00000, 0x0000000082000000|  0%| F|  |TAMS 0x0000000081f00000, 0x0000000081f00000| Untracked 
|   8|0x0000000082000000, 0x0000000082000000, 0x0000000082100000|  0%| F|  |TAMS 0x0000000082000000, 0x0000000082000000| Untracked 
|   9|0x0000000082100000, 0x0000000082100000, 0x0000000082200000|  0%| F|  |TAMS 0x0000000082100000, 0x0000000082100000| Untracked 
|  10|0x0000000082200000, 0x0000000082200000, 0x0000000082300000|  0%| F|  |TAMS 0x0000000082200000, 0x0000000082200000| Untracked 
|  11|0x0000000082300000, 0x0000000082300000, 0x0000000082400000|  0%| F|  |TAMS 0x0000000082300000, 0x0000000082300000| Untracked 
|  12|0x0000000082400000, 0x0000000082400000, 0x0000000082500000|  0%| F|  |TAMS 0x0000000082400000, 0x0000000082400000| Untracked 
|  13|0x0000000082500000, 0x0000000082500000, 0x0000000082600000|  0%| F|  |TAMS 0x0000000082500000, 0x0000000082500000| Untracked 
|  14|0x0000000082600000, 0x0000000082600000, 0x0000000082700000|  0%| F|  |TAMS 0x0000000082600000, 0x0000000082600000| Untracked 
|  15|0x0000000082700000, 0x0000000082700000, 0x0000000082800000|  0%| F|  |TAMS 0x0000000082700000, 0x0000000082700000| Untracked 
|  16|0x0000000082800000, 0x0000000082800000, 0x0000000082900000|  0%| F|  |TAMS 0x0000000082800000, 0x0000000082800000| Untracked 
|  17|0x0000000082900000, 0x0000000082900000, 0x0000000082a00000|  0%| F|  |TAMS 0x0000000082900000, 0x0000000082900000| Untracked 
|  18|0x0000000082a00000, 0x0000000082a00000, 0x0000000082b00000|  0%| F|  |TAMS 0x0000000082a00000, 0x0000000082a00000| Untracked 
|  19|0x0000000082b00000, 0x0000000082b00000, 0x0000000082c00000|  0%| F|  |TAMS 0x0000000082b00000, 0x0000000082b00000| Untracked 
|  20|0x0000000082c00000, 0x0000000082c00000, 0x0000000082d00000|  0%| F|  |TAMS 0x0000000082c00000, 0x0000000082c00000| Untracked 
|  21|0x0000000082d00000, 0x0000000082d00000, 0x0000000082e00000|  0%| F|  |TAMS 0x0000000082d00000, 0x0000000082d00000| Untracked 
|  22|0x0000000082e00000, 0x0000000082e00000, 0x0000000082f00000|  0%| F|  |TAMS 0x0000000082e00000, 0x0000000082e00000| Untracked 
|  23|0x0000000082f00000, 0x0000000082f00000, 0x0000000083000000|  0%| F|  |TAMS 0x0000000082f00000, 0x0000000082f00000| Untracked 
|  24|0x0000000083000000, 0x0000000083000000, 0x0000000083100000|  0%| F|  |TAMS 0x0000000083000000, 0x0000000083000000| Untracked 
|  25|0x0000000083100000, 0x0000000083100000, 0x0000000083200000|  0%| F|  |TAMS 0x0000000083100000, 0x0000000083100000| Untracked 
|  26|0x0000000083200000, 0x0000000083200000, 0x0000000083300000|  0%| F|  |TAMS 0x0000000083200000, 0x0000000083200000| Untracked 
|  27|0x0000000083300000, 0x0000000083300000, 0x0000000083400000|  0%| F|  |TAMS 0x0000000083300000, 0x0000000083300000| Untracked 
|  28|0x0000000083400000, 0x0000000083400000, 0x0000000083500000|  0%| F|  |TAMS 0x0000000083400000, 0x0000000083400000| Untracked 
|  29|0x0000000083500000, 0x0000000083500000, 0x0000000083600000|  0%| F|  |TAMS 0x0000000083500000, 0x0000000083500000| Untracked 
|  30|0x0000000083600000, 0x0000000083600000, 0x0000000083700000|  0%| F|  |TAMS 0x0000000083600000, 0x0000000083600000| Untracked 
|  31|0x0000000083700000, 0x0000000083700000, 0x0000000083800000|  0%| F|  |TAMS 0x0000000083700000, 0x0000000083700000| Untracked 
|  32|0x0000000083800000, 0x0000000083800000, 0x0000000083900000|  0%| F|  |TAMS 0x0000000083800000, 0x0000000083800000| Untracked 
|  33|0x0000000083900000, 0x0000000083900000, 0x0000000083a00000|  0%| F|  |TAMS 0x0000000083900000, 0x0000000083900000| Untracked 
|  34|0x0000000083a00000, 0x0000000083a00000, 0x0000000083b00000|  0%| F|  |TAMS 0x0000000083a00000, 0x0000000083a00000| Untracked 
|  35|0x0000000083b00000, 0x0000000083b00000, 0x0000000083c00000|  0%| F|  |TAMS 0x0000000083b00000, 0x0000000083b00000| Untracked 
|  36|0x0000000083c00000, 0x0000000083c00000, 0x0000000083d00000|  0%| F|  |TAMS 0x0000000083c00000, 0x0000000083c00000| Untracked 
|  37|0x0000000083d00000, 0x0000000083d00000, 0x0000000083e00000|  0%| F|  |TAMS 0x0000000083d00000, 0x0000000083d00000| Untracked 
|  38|0x0000000083e00000, 0x0000000083e00000, 0x0000000083f00000|  0%| F|  |TAMS 0x0000000083e00000, 0x0000000083e00000| Untracked 
|  39|0x0000000083f00000, 0x0000000083f00000, 0x0000000084000000|  0%| F|  |TAMS 0x0000000083f00000, 0x0000000083f00000| Untracked 
|  40|0x0000000084000000, 0x0000000084000000, 0x0000000084100000|  0%| F|  |TAMS 0x0000000084000000, 0x0000000084000000| Untracked 
|  41|0x0000000084100000, 0x0000000084100000, 0x0000000084200000|  0%| F|  |TAMS 0x0000000084100000, 0x0000000084100000| Untracked 
|  42|0x0000000084200000, 0x0000000084200000, 0x0000000084300000|  0%| F|  |TAMS 0x0000000084200000, 0x0000000084200000| Untracked 
|  43|0x0000000084300000, 0x0000000084300000, 0x0000000084400000|  0%| F|  |TAMS 0x0000000084300000, 0x0000000084300000| Untracked 
|  44|0x0000000084400000, 0x0000000084400000, 0x0000000084500000|  0%| F|  |TAMS 0x0000000084400000, 0x0000000084400000| Untracked 
|  45|0x0000000084500000, 0x0000000084500000, 0x0000000084600000|  0%| F|  |TAMS 0x0000000084500000, 0x0000000084500000| Untracked 
|  46|0x0000000084600000, 0x0000000084600000, 0x0000000084700000|  0%| F|  |TAMS 0x0000000084600000, 0x0000000084600000| Untracked 
|  47|0x0000000084700000, 0x0000000084700000, 0x0000000084800000|  0%| F|  |TAMS 0x0000000084700000, 0x0000000084700000| Untracked 
|  48|0x0000000084800000, 0x0000000084800000, 0x0000000084900000|  0%| F|  |TAMS 0x0000000084800000, 0x0000000084800000| Untracked 
|  49|0x0000000084900000, 0x0000000084900000, 0x0000000084a00000|  0%| F|  |TAMS 0x0000000084900000, 0x0000000084900000| Untracked 
|  50|0x0000000084a00000, 0x0000000084a00000, 0x0000000084b00000|  0%| F|  |TAMS 0x0000000084a00000, 0x0000000084a00000| Untracked 
|  51|0x0000000084b00000, 0x0000000084b00000, 0x0000000084c00000|  0%| F|  |TAMS 0x0000000084b00000, 0x0000000084b00000| Untracked 
|  52|0x0000000084c00000, 0x0000000084c00000, 0x0000000084d00000|  0%| F|  |TAMS 0x0000000084c00000, 0x0000000084c00000| Untracked 
|  53|0x0000000084d00000, 0x0000000084d00000, 0x0000000084e00000|  0%| F|  |TAMS 0x0000000084d00000, 0x0000000084d00000| Untracked 
|  54|0x0000000084e00000, 0x0000000084e00000, 0x0000000084f00000|  0%| F|  |TAMS 0x0000000084e00000, 0x0000000084e00000| Untracked 
|  55|0x0000000084f00000, 0x0000000084f00000, 0x0000000085000000|  0%| F|  |TAMS 0x0000000084f00000, 0x0000000084f00000| Untracked 
|  56|0x0000000085000000, 0x0000000085000000, 0x0000000085100000|  0%| F|  |TAMS 0x0000000085000000, 0x0000000085000000| Untracked 
|  57|0x0000000085100000, 0x0000000085100000, 0x0000000085200000|  0%| F|  |TAMS 0x0000000085100000, 0x0000000085100000| Untracked 
|  58|0x0000000085200000, 0x0000000085200000, 0x0000000085300000|  0%| F|  |TAMS 0x0000000085200000, 0x0000000085200000| Untracked 
|  59|0x0000000085300000, 0x0000000085300000, 0x0000000085400000|  0%| F|  |TAMS 0x0000000085300000, 0x0000000085300000| Untracked 
|  60|0x0000000085400000, 0x0000000085400000, 0x0000000085500000|  0%| F|  |TAMS 0x0000000085400000, 0x0000000085400000| Untracked 
|  61|0x0000000085500000, 0x0000000085500000, 0x0000000085600000|  0%| F|  |TAMS 0x0000000085500000, 0x0000000085500000| Untracked 
|  62|0x0000000085600000, 0x0000000085600000, 0x0000000085700000|  0%| F|  |TAMS 0x0000000085600000, 0x0000000085600000| Untracked 
|  63|0x0000000085700000, 0x0000000085700000, 0x0000000085800000|  0%| F|  |TAMS 0x0000000085700000, 0x0000000085700000| Untracked 
|  64|0x0000000085800000, 0x0000000085800000, 0x0000000085900000|  0%| F|  |TAMS 0x0000000085800000, 0x0000000085800000| Untracked 
|  65|0x0000000085900000, 0x0000000085900000, 0x0000000085a00000|  0%| F|  |TAMS 0x0000000085900000, 0x0000000085900000| Untracked 
|  66|0x0000000085a00000, 0x0000000085a00000, 0x0000000085b00000|  0%| F|  |TAMS 0x0000000085a00000, 0x0000000085a00000| Untracked 
|  67|0x0000000085b00000, 0x0000000085b00000, 0x0000000085c00000|  0%| F|  |TAMS 0x0000000085b00000, 0x0000000085b00000| Untracked 
|  68|0x0000000085c00000, 0x0000000085c00000, 0x0000000085d00000|  0%| F|  |TAMS 0x0000000085c00000, 0x0000000085c00000| Untracked 
|  69|0x0000000085d00000, 0x0000000085d00000, 0x0000000085e00000|  0%| F|  |TAMS 0x0000000085d00000, 0x0000000085d00000| Untracked 
|  70|0x0000000085e00000, 0x0000000085e00000, 0x0000000085f00000|  0%| F|  |TAMS 0x0000000085e00000, 0x0000000085e00000| Untracked 
|  71|0x0000000085f00000, 0x0000000085f00000, 0x0000000086000000|  0%| F|  |TAMS 0x0000000085f00000, 0x0000000085f00000| Untracked 
|  72|0x0000000086000000, 0x0000000086000000, 0x0000000086100000|  0%| F|  |TAMS 0x0000000086000000, 0x0000000086000000| Untracked 
|  73|0x0000000086100000, 0x0000000086100000, 0x0000000086200000|  0%| F|  |TAMS 0x0000000086100000, 0x0000000086100000| Untracked 
|  74|0x0000000086200000, 0x0000000086200000, 0x0000000086300000|  0%| F|  |TAMS 0x0000000086200000, 0x0000000086200000| Untracked 
|  75|0x0000000086300000, 0x0000000086300000, 0x0000000086400000|  0%| F|  |TAMS 0x0000000086300000, 0x0000000086300000| Untracked 
|  76|0x0000000086400000, 0x0000000086400000, 0x0000000086500000|  0%| F|  |TAMS 0x0000000086400000, 0x0000000086400000| Untracked 
|  77|0x0000000086500000, 0x0000000086500000, 0x0000000086600000|  0%| F|  |TAMS 0x0000000086500000, 0x0000000086500000| Untracked 
|  78|0x0000000086600000, 0x0000000086600000, 0x0000000086700000|  0%| F|  |TAMS 0x0000000086600000, 0x0000000086600000| Untracked 
|  79|0x0000000086700000, 0x0000000086700000, 0x0000000086800000|  0%| F|  |TAMS 0x0000000086700000, 0x0000000086700000| Untracked 
|  80|0x0000000086800000, 0x0000000086800000, 0x0000000086900000|  0%| F|  |TAMS 0x0000000086800000, 0x0000000086800000| Untracked 
|  81|0x0000000086900000, 0x0000000086900000, 0x0000000086a00000|  0%| F|  |TAMS 0x0000000086900000, 0x0000000086900000| Untracked 
|  82|0x0000000086a00000, 0x0000000086a00000, 0x0000000086b00000|  0%| F|  |TAMS 0x0000000086a00000, 0x0000000086a00000| Untracked 
|  83|0x0000000086b00000, 0x0000000086b00000, 0x0000000086c00000|  0%| F|  |TAMS 0x0000000086b00000, 0x0000000086b00000| Untracked 
|  84|0x0000000086c00000, 0x0000000086c00000, 0x0000000086d00000|  0%| F|  |TAMS 0x0000000086c00000, 0x0000000086c00000| Untracked 
|  85|0x0000000086d00000, 0x0000000086d00000, 0x0000000086e00000|  0%| F|  |TAMS 0x0000000086d00000, 0x0000000086d00000| Untracked 
|  86|0x0000000086e00000, 0x0000000086e00000, 0x0000000086f00000|  0%| F|  |TAMS 0x0000000086e00000, 0x0000000086e00000| Untracked 
|  87|0x0000000086f00000, 0x0000000086f00000, 0x0000000087000000|  0%| F|  |TAMS 0x0000000086f00000, 0x0000000086f00000| Untracked 
|  88|0x0000000087000000, 0x0000000087000000, 0x0000000087100000|  0%| F|  |TAMS 0x0000000087000000, 0x0000000087000000| Untracked 
|  89|0x0000000087100000, 0x0000000087100000, 0x0000000087200000|  0%| F|  |TAMS 0x0000000087100000, 0x0000000087100000| Untracked 
|  90|0x0000000087200000, 0x0000000087200000, 0x0000000087300000|  0%| F|  |TAMS 0x0000000087200000, 0x0000000087200000| Untracked 
|  91|0x0000000087300000, 0x0000000087300000, 0x0000000087400000|  0%| F|  |TAMS 0x0000000087300000, 0x0000000087300000| Untracked 
|  92|0x0000000087400000, 0x0000000087400000, 0x0000000087500000|  0%| F|  |TAMS 0x0000000087400000, 0x0000000087400000| Untracked 
|  93|0x0000000087500000, 0x0000000087500000, 0x0000000087600000|  0%| F|  |TAMS 0x0000000087500000, 0x0000000087500000| Untracked 
|  94|0x0000000087600000, 0x0000000087600000, 0x0000000087700000|  0%| F|  |TAMS 0x0000000087600000, 0x0000000087600000| Untracked 
|  95|0x0000000087700000, 0x0000000087700000, 0x0000000087800000|  0%| F|  |TAMS 0x0000000087700000, 0x0000000087700000| Untracked 
|  96|0x0000000087800000, 0x0000000087800000, 0x0000000087900000|  0%| F|  |TAMS 0x0000000087800000, 0x0000000087800000| Untracked 
|  97|0x0000000087900000, 0x0000000087900000, 0x0000000087a00000|  0%| F|  |TAMS 0x0000000087900000, 0x0000000087900000| Untracked 
|  98|0x0000000087a00000, 0x0000000087a00000, 0x0000000087b00000|  0%| F|  |TAMS 0x0000000087a00000, 0x0000000087a00000| Untracked 
|  99|0x0000000087b00000, 0x0000000087b00000, 0x0000000087c00000|  0%| F|  |TAMS 0x0000000087b00000, 0x0000000087b00000| Untracked 
| 100|0x0000000087c00000, 0x0000000087c00000, 0x0000000087d00000|  0%| F|  |TAMS 0x0000000087c00000, 0x0000000087c00000| Untracked 
| 101|0x0000000087d00000, 0x0000000087d00000, 0x0000000087e00000|  0%| F|  |TAMS 0x0000000087d00000, 0x0000000087d00000| Untracked 
| 102|0x0000000087e00000, 0x0000000087e00000, 0x0000000087f00000|  0%| F|  |TAMS 0x0000000087e00000, 0x0000000087e00000| Untracked 
| 103|0x0000000087f00000, 0x0000000087f00000, 0x0000000088000000|  0%| F|  |TAMS 0x0000000087f00000, 0x0000000087f00000| Untracked 
| 104|0x0000000088000000, 0x0000000088000000, 0x0000000088100000|  0%| F|  |TAMS 0x0000000088000000, 0x0000000088000000| Untracked 
| 105|0x0000000088100000, 0x0000000088100000, 0x0000000088200000|  0%| F|  |TAMS 0x0000000088100000, 0x0000000088100000| Untracked 
| 106|0x0000000088200000, 0x0000000088200000, 0x0000000088300000|  0%| F|  |TAMS 0x0000000088200000, 0x0000000088200000| Untracked 
| 107|0x0000000088300000, 0x0000000088300000, 0x0000000088400000|  0%| F|  |TAMS 0x0000000088300000, 0x0000000088300000| Untracked 
| 108|0x0000000088400000, 0x0000000088400000, 0x0000000088500000|  0%| F|  |TAMS 0x0000000088400000, 0x0000000088400000| Untracked 
| 109|0x0000000088500000, 0x0000000088500000, 0x0000000088600000|  0%| F|  |TAMS 0x0000000088500000, 0x0000000088500000| Untracked 
| 110|0x0000000088600000, 0x0000000088600000, 0x0000000088700000|  0%| F|  |TAMS 0x0000000088600000, 0x0000000088600000| Untracked 
| 111|0x0000000088700000, 0x0000000088700000, 0x0000000088800000|  0%| F|  |TAMS 0x0000000088700000, 0x0000000088700000| Untracked 
| 112|0x0000000088800000, 0x0000000088800000, 0x0000000088900000|  0%| F|  |TAMS 0x0000000088800000, 0x0000000088800000| Untracked 
| 113|0x0000000088900000, 0x0000000088900000, 0x0000000088a00000|  0%| F|  |TAMS 0x0000000088900000, 0x0000000088900000| Untracked 
| 114|0x0000000088a00000, 0x0000000088a00000, 0x0000000088b00000|  0%| F|  |TAMS 0x0000000088a00000, 0x0000000088a00000| Untracked 
| 115|0x0000000088b00000, 0x0000000088b00000, 0x0000000088c00000|  0%| F|  |TAMS 0x0000000088b00000, 0x0000000088b00000| Untracked 
| 116|0x0000000088c00000, 0x0000000088c85a18, 0x0000000088d00000| 52%| E|  |TAMS 0x0000000088c00000, 0x0000000088c00000| Complete 
| 117|0x0000000088d00000, 0x0000000088e00000, 0x0000000088e00000|100%| E|CS|TAMS 0x0000000088d00000, 0x0000000088d00000| Complete 
| 118|0x0000000088e00000, 0x0000000088f00000, 0x0000000088f00000|100%| E|CS|TAMS 0x0000000088e00000, 0x0000000088e00000| Complete 
| 119|0x0000000088f00000, 0x0000000089000000, 0x0000000089000000|100%| E|CS|TAMS 0x0000000088f00000, 0x0000000088f00000| Complete 
| 120|0x0000000089000000, 0x0000000089100000, 0x0000000089100000|100%| E|CS|TAMS 0x0000000089000000, 0x0000000089000000| Complete 
| 121|0x0000000089100000, 0x0000000089200000, 0x0000000089200000|100%| E|CS|TAMS 0x0000000089100000, 0x0000000089100000| Complete 
| 122|0x0000000089200000, 0x0000000089300000, 0x0000000089300000|100%| E|CS|TAMS 0x0000000089200000, 0x0000000089200000| Complete 
| 123|0x0000000089300000, 0x0000000089400000, 0x0000000089400000|100%| E|CS|TAMS 0x0000000089300000, 0x0000000089300000| Complete 
| 124|0x0000000089400000, 0x0000000089500000, 0x0000000089500000|100%| E|CS|TAMS 0x0000000089400000, 0x0000000089400000| Complete 
| 125|0x0000000089500000, 0x0000000089600000, 0x0000000089600000|100%| E|CS|TAMS 0x0000000089500000, 0x0000000089500000| Complete 
| 126|0x0000000089600000, 0x0000000089700000, 0x0000000089700000|100%| E|CS|TAMS 0x0000000089600000, 0x0000000089600000| Complete 
| 127|0x0000000089700000, 0x0000000089800000, 0x0000000089800000|100%| E|CS|TAMS 0x0000000089700000, 0x0000000089700000| Complete 

Card table byte_map: [0x000001b250660000,0x000001b250a60000] _byte_map_base: 0x000001b250254000

Marking Bits (Prev, Next): (CMBitMap*) 0x000001b238aeed48, (CMBitMap*) 0x000001b238aeed88
 Prev Bits: [0x000001b250e60000, 0x000001b252e00000)
 Next Bits: [0x000001b252e00000, 0x000001b254da0000)

Polling page: 0x000001b238290000

Metaspace:

Usage:
  Non-class:     10.03 MB capacity,     9.84 MB ( 98%) used,   171.04 KB (  2%) free+waste,    25.63 KB ( <1%) overhead. 
      Class:      1.42 MB capacity,     1.28 MB ( 91%) used,   117.57 KB (  8%) free+waste,    15.63 KB (  1%) overhead. 
       Both:     11.44 MB capacity,    11.12 MB ( 97%) used,   288.61 KB (  2%) free+waste,    41.25 KB ( <1%) overhead. 

Virtual space:
  Non-class space:       12.00 MB reserved,      10.25 MB ( 85%) committed 
      Class space:        1.00 GB reserved,       1.50 MB ( <1%) committed 
             Both:        1.01 GB reserved,      11.75 MB (  1%) committed 

Chunk freelists:
   Non-Class:  36.00 KB
       Class:  23.00 KB
        Both:  59.00 KB

MaxMetaspaceSize: 17179869184.00 GB
CompressedClassSpaceSize: 1.00 GB

CodeHeap 'non-profiled nmethods': size=120000Kb used=445Kb max_used=445Kb free=119554Kb
 bounds [0x000001b248d30000, 0x000001b248fa0000, 0x000001b250260000]
CodeHeap 'profiled nmethods': size=120000Kb used=2206Kb max_used=2206Kb free=117794Kb
 bounds [0x000001b241800000, 0x000001b241a70000, 0x000001b248d30000]
CodeHeap 'non-nmethods': size=5760Kb used=1343Kb max_used=1356Kb free=4416Kb
 bounds [0x000001b241260000, 0x000001b2414d0000, 0x000001b241800000]
 total_blobs=1997 nmethods=1346 adapters=563
 compilation: enabled
              stopped_count=0, restarted_count=0
 full_count=0

Compilation events (20 events):
Event: 5.956 Thread 0x000001b257c1c800 1335       1       sun.awt.SunHints$Value::getIndex (5 bytes)
Event: 5.956 Thread 0x000001b257c1c800 nmethod 1335 0x000001b248d9dc90 code [0x000001b248d9de20, 0x000001b248d9def8]
Event: 6.056 Thread 0x000001b257c1c800 1336       3       java.util.ArrayList::<init> (12 bytes)
Event: 6.056 Thread 0x000001b257280000 1337       4       java.lang.String::checkBoundsBeginEnd (63 bytes)
Event: 6.057 Thread 0x000001b257c1c800 nmethod 1336 0x000001b241a23f10 code [0x000001b241a240c0, 0x000001b241a24378]
Event: 6.057 Thread 0x000001b257c1c800 1338       1       java.net.URL::getUserInfo (5 bytes)
Event: 6.057 Thread 0x000001b257c1c800 nmethod 1338 0x000001b248d9df90 code [0x000001b248d9e120, 0x000001b248d9e1f8]
Event: 6.057 Thread 0x000001b257280000 nmethod 1337 0x000001b248d9e290 code [0x000001b248d9e440, 0x000001b248d9e538]
Event: 6.065 Thread 0x000001b257c1c800 1339       3       java.util.Locale::getDefault (4 bytes)
Event: 6.065 Thread 0x000001b257c1c800 nmethod 1339 0x000001b241a24490 code [0x000001b241a24620, 0x000001b241a24718]
Event: 6.067 Thread 0x000001b257c1c800 1340   !   3       java.awt.EventQueue::setCurrentEventAndMostRecentTimeImpl (191 bytes)
Event: 6.068 Thread 0x000001b257c1c800 nmethod 1340 0x000001b241a24790 code [0x000001b241a24a40, 0x000001b241a261a8]
Event: 6.068 Thread 0x000001b257c1c800 1342       3       sun.java2d.StateTrackableDelegate::markDirty (6 bytes)
Event: 6.068 Thread 0x000001b257c1c800 nmethod 1342 0x000001b241a26690 code [0x000001b241a26820, 0x000001b241a26958]
Event: 6.068 Thread 0x000001b257c1c800 1341       3       java.lang.invoke.Invokers::maybeCustomize (28 bytes)
Event: 6.068 Thread 0x000001b257c1c800 nmethod 1341 0x000001b241a26a10 code [0x000001b241a26bc0, 0x000001b241a26dc8]
Event: 6.114 Thread 0x000001b257c1c800 1344       3       be.derycke.pieter.com.Guid::equals (101 bytes)
Event: 6.115 Thread 0x000001b257c1c800 nmethod 1344 0x000001b241a26e90 code [0x000001b241a27060, 0x000001b241a27658]
Event: 6.130 Thread 0x000001b257c1c800 1346       1       java.security.CodeSource::getLocation (5 bytes)
Event: 6.130 Thread 0x000001b257c1c800 nmethod 1346 0x000001b248d9ef10 code [0x000001b248d9f0a0, 0x000001b248d9f178]

GC Heap History (0 events):
No events

Deoptimization events (20 events):
Event: 1.439 Thread 0x000001b238aa9800 Uncommon trap: trap_request=0xffffff45 fr.pc=0x000001b248d7ce34 relative=0x0000000000000274
Event: 1.439 Thread 0x000001b238aa9800 Uncommon trap: reason=unstable_if action=reinterpret pc=0x000001b248d7ce34 method=java.awt.Font.equals(Ljava/lang/Object;)Z @ 27 c2
Event: 1.440 Thread 0x000001b238aa9800 DEOPT PACKING pc=0x000001b248d7ce34 sp=0x00000061c59fe120
Event: 1.440 Thread 0x000001b238aa9800 DEOPT UNPACKING pc=0x000001b2412a912f sp=0x00000061c59fe0b0 mode 2
Event: 1.448 Thread 0x000001b238aa9800 Uncommon trap: trap_request=0xffffffc6 fr.pc=0x000001b248d7bb68 relative=0x00000000000006a8
Event: 1.448 Thread 0x000001b238aa9800 Uncommon trap: reason=bimorphic_or_optimized_type_check action=maybe_recompile pc=0x000001b248d7bb68 method=java.util.concurrent.ConcurrentHashMap.get(Ljava/lang/Object;)Ljava/lang/Object; @ 149 c2
Event: 1.448 Thread 0x000001b238aa9800 DEOPT PACKING pc=0x000001b248d7bb68 sp=0x00000061c59fdef0
Event: 1.448 Thread 0x000001b238aa9800 DEOPT UNPACKING pc=0x000001b2412a912f sp=0x00000061c59fde80 mode 2
Event: 1.448 Thread 0x000001b238aa9800 Uncommon trap: trap_request=0xffffffc6 fr.pc=0x000001b248d7bb68 relative=0x00000000000006a8
Event: 1.448 Thread 0x000001b238aa9800 Uncommon trap: reason=bimorphic_or_optimized_type_check action=maybe_recompile pc=0x000001b248d7bb68 method=java.util.concurrent.ConcurrentHashMap.get(Ljava/lang/Object;)Ljava/lang/Object; @ 149 c2
Event: 1.448 Thread 0x000001b238aa9800 DEOPT PACKING pc=0x000001b248d7bb68 sp=0x00000061c59fdcb0
Event: 1.448 Thread 0x000001b238aa9800 DEOPT UNPACKING pc=0x000001b2412a912f sp=0x00000061c59fdc40 mode 2
Event: 1.448 Thread 0x000001b238aa9800 Uncommon trap: trap_request=0xffffffc6 fr.pc=0x000001b248d7bb68 relative=0x00000000000006a8
Event: 1.448 Thread 0x000001b238aa9800 Uncommon trap: reason=bimorphic_or_optimized_type_check action=maybe_recompile pc=0x000001b248d7bb68 method=java.util.concurrent.ConcurrentHashMap.get(Ljava/lang/Object;)Ljava/lang/Object; @ 149 c2
Event: 1.448 Thread 0x000001b238aa9800 DEOPT PACKING pc=0x000001b248d7bb68 sp=0x00000061c59fdcb0
Event: 1.448 Thread 0x000001b238aa9800 DEOPT UNPACKING pc=0x000001b2412a912f sp=0x00000061c59fdc40 mode 2
Event: 1.448 Thread 0x000001b238aa9800 Uncommon trap: trap_request=0xffffffc6 fr.pc=0x000001b248d7bb68 relative=0x00000000000006a8
Event: 1.448 Thread 0x000001b238aa9800 Uncommon trap: reason=bimorphic_or_optimized_type_check action=maybe_recompile pc=0x000001b248d7bb68 method=java.util.concurrent.ConcurrentHashMap.get(Ljava/lang/Object;)Ljava/lang/Object; @ 149 c2
Event: 1.448 Thread 0x000001b238aa9800 DEOPT PACKING pc=0x000001b248d7bb68 sp=0x00000061c59fdcb0
Event: 1.448 Thread 0x000001b238aa9800 DEOPT UNPACKING pc=0x000001b2412a912f sp=0x00000061c59fdc40 mode 2

Classes unloaded (0 events):
No events

Classes redefined (0 events):
No events

Internal exceptions (13 events):
Event: 0.491 Thread 0x000001b238aa9800 Exception <a 'java/lang/ClassNotFoundException'{0x00000000895c80d0}: sun/awt/resources/spi/awtProvider> (0x00000000895c80d0) 
thrown [./open/src/hotspot/share/classfile/systemDictionary.cpp, line 226]
Event: 0.505 Thread 0x000001b238aa9800 Exception <a 'java/io/FileNotFoundException'{0x00000000895e4248}> (0x00000000895e4248) 
thrown [./open/src/hotspot/share/prims/jni.cpp, line 599]
Event: 0.516 Thread 0x000001b238aa9800 Exception <a 'java/io/FileNotFoundException'{0x000000008940ac70}> (0x000000008940ac70) 
thrown [./open/src/hotspot/share/prims/jni.cpp, line 599]
Event: 0.581 Thread 0x000001b257f95800 Exception <a 'java/lang/NoSuchMethodError'{0x000000008948a7a8}: 'void java.lang.invoke.DirectMethodHandle$Holder.invokeSpecial(java.lang.Object, java.lang.Object)'> (0x000000008948a7a8) 
thrown [./open/src/hotspot/share/interpreter/linkResolver.cpp, line 766]
Event: 0.660 Thread 0x000001b238aa9800 Exception <a 'java/lang/NoSuchMethodError'{0x0000000089302500}: 'java.lang.Object java.lang.invoke.DirectMethodHandle$Holder.invokeStatic(java.lang.Object, int, java.lang.Object, java.lang.Object, java.lang.Object, java.lang.Object)'> (0x0000000089302500) 
thrown [./open/src/hotspot/share/interpreter/linkResolver.cpp, line 766]
Event: 0.661 Thread 0x000001b238aa9800 Exception <a 'java/lang/NoSuchMethodError'{0x0000000089308e20}: 'java.lang.Object java.lang.invoke.DirectMethodHandle$Holder.invokeStatic(java.lang.Object, int, java.lang.Object, java.lang.Object, java.lang.Object)'> (0x0000000089308e20) 
thrown [./open/src/hotspot/share/interpreter/linkResolver.cpp, line 766]
Event: 0.661 Thread 0x000001b238aa9800 Exception <a 'java/lang/NoSuchMethodError'{0x000000008930c670}: 'java.lang.Object java.lang.invoke.DirectMethodHandle$Holder.invokeSpecial(java.lang.Object, java.lang.Object, int, java.lang.Object, java.lang.Object, java.lang.Object)'> (0x000000008930c670) 
thrown [./open/src/hotspot/share/interpreter/linkResolver.cpp, line 766]
Event: 0.666 Thread 0x000001b238aa9800 Exception <a 'java/lang/NoSuchMethodError'{0x0000000089322a18}: 'java.lang.Object java.lang.invoke.DirectMethodHandle$Holder.invokeStatic(java.lang.Object, int, java.lang.Object)'> (0x0000000089322a18) 
thrown [./open/src/hotspot/share/interpreter/linkResolver.cpp, line 766]
Event: 0.744 Thread 0x000001b238aa9800 Exception <a 'java/lang/ClassNotFoundException'{0x00000000893c6858}: com/sun/swing/internal/plaf/metal/resources/spi/metalProvider> (0x00000000893c6858) 
thrown [./open/src/hotspot/share/classfile/systemDictionary.cpp, line 226]
Event: 0.745 Thread 0x000001b238aa9800 Exception <a 'java/lang/ClassNotFoundException'{0x00000000893ca8c8}: com/sun/swing/internal/plaf/basic/resources/spi/basicProvider> (0x00000000893ca8c8) 
thrown [./open/src/hotspot/share/classfile/systemDictionary.cpp, line 226]
Event: 1.325 Thread 0x000001b238aa9800 Exception <a 'java/lang/NoSuchMethodError'{0x0000000088f18828}: 'void java.lang.invoke.DirectMethodHandle$Holder.invokeStaticInit(java.lang.Object)'> (0x0000000088f18828) 
thrown [./open/src/hotspot/share/interpreter/linkResolver.cpp, line 766]
Event: 1.333 Thread 0x000001b238aa9800 Exception <a 'java/lang/NoSuchMethodError'{0x0000000088f3f1c0}: 'java.lang.Object java.lang.invoke.Invokers$Holder.linkToTargetMethod(java.lang.Object, int, java.lang.Object)'> (0x0000000088f3f1c0) 
thrown [./open/src/hotspot/share/interpreter/linkResolver.cpp, line 766]
Event: 6.129 Thread 0x000001b258ab4000 Exception <a 'be/derycke/pieter/com/COMException'{0x0000000088c4f288}> (0x0000000088c4f288) 
thrown [./open/src/hotspot/share/prims/jni.cpp, line 599]

Events (20 events):
Event: 4.543 Executing VM operation: HandshakeOneThread done
Event: 4.543 Executing VM operation: HandshakeOneThread
Event: 4.543 Executing VM operation: HandshakeOneThread done
Event: 5.420 Loaded shared library C:\Users\lisas\.jdks\openjdk-14.0.2\bin\java.dll
Event: 5.450 Loaded shared library C:\Users\lisas\.jdks\openjdk-14.0.2\bin\java.dll
Event: 6.056 Executing VM operation: HandshakeOneThread
Event: 6.056 Executing VM operation: HandshakeOneThread done
Event: 6.066 Executing VM operation: HandshakeOneThread
Event: 6.066 Executing VM operation: HandshakeOneThread done
Event: 6.066 Thread 0x000001b258ab4000 Thread added: 0x000001b258ab4000
Event: 6.129 Executing VM operation: HandshakeOneThread
Event: 6.129 Executing VM operation: HandshakeOneThread done
Event: 6.129 Executing VM operation: HandshakeOneThread
Event: 6.129 Executing VM operation: HandshakeOneThread done
Event: 6.129 Executing VM operation: HandshakeOneThread
Event: 6.129 Executing VM operation: HandshakeOneThread done
Event: 6.129 Executing VM operation: HandshakeOneThread
Event: 6.130 Executing VM operation: HandshakeOneThread done
Event: 6.130 Executing VM operation: HandshakeOneThread
Event: 6.130 Executing VM operation: HandshakeOneThread done


Dynamic libraries:
0x00007ff71c230000 - 0x00007ff71c23d000 	C:\Users\lisas\.jdks\openjdk-14.0.2\bin\java.exe
0x00007ffa4a850000 - 0x00007ffa4aa45000 	C:\WINDOWS\SYSTEM32\ntdll.dll
0x00007ffa48df0000 - 0x00007ffa48ead000 	C:\WINDOWS\System32\KERNEL32.DLL
0x00007ffa48330000 - 0x00007ffa485f7000 	C:\WINDOWS\System32\KERNELBASE.dll
0x00007ffa47f90000 - 0x00007ffa48090000 	C:\WINDOWS\System32\ucrtbase.dll
0x00007ffa3c380000 - 0x00007ffa3c398000 	C:\Users\lisas\.jdks\openjdk-14.0.2\bin\jli.dll
0x00007ffa4a3c0000 - 0x00007ffa4a560000 	C:\WINDOWS\System32\USER32.dll
0x00007ffa48880000 - 0x00007ffa488a2000 	C:\WINDOWS\System32\win32u.dll
0x00007ffa49960000 - 0x00007ffa4998a000 	C:\WINDOWS\System32\GDI32.dll
0x00007ffa48090000 - 0x00007ffa48199000 	C:\WINDOWS\System32\gdi32full.dll
0x00007ffa48600000 - 0x00007ffa4869d000 	C:\WINDOWS\System32\msvcp_win.dll
0x00007ffa38550000 - 0x00007ffa38565000 	C:\Users\lisas\.jdks\openjdk-14.0.2\bin\VCRUNTIME140.dll
0x00007ffa396d0000 - 0x00007ffa3996b000 	C:\WINDOWS\WinSxS\amd64_microsoft.windows.common-controls_6595b64144ccf1df_6.0.19041.488_none_ca04af081b815d21\COMCTL32.dll
0x00007ffa488b0000 - 0x00007ffa4894e000 	C:\WINDOWS\System32\msvcrt.dll
0x00007ffa48dc0000 - 0x00007ffa48df0000 	C:\WINDOWS\System32\IMM32.DLL
0x00007ffa30e70000 - 0x00007ffa30f0b000 	C:\Users\lisas\.jdks\openjdk-14.0.2\bin\msvcp140.dll
0x00007ff9e7f40000 - 0x00007ff9e8a5e000 	C:\Users\lisas\.jdks\openjdk-14.0.2\bin\server\jvm.dll
0x00007ffa49f50000 - 0x00007ffa49ffa000 	C:\WINDOWS\System32\ADVAPI32.dll
0x00007ffa4a060000 - 0x00007ffa4a0fb000 	C:\WINDOWS\System32\sechost.dll
0x00007ffa49bf0000 - 0x00007ffa49d14000 	C:\WINDOWS\System32\RPCRT4.dll
0x00007ffa4a190000 - 0x00007ffa4a198000 	C:\WINDOWS\System32\PSAPI.DLL
0x00007ffa467a0000 - 0x00007ffa467a9000 	C:\WINDOWS\SYSTEM32\WSOCK32.dll
0x00007ffa49b80000 - 0x00007ffa49beb000 	C:\WINDOWS\System32\WS2_32.dll
0x00007ffa39d20000 - 0x00007ffa39d47000 	C:\WINDOWS\SYSTEM32\WINMM.dll
0x00007ffa3c4f0000 - 0x00007ffa3c4fa000 	C:\WINDOWS\SYSTEM32\VERSION.dll
0x00007ffa46ba0000 - 0x00007ffa46bb3000 	C:\WINDOWS\SYSTEM32\kernel.appcore.dll
0x00007ffa3c510000 - 0x00007ffa3c51a000 	C:\Users\lisas\.jdks\openjdk-14.0.2\bin\jimage.dll
0x00007ffa46540000 - 0x00007ffa46724000 	C:\WINDOWS\SYSTEM32\DBGHELP.DLL
0x00007ffa3c000000 - 0x00007ffa3c02c000 	C:\WINDOWS\SYSTEM32\dbgcore.DLL
0x00007ffa48750000 - 0x00007ffa487cf000 	C:\WINDOWS\System32\bcryptPrimitives.dll
0x00007ffa3af20000 - 0x00007ffa3af2e000 	C:\Users\lisas\.jdks\openjdk-14.0.2\bin\instrument.dll
0x00007ffa382d0000 - 0x00007ffa382f5000 	C:\Users\lisas\.jdks\openjdk-14.0.2\bin\java.dll
0x00007ffa38530000 - 0x00007ffa38546000 	C:\Users\lisas\.jdks\openjdk-14.0.2\bin\zip.dll
0x00007ffa49210000 - 0x00007ffa49951000 	C:\WINDOWS\System32\SHELL32.dll
0x00007ffa45ce0000 - 0x00007ffa46473000 	C:\WINDOWS\SYSTEM32\windows.storage.dll
0x00007ffa48eb0000 - 0x00007ffa49205000 	C:\WINDOWS\System32\combase.dll
0x00007ffa47a00000 - 0x00007ffa47a2c000 	C:\WINDOWS\SYSTEM32\Wldp.dll
0x00007ffa49ad0000 - 0x00007ffa49b7e000 	C:\WINDOWS\System32\SHCORE.dll
0x00007ffa49990000 - 0x00007ffa499e5000 	C:\WINDOWS\System32\shlwapi.dll
0x00007ffa47ec0000 - 0x00007ffa47ee6000 	C:\WINDOWS\SYSTEM32\profapi.dll
0x00007ffa352f0000 - 0x00007ffa35309000 	C:\Users\lisas\.jdks\openjdk-14.0.2\bin\net.dll
0x00007ffa39240000 - 0x00007ffa39340000 	C:\WINDOWS\SYSTEM32\WINHTTP.dll
0x00007ffa47780000 - 0x00007ffa477ea000 	C:\WINDOWS\system32\mswsock.dll
0x00007ffa35110000 - 0x00007ffa35122000 	C:\Users\lisas\.jdks\openjdk-14.0.2\bin\nio.dll
0x00007ffa350d0000 - 0x00007ffa350ea000 	C:\Program Files\JetBrains\IntelliJ IDEA Community Edition 2020.2.1\bin\breakgen64.dll
0x00007ffa30e50000 - 0x00007ffa30e65000 	C:\Users\lisas\Desktop\RFIDreader\jmtp64.dll
0x00007ffa4a220000 - 0x00007ffa4a349000 	C:\WINDOWS\System32\ole32.dll
0x00007ffa4a620000 - 0x00007ffa4a6ed000 	C:\WINDOWS\System32\OLEAUT32.dll
0x00007ffa4a560000 - 0x00007ffa4a608000 	C:\WINDOWS\System32\clbcatq.dll
0x00007ffa130c0000 - 0x00007ffa13161000 	C:\Windows\System32\PortableDeviceApi.dll
0x00007ffa48950000 - 0x00007ffa48db7000 	C:\WINDOWS\System32\SETUPAPI.dll
0x00007ffa486a0000 - 0x00007ffa486ed000 	C:\WINDOWS\System32\cfgmgr32.dll
0x00007ffa48300000 - 0x00007ffa48327000 	C:\WINDOWS\System32\bcrypt.dll
0x00007ffa47d60000 - 0x00007ffa47d8c000 	C:\WINDOWS\System32\DEVOBJ.dll
0x00007ffa41c50000 - 0x00007ffa41c81000 	C:\Windows\System32\PortableDeviceTypes.dll
0x00007ffa42d30000 - 0x00007ffa42e27000 	C:\Windows\System32\PROPSYS.dll
0x00007ffa486f0000 - 0x00007ffa48750000 	C:\WINDOWS\System32\WINTRUST.dll
0x00007ffa481a0000 - 0x00007ffa482fd000 	C:\WINDOWS\System32\CRYPT32.dll
0x00007ffa47b80000 - 0x00007ffa47b92000 	C:\WINDOWS\System32\MSASN1.dll
0x00007ffa30cb0000 - 0x00007ffa30e48000 	C:\Users\lisas\.jdks\openjdk-14.0.2\bin\awt.dll
0x00007ffa45500000 - 0x00007ffa45590000 	C:\WINDOWS\SYSTEM32\apphelp.dll
0x00007ffa45800000 - 0x00007ffa4582f000 	C:\WINDOWS\system32\DWMAPI.DLL
0x00007ffa45610000 - 0x00007ffa456af000 	C:\WINDOWS\system32\uxtheme.dll
0x00007ffa1fc50000 - 0x00007ffa1fd75000 	C:\WINDOWS\system32\opengl32.dll
0x00007ffa22200000 - 0x00007ffa2222c000 	C:\WINDOWS\SYSTEM32\GLU32.dll
0x00007ffa4a6f0000 - 0x00007ffa4a805000 	C:\WINDOWS\System32\MSCTF.dll
0x00007ffa30c10000 - 0x00007ffa30c92000 	C:\Users\lisas\.jdks\openjdk-14.0.2\bin\freetype.dll
0x00007ffa30b60000 - 0x00007ffa30c06000 	C:\Users\lisas\.jdks\openjdk-14.0.2\bin\fontmanager.dll
0x00007ffa41cd0000 - 0x00007ffa41e84000 	C:\WINDOWS\SYSTEM32\WindowsCodecs.dll
0x00007ffa24cf0000 - 0x00007ffa24d2e000 	C:\WINDOWS\system32\dataexchange.dll
0x00007ffa44b00000 - 0x00007ffa44ce5000 	C:\WINDOWS\system32\dcomp.dll
0x00007ffa442d0000 - 0x00007ffa44533000 	C:\WINDOWS\system32\d3d11.dll
0x00007ffa468b0000 - 0x00007ffa469a3000 	C:\WINDOWS\system32\dxgi.dll
0x00007ffa437d0000 - 0x00007ffa439d7000 	C:\WINDOWS\system32\twinapi.appcore.dll
0x00007ffa37e20000 - 0x00007ffa37f1d000 	C:\WINDOWS\SYSTEM32\textinputframework.dll
0x00007ffa44cf0000 - 0x00007ffa4504a000 	C:\WINDOWS\System32\CoreUIComponents.dll
0x00007ffa43d70000 - 0x00007ffa43e62000 	C:\WINDOWS\System32\CoreMessaging.dll
0x00007ffa46cc0000 - 0x00007ffa46cf3000 	C:\WINDOWS\SYSTEM32\ntmarta.dll
0x00007ffa43b70000 - 0x00007ffa43cc6000 	C:\WINDOWS\SYSTEM32\wintypes.dll

dbghelp: loaded successfully - version: 4.0.5 - missing functions: none
symbol engine: initialized successfully - sym options: 0x614 - pdb path: .;C:\Users\lisas\.jdks\openjdk-14.0.2\bin;C:\WINDOWS\SYSTEM32;C:\WINDOWS\WinSxS\amd64_microsoft.windows.common-controls_6595b64144ccf1df_6.0.19041.488_none_ca04af081b815d21;C:\Users\lisas\.jdks\openjdk-14.0.2\bin\server;C:\Program Files\JetBrains\IntelliJ IDEA Community Edition 2020.2.1\bin;C:\Users\lisas\Desktop\RFIDreader

VM Arguments:
jvm_args: -Djava.library.path=C:\Users\lisas\Desktop\RFIDreader -javaagent:C:\Program Files\JetBrains\IntelliJ IDEA Community Edition 2020.2.1\lib\idea_rt.jar=50423:C:\Program Files\JetBrains\IntelliJ IDEA Community Edition 2020.2.1\bin -Dfile.encoding=UTF-8 
java_command: com.company.Main
java_class_path (initial): C:\Users\lisas\Documents\RFIDreader\out\production\RFIDreader;C:\Users\lisas\Desktop\RFIDreader\jmtp.jar
Launcher Type: SUN_STANDARD

[Global flags]
     intx CICompilerCount                          = 3                                         {product} {ergonomic}
     uint ConcGCThreads                            = 1                                         {product} {ergonomic}
     uint G1ConcRefinementThreads                  = 4                                         {product} {ergonomic}
   size_t G1HeapRegionSize                         = 1048576                                   {product} {ergonomic}
    uintx GCDrainStackTargetSize                   = 64                                        {product} {ergonomic}
   size_t InitialHeapSize                          = 134217728                                 {product} {ergonomic}
   size_t MarkStackSize                            = 4194304                                   {product} {ergonomic}
   size_t MaxHeapSize                              = 2122317824                                {product} {ergonomic}
   size_t MaxNewSize                               = 1272971264                                {product} {ergonomic}
   size_t MinHeapDeltaBytes                        = 1048576                                   {product} {ergonomic}
   size_t MinHeapSize                              = 8388608                                   {product} {ergonomic}
    uintx NonNMethodCodeHeapSize                   = 5832780                                {pd product} {ergonomic}
    uintx NonProfiledCodeHeapSize                  = 122912730                              {pd product} {ergonomic}
    uintx ProfiledCodeHeapSize                     = 122912730                              {pd product} {ergonomic}
    uintx ReservedCodeCacheSize                    = 251658240                              {pd product} {ergonomic}
     bool SegmentedCodeCache                       = true                                      {product} {ergonomic}
   size_t SoftMaxHeapSize                          = 2122317824                             {manageable} {ergonomic}
     bool UseCompressedClassPointers               = true                                 {lp64_product} {ergonomic}
     bool UseCompressedOops                        = true                                 {lp64_product} {ergonomic}
     bool UseG1GC                                  = true                                      {product} {ergonomic}
     bool UseLargePagesIndividualAllocation        = false                                  {pd product} {ergonomic}

Logging:
Log output configuration:
 #0: stdout all=warning uptime,level,tags
 #1: stderr all=off uptime,level,tags

Environment Variables:
JAVA_HOME=C:\Program Files\Java\jdk-11.0.1\bin
PATH=C:\Program Files\Common Files\Oracle\Java\javapath;C:\Program Files (x86)\Common Files\Oracle\Java\javapath;C:\Program Files\Java\jdk-11.0.1\bin;C:\Program Files (x86)\Intel\iCLS Client\;C:\Program Files\Intel\iCLS Client\;C:\WINDOWS\system32;C:\WINDOWS;C:\WINDOWS\System32\Wbem;C:\WINDOWS\System32\WindowsPowerShell\v1.0\;C:\Program Files (x86)\Intel\Intel(R) Management Engine Components\DAL;C:\Program Files\Intel\Intel(R) Management Engine Components\DAL;C:\Program Files (x86)\Intel\Intel(R) Management Engine Components\IPT;C:\Program Files\Intel\Intel(R) Management Engine Components\IPT;c:\Program Files (x86)\ATI Technologies\ATI.ACE\Core-Static;C:\Program Files\Microsoft SQL Server\130\Tools\Binn\;C:\Program Files (x86)\Windows Kits\10\Windows Performance Toolkit\;C:\Program Files (x86)\GtkSharp\2.12\bin;C:\WINDOWS\System32\OpenSSH\;C:\Program Files\Java\jdk1.8.0_101\bin;C:\ProgramData\Oracle\Java\javapath;C:\Program Files\MiKTeX 2.9\miktex\bin\x64\;C:\Program Files\Git\cmd;C:\Users\lisas\AppData\Local\Microsoft\WindowsApps;C:\Program Files\Java\jdk-11.0.1\bin;;C:\Program Files\JetBrains\IntelliJ IDEA Community Edition 2020.2.1\bin;;C:\Program Files\JetBrains\IntelliJ IDEA 2020.2.1\bin;
USERNAME=lisas
OS=Windows_NT
PROCESSOR_IDENTIFIER=Intel64 Family 6 Model 78 Stepping 3, GenuineIntel



---------------  S Y S T E M  ---------------

OS: Windows 10 , 64 bit Build 19041 (10.0.19041.292)
OS uptime: 0 days 1:27 hours

CPU:total 4 (initial active 4) (2 cores per cpu, 2 threads per core) family 6 model 78 stepping 3, cmov, cx8, fxsr, mmx, sse, sse2, sse3, ssse3, sse4.1, sse4.2, popcnt, avx, avx2, aes, clmul, erms, 3dnowpref, lzcnt, ht, tsc, tscinvbit, bmi1, bmi2, adx, fma

Memory: 4k page, system-wide physical 8090M (3683M free)
TotalPageFile size 9754M (AvailPageFile size 4971M)
current process WorkingSet (physical memory assigned to process): 77M, peak: 86M
current process commit charge ("private bytes"): 226M, peak: 236M

vm_info: OpenJDK 64-Bit Server VM (14.0.2+12-46) for windows-amd64 JRE (14.0.2+12-46), built on Jul  9 2020 00:31:16 by "mach5one" with MS VC++ 15.9 (VS2017)

END.
