#
# A fatal error has been detected by the Java Runtime Environment:
#
#  EXCEPTION_ACCESS_VIOLATION (0xc0000005) at pc=0x00007ffe2f5672a6, pid=1684, tid=13260
#
# JRE version: OpenJDK Runtime Environment (14.0.2+12) (build 14.0.2+12-46)
# Java VM: OpenJDK 64-Bit Server VM (14.0.2+12-46, mixed mode, sharing, tiered, compressed oops, g1 gc, windows-amd64)
# Problematic frame:
# C  [ntdll.dll+0x72a6]
#
# No core dump will be written. Minidumps are not enabled by default on client versions of Windows
#
# If you would like to submit a bug report, please visit:
#   https://bugreport.java.com/bugreport/crash.jsp
# The crash happened outside the Java Virtual Machine in native code.
# See problematic frame for where to report the bug.
#

---------------  S U M M A R Y ------------

Command Line: -agentlib:jdwp=transport=dt_socket,address=127.0.0.1:50541,suspend=y,server=n -Djava.library.path=C:\Users\lisas\Desktop\RFIDreader -javaagent:C:\Users\lisas\AppData\Local\JetBrains\IdeaIC2020.2\captureAgent\debugger-agent.jar -Dfile.encoding=UTF-8 com.company.Main

Host: Intel(R) Core(TM) i5-6200U CPU @ 2.30GHz, 4 cores, 7G,  Windows 10 , 64 bit Build 18362 (10.0.18362.1082)
Time: Fri Oct  2 14:05:41 2020 Mitteleuropäische Sommerzeit elapsed time: 141 seconds (0d 0h 2m 21s)

---------------  T H R E A D  ---------------

Current thread (0x000001eca8aae000):  JavaThread "main" [_thread_in_native, id=13260, stack(0x000000ba4d100000,0x000000ba4d200000)]

Stack: [0x000000ba4d100000,0x000000ba4d200000],  sp=0x000000ba4d1fea00,  free space=1018k
Native frames: (J=compiled Java code, j=interpreted, Vv=VM code, C=native code)
C  [ntdll.dll+0x72a6]
C  [ntdll.dll+0x1b576]
C  [ntdll.dll+0x1b3c0]
C  [PortableDeviceTypes.dll+0x3fe1]

Java frames: (J=compiled Java code, j=interpreted, Vv=VM code)
j  jmtp.PortableDeviceKeyCollectionImplWin32.clear()V+0
j  jmtp.WPDImplWin32.convertToPortableDeviceObject(Ljava/lang/String;Ljmtp/PortableDeviceContentImplWin32;Ljmtp/PortableDevicePropertiesImplWin32;)Ljmtp/PortableDeviceObjectImplWin32;+29
j  jmtp.PortableDeviceImplWin32.getRootObjects()[Ljmtp/PortableDeviceObject;+44
j  com.company.MTPFileManager.getStorage()Ljmtp/PortableDeviceStorageObject;+4
j  com.company.MTPFileManager.getFiles(Ljava/lang/String;)Ljava/util/ArrayList;+14
j  com.company.RFIDUI.syncDel(Ljava/lang/Boolean;)Ljavax/swing/JPanel;+308
j  com.company.RFIDUI.MainUISetup()V+102
j  com.company.RFIDUI.<init>(Lcom/company/Main;)V+30
j  com.company.Main.main([Ljava/lang/String;)V+86
v  ~StubRoutines::call_stub

siginfo: EXCEPTION_ACCESS_VIOLATION (0xc0000005), writing address 0x0000000000000024


Register to memory mapping:

RIP=0x00007ffe2f5672a6 ntdll.dll
RAX=0x0 is NULL
RBX=0x000001ecc8007f90 points into unknown readable memory: 00 00 00 00 00 00 00 00
RCX=0x000001ecc8007f90 points into unknown readable memory: 00 00 00 00 00 00 00 00
RDX=
[error occurred during error reporting (printing register info), id 0xc0000005, EXCEPTION_ACCESS_VIOLATION (0xc0000005) at pc=0x00007ffdd2fe1c94]

Registers:
RAX=0x0000000000000000, RBX=0x000001ecc8007f90, RCX=0x000001ecc8007f90, RDX=0x00000000fffffffa
RSP=0x000000ba4d1fea00, RBP=0x000000ba4d1fec00, RSI=0x0000000000000000, RDI=0x0000000000000000
R8 =0x0000000000000000, R9 =0x000001ecc8007f00, R10=0x000001eca6a0c040, R11=0x000000ba4d1feb80
R12=0x0000000000000000, R13=0x000000ba4cc6d000, R14=0x0000000000000001, R15=0x0000000000000000
RIP=0x00007ffe2f5672a6, EFLAGS=0x0000000000010213

Top of Stack: (sp=0x000000ba4d1fea00)
0x000000ba4d1fea00:   ffffffffffffffff 000001ecc8007f90
0x000000ba4d1fea10:   000001ecc7f24c40 0000000088c26e18
0x000000ba4d1fea20:   0000000000000001 000001eca8aae000
0x000000ba4d1fea30:   0000000000000000 00007ffdd340d97d
0x000000ba4d1fea40:   000001ecc800f100 000000bafffffffa
0x000000ba4d1fea50:   000000ba4cc6d000 00007ffdd30f013c
0x000000ba4d1fea60:   000000000000001f 000000ba4d1fea18
0x000000ba4d1fea70:   000000ba4d1fea59 0000000800000001
0x000000ba4d1fea80:   000001eca6a01e00 0000000000000000
0x000000ba4d1fea90:   00005df96a60f7ab 0000000000000001
0x000000ba4d1feaa0:   000001eca8aae000 0000000000000001
0x000000ba4d1feab0:   0000000000000001 0000000000000001
0x000000ba4d1feac0:   0000000000000000 000001ecc8007f90
0x000000ba4d1fead0:   000000ba4d1fec00 00007ffe2f57b576
0x000000ba4d1feae0:   000001ecc7f24c40 00007ffdd30b9d90
0x000000ba4d1feaf0:   00000000fffffffa 0000000000000000 

Instructions: (pc=0x00007ffe2f5672a6)
0x00007ffe2f5671a6:   eb e8 48 8b c1 48 33 c2 83 e0 03 48 33 c8 e9 d8
0x00007ffe2f5671b6:   fe ff ff 49 83 63 18 00 49 8b 40 20 49 89 43 20
0x00007ffe2f5671c6:   e9 ed fe ff ff 48 89 41 18 e9 e4 fe ff ff cc cc
0x00007ffe2f5671d6:   cc cc cc cc cc cc cc cc cc cc 80 3d 21 e2 15 00
0x00007ffe2f5671e6:   00 0f 95 c0 c3 cc cc cc cc cc cc cc cc cc cc cc
0x00007ffe2f5671f6:   cc cc cc cc cc cc cc cc cc cc 48 89 5c 24 18 55
0x00007ffe2f567206:   56 57 41 54 41 55 41 56 41 57 48 81 ec a0 00 00
0x00007ffe2f567216:   00 48 8b 05 c2 62 17 00 48 33 c4 48 89 84 24 90
0x00007ffe2f567226:   00 00 00 65 4c 8b 2c 25 30 00 00 00 48 8d 05 bf
0x00007ffe2f567236:   82 15 00 40 32 ed 89 54 24 48 33 f6 40 88 6c 24
0x00007ffe2f567246:   40 4c 89 6c 24 50 48 8b d9 44 8b e6 48 3b c8 0f
0x00007ffe2f567256:   84 38 01 00 00 40 38 35 a6 e1 15 00 0f 85 9b 01
0x00007ffe2f567266:   00 00 39 35 ba e1 15 00 0f 85 5d 01 00 00 40 38
0x00007ffe2f567276:   35 7d dc 15 00 48 8d 3d 7e dc 15 00 48 0f 45 fe
0x00007ffe2f567286:   48 39 73 18 0f 84 d1 00 00 00 48 8b 03 48 83 f8
0x00007ffe2f567296:   ff 0f 84 d1 00 00 00 44 8b fe 48 83 f8 ff 74 03
0x00007ffe2f5672a6:   ff 40 24 4c 8b 73 18 4c 8d 2d 44 82 15 00 bd 22
0x00007ffe2f5672b6:   17 00 00 e8 72 89 03 00 85 c0 0f 85 5e 0b 0a 00
0x00007ffe2f5672c6:   b9 82 03 fe 7f 80 39 00 0f 85 6c 0b 0a 00 49 83
0x00007ffe2f5672d6:   fe ff 0f 85 fa 0b 0a 00 4c 8b cf c7 44 24 20 00
0x00007ffe2f5672e6:   00 00 00 41 b8 04 00 00 00 48 8d 54 24 48 48 8d
0x00007ffe2f5672f6:   4b 08 e8 27 01 00 00 3d 02 01 00 00 0f 84 e3 0b
0x00007ffe2f567306:   0a 00 8b 4b 08 89 4c 24 48 f6 c1 02 75 ca 3d 02
0x00007ffe2f567316:   01 00 00 0f 84 cc 0b 0a 00 0f b6 6c 24 40 4c 8b
0x00007ffe2f567326:   6c 24 50 85 c0 0f 88 8d 0c 0a 00 40 84 ed 75 72
0x00007ffe2f567336:   48 8b 8c 24 90 00 00 00 48 33 cc e8 ea 4d 08 00
0x00007ffe2f567346:   48 8b 9c 24 f0 00 00 00 48 81 c4 a0 00 00 00 41
0x00007ffe2f567356:   5f 41 5e 41 5d 41 5c 5f 5e 5d c3 48 8b cb e8 e7
0x00007ffe2f567366:   04 00 00 e9 22 ff ff ff 8b 4b 20 48 c7 c0 ff ff
0x00007ffe2f567376:   ff ff 48 0f ba e1 18 0f 82 1a ff ff ff 48 8b cb
0x00007ffe2f567386:   e8 b5 c6 02 00 48 8b 03 e9 0a ff ff ff c6 44 24
0x00007ffe2f567396:   40 01 41 c7 85 60 17 00 00 01 00 00 00 e9 b3 fe 


Stack slot to memory mapping:
stack at sp + 0 slots: 0xffffffffffffffff is an unknown value
stack at sp + 1 slots: 0x000001ecc8007f90 points into unknown readable memory: 00 00 00 00 00 00 00 00
stack at sp + 2 slots: 0x000001ecc7f24c40 points into unknown readable memory: 05 00 22 00 3c 88 62 65
stack at sp + 3 slots: 0x0000000088c26e18 is an oop: be.derycke.pieter.com.COMReference 
{0x0000000088c26e18} - klass: 'be/derycke/pieter/com/COMReference'
stack at sp + 4 slots: 0x0000000000000001 is an unknown value
stack at sp + 5 slots: 0x000001eca8aae000 is a thread
stack at sp + 6 slots: 0x0 is NULL
stack at sp + 7 slots: 0x00007ffdd340d97d jvm.dll


---------------  P R O C E S S  ---------------

Threads class SMR info:
_java_thread_list=0x000001ecc852d780, length=16, elements={
0x000001eca8aae000, 0x000001ecc7261000, 0x000001ecc7262800, 0x000001ecc7277000,
0x000001ecc727a800, 0x000001ecc727c800, 0x000001ecc727d800, 0x000001ecc7282800,
0x000001ecc7288000, 0x000001ecc723e800, 0x000001ecc7d92000, 0x000001ecc7efb000,
0x000001ecc842a800, 0x000001ecc850f800, 0x000001ecc7d33000, 0x000001ecc842d000
}

Java Threads: ( => current thread )
=>0x000001eca8aae000 JavaThread "main" [_thread_in_native, id=13260, stack(0x000000ba4d100000,0x000000ba4d200000)]
  0x000001ecc7261000 JavaThread "Reference Handler" daemon [_thread_blocked, id=8348, stack(0x000000ba4d800000,0x000000ba4d900000)]
  0x000001ecc7262800 JavaThread "Finalizer" daemon [_thread_blocked, id=6768, stack(0x000000ba4d900000,0x000000ba4da00000)]
  0x000001ecc7277000 JavaThread "Signal Dispatcher" daemon [_thread_blocked, id=8108, stack(0x000000ba4da00000,0x000000ba4db00000)]
  0x000001ecc727a800 JavaThread "Attach Listener" daemon [_thread_blocked, id=3984, stack(0x000000ba4db00000,0x000000ba4dc00000)]
  0x000001ecc727c800 JavaThread "Service Thread" daemon [_thread_blocked, id=9700, stack(0x000000ba4dc00000,0x000000ba4dd00000)]
  0x000001ecc727d800 JavaThread "C2 CompilerThread0" daemon [_thread_blocked, id=4628, stack(0x000000ba4dd00000,0x000000ba4de00000)]
  0x000001ecc7282800 JavaThread "C1 CompilerThread0" daemon [_thread_blocked, id=12116, stack(0x000000ba4de00000,0x000000ba4df00000)]
  0x000001ecc7288000 JavaThread "Sweeper thread" daemon [_thread_blocked, id=8268, stack(0x000000ba4df00000,0x000000ba4e000000)]
  0x000001ecc723e800 JavaThread "Common-Cleaner" daemon [_thread_blocked, id=10596, stack(0x000000ba4e000000,0x000000ba4e100000)]
  0x000001ecc7d92000 JavaThread "JDWP Event Helper Thread" daemon [_thread_blocked, id=6576, stack(0x000000ba4e200000,0x000000ba4e300000)]
  0x000001ecc7efb000 JavaThread "Notification Thread" daemon [_thread_blocked, id=4116, stack(0x000000ba4e400000,0x000000ba4e500000)]
  0x000001ecc842a800 JavaThread "Java2D Disposer" daemon [_thread_blocked, id=12104, stack(0x000000ba4ea00000,0x000000ba4eb00000)]
  0x000001ecc850f800 JavaThread "SIGINT handler" daemon [_thread_blocked, id=12536, stack(0x000000ba4ce00000,0x000000ba4cf00000)]
  0x000001ecc7d33000 JavaThread "AWT-Shutdown" [_thread_blocked, id=12032, stack(0x000000ba4e100000,0x000000ba4e200000)]
  0x000001ecc842d000 JavaThread "AWT-EventQueue-0" [_thread_blocked, id=4220, stack(0x000000ba4cf00000,0x000000ba4d000000)]

Other Threads:
  0x000001ecc725b000 VMThread "VM Thread" [stack: 0x000000ba4d700000,0x000000ba4d800000] [id=9064]
  0x000001ecc7efc000 WatcherThread [stack: 0x000000ba4e500000,0x000000ba4e600000] [id=5804]
  0x000001eca8af0800 GCTaskThread "GC Thread#0" [stack: 0x000000ba4d200000,0x000000ba4d300000] [id=13144]
  0x000001eca8b02000 ConcurrentGCThread "G1 Main Marker" [stack: 0x000000ba4d300000,0x000000ba4d400000] [id=10800]
  0x000001eca8b03000 ConcurrentGCThread "G1 Conc#0" [stack: 0x000000ba4d400000,0x000000ba4d500000] [id=10692]
  0x000001ecc70d0800 ConcurrentGCThread "G1 Refine#0" [stack: 0x000000ba4d500000,0x000000ba4d600000] [id=4688]
  0x000001ecc70d1800 ConcurrentGCThread "G1 Young RemSet Sampling" [stack: 0x000000ba4d600000,0x000000ba4d700000] [id=6724]

Threads with active compile tasks:

VM state:not at safepoint (normal execution)

VM Mutex/Monitor currently owned by a thread: None

Heap address: 0x0000000081800000, size: 2024 MB, Compressed Oops mode: 32-bit
Narrow klass base: 0x0000000800000000, Narrow klass shift: 3
Compressed class space size: 1073741824 Address: 0x0000000800b30000

Heap:
 garbage-first heap   total 131072K, used 11264K [0x0000000081800000, 0x0000000100000000)
  region size 1024K, 13 young (13312K), 0 survivors (0K)
 Metaspace       used 7392K, capacity 7603K, committed 7680K, reserved 1056768K
  class space    used 886K, capacity 988K, committed 1024K, reserved 1048576K
Heap Regions: E=young(eden), S=young(survivor), O=old, HS=humongous(starts), HC=humongous(continues), CS=collection set, F=free, OA=open archive, CA=closed archive, TAMS=top-at-mark-start (previous, next)
|   0|0x0000000081800000, 0x0000000081800000, 0x0000000081900000|  0%| F|  |TAMS 0x0000000081800000, 0x0000000081800000| Untracked 
|   1|0x0000000081900000, 0x0000000081900000, 0x0000000081a00000|  0%| F|  |TAMS 0x0000000081900000, 0x0000000081900000| Untracked 
|   2|0x0000000081a00000, 0x0000000081a00000, 0x0000000081b00000|  0%| F|  |TAMS 0x0000000081a00000, 0x0000000081a00000| Untracked 
|   3|0x0000000081b00000, 0x0000000081b00000, 0x0000000081c00000|  0%| F|  |TAMS 0x0000000081b00000, 0x0000000081b00000| Untracked 
|   4|0x0000000081c00000, 0x0000000081c00000, 0x0000000081d00000|  0%| F|  |TAMS 0x0000000081c00000, 0x0000000081c00000| Untracked 
|   5|0x0000000081d00000, 0x0000000081d00000, 0x0000000081e00000|  0%| F|  |TAMS 0x0000000081d00000, 0x0000000081d00000| Untracked 
|   6|0x0000000081e00000, 0x0000000081e00000, 0x0000000081f00000|  0%| F|  |TAMS 0x0000000081e00000, 0x0000000081e00000| Untracked 
|   7|0x0000000081f00000, 0x0000000081f00000, 0x0000000082000000|  0%| F|  |TAMS 0x0000000081f00000, 0x0000000081f00000| Untracked 
|   8|0x0000000082000000, 0x0000000082000000, 0x0000000082100000|  0%| F|  |TAMS 0x0000000082000000, 0x0000000082000000| Untracked 
|   9|0x0000000082100000, 0x0000000082100000, 0x0000000082200000|  0%| F|  |TAMS 0x0000000082100000, 0x0000000082100000| Untracked 
|  10|0x0000000082200000, 0x0000000082200000, 0x0000000082300000|  0%| F|  |TAMS 0x0000000082200000, 0x0000000082200000| Untracked 
|  11|0x0000000082300000, 0x0000000082300000, 0x0000000082400000|  0%| F|  |TAMS 0x0000000082300000, 0x0000000082300000| Untracked 
|  12|0x0000000082400000, 0x0000000082400000, 0x0000000082500000|  0%| F|  |TAMS 0x0000000082400000, 0x0000000082400000| Untracked 
|  13|0x0000000082500000, 0x0000000082500000, 0x0000000082600000|  0%| F|  |TAMS 0x0000000082500000, 0x0000000082500000| Untracked 
|  14|0x0000000082600000, 0x0000000082600000, 0x0000000082700000|  0%| F|  |TAMS 0x0000000082600000, 0x0000000082600000| Untracked 
|  15|0x0000000082700000, 0x0000000082700000, 0x0000000082800000|  0%| F|  |TAMS 0x0000000082700000, 0x0000000082700000| Untracked 
|  16|0x0000000082800000, 0x0000000082800000, 0x0000000082900000|  0%| F|  |TAMS 0x0000000082800000, 0x0000000082800000| Untracked 
|  17|0x0000000082900000, 0x0000000082900000, 0x0000000082a00000|  0%| F|  |TAMS 0x0000000082900000, 0x0000000082900000| Untracked 
|  18|0x0000000082a00000, 0x0000000082a00000, 0x0000000082b00000|  0%| F|  |TAMS 0x0000000082a00000, 0x0000000082a00000| Untracked 
|  19|0x0000000082b00000, 0x0000000082b00000, 0x0000000082c00000|  0%| F|  |TAMS 0x0000000082b00000, 0x0000000082b00000| Untracked 
|  20|0x0000000082c00000, 0x0000000082c00000, 0x0000000082d00000|  0%| F|  |TAMS 0x0000000082c00000, 0x0000000082c00000| Untracked 
|  21|0x0000000082d00000, 0x0000000082d00000, 0x0000000082e00000|  0%| F|  |TAMS 0x0000000082d00000, 0x0000000082d00000| Untracked 
|  22|0x0000000082e00000, 0x0000000082e00000, 0x0000000082f00000|  0%| F|  |TAMS 0x0000000082e00000, 0x0000000082e00000| Untracked 
|  23|0x0000000082f00000, 0x0000000082f00000, 0x0000000083000000|  0%| F|  |TAMS 0x0000000082f00000, 0x0000000082f00000| Untracked 
|  24|0x0000000083000000, 0x0000000083000000, 0x0000000083100000|  0%| F|  |TAMS 0x0000000083000000, 0x0000000083000000| Untracked 
|  25|0x0000000083100000, 0x0000000083100000, 0x0000000083200000|  0%| F|  |TAMS 0x0000000083100000, 0x0000000083100000| Untracked 
|  26|0x0000000083200000, 0x0000000083200000, 0x0000000083300000|  0%| F|  |TAMS 0x0000000083200000, 0x0000000083200000| Untracked 
|  27|0x0000000083300000, 0x0000000083300000, 0x0000000083400000|  0%| F|  |TAMS 0x0000000083300000, 0x0000000083300000| Untracked 
|  28|0x0000000083400000, 0x0000000083400000, 0x0000000083500000|  0%| F|  |TAMS 0x0000000083400000, 0x0000000083400000| Untracked 
|  29|0x0000000083500000, 0x0000000083500000, 0x0000000083600000|  0%| F|  |TAMS 0x0000000083500000, 0x0000000083500000| Untracked 
|  30|0x0000000083600000, 0x0000000083600000, 0x0000000083700000|  0%| F|  |TAMS 0x0000000083600000, 0x0000000083600000| Untracked 
|  31|0x0000000083700000, 0x0000000083700000, 0x0000000083800000|  0%| F|  |TAMS 0x0000000083700000, 0x0000000083700000| Untracked 
|  32|0x0000000083800000, 0x0000000083800000, 0x0000000083900000|  0%| F|  |TAMS 0x0000000083800000, 0x0000000083800000| Untracked 
|  33|0x0000000083900000, 0x0000000083900000, 0x0000000083a00000|  0%| F|  |TAMS 0x0000000083900000, 0x0000000083900000| Untracked 
|  34|0x0000000083a00000, 0x0000000083a00000, 0x0000000083b00000|  0%| F|  |TAMS 0x0000000083a00000, 0x0000000083a00000| Untracked 
|  35|0x0000000083b00000, 0x0000000083b00000, 0x0000000083c00000|  0%| F|  |TAMS 0x0000000083b00000, 0x0000000083b00000| Untracked 
|  36|0x0000000083c00000, 0x0000000083c00000, 0x0000000083d00000|  0%| F|  |TAMS 0x0000000083c00000, 0x0000000083c00000| Untracked 
|  37|0x0000000083d00000, 0x0000000083d00000, 0x0000000083e00000|  0%| F|  |TAMS 0x0000000083d00000, 0x0000000083d00000| Untracked 
|  38|0x0000000083e00000, 0x0000000083e00000, 0x0000000083f00000|  0%| F|  |TAMS 0x0000000083e00000, 0x0000000083e00000| Untracked 
|  39|0x0000000083f00000, 0x0000000083f00000, 0x0000000084000000|  0%| F|  |TAMS 0x0000000083f00000, 0x0000000083f00000| Untracked 
|  40|0x0000000084000000, 0x0000000084000000, 0x0000000084100000|  0%| F|  |TAMS 0x0000000084000000, 0x0000000084000000| Untracked 
|  41|0x0000000084100000, 0x0000000084100000, 0x0000000084200000|  0%| F|  |TAMS 0x0000000084100000, 0x0000000084100000| Untracked 
|  42|0x0000000084200000, 0x0000000084200000, 0x0000000084300000|  0%| F|  |TAMS 0x0000000084200000, 0x0000000084200000| Untracked 
|  43|0x0000000084300000, 0x0000000084300000, 0x0000000084400000|  0%| F|  |TAMS 0x0000000084300000, 0x0000000084300000| Untracked 
|  44|0x0000000084400000, 0x0000000084400000, 0x0000000084500000|  0%| F|  |TAMS 0x0000000084400000, 0x0000000084400000| Untracked 
|  45|0x0000000084500000, 0x0000000084500000, 0x0000000084600000|  0%| F|  |TAMS 0x0000000084500000, 0x0000000084500000| Untracked 
|  46|0x0000000084600000, 0x0000000084600000, 0x0000000084700000|  0%| F|  |TAMS 0x0000000084600000, 0x0000000084600000| Untracked 
|  47|0x0000000084700000, 0x0000000084700000, 0x0000000084800000|  0%| F|  |TAMS 0x0000000084700000, 0x0000000084700000| Untracked 
|  48|0x0000000084800000, 0x0000000084800000, 0x0000000084900000|  0%| F|  |TAMS 0x0000000084800000, 0x0000000084800000| Untracked 
|  49|0x0000000084900000, 0x0000000084900000, 0x0000000084a00000|  0%| F|  |TAMS 0x0000000084900000, 0x0000000084900000| Untracked 
|  50|0x0000000084a00000, 0x0000000084a00000, 0x0000000084b00000|  0%| F|  |TAMS 0x0000000084a00000, 0x0000000084a00000| Untracked 
|  51|0x0000000084b00000, 0x0000000084b00000, 0x0000000084c00000|  0%| F|  |TAMS 0x0000000084b00000, 0x0000000084b00000| Untracked 
|  52|0x0000000084c00000, 0x0000000084c00000, 0x0000000084d00000|  0%| F|  |TAMS 0x0000000084c00000, 0x0000000084c00000| Untracked 
|  53|0x0000000084d00000, 0x0000000084d00000, 0x0000000084e00000|  0%| F|  |TAMS 0x0000000084d00000, 0x0000000084d00000| Untracked 
|  54|0x0000000084e00000, 0x0000000084e00000, 0x0000000084f00000|  0%| F|  |TAMS 0x0000000084e00000, 0x0000000084e00000| Untracked 
|  55|0x0000000084f00000, 0x0000000084f00000, 0x0000000085000000|  0%| F|  |TAMS 0x0000000084f00000, 0x0000000084f00000| Untracked 
|  56|0x0000000085000000, 0x0000000085000000, 0x0000000085100000|  0%| F|  |TAMS 0x0000000085000000, 0x0000000085000000| Untracked 
|  57|0x0000000085100000, 0x0000000085100000, 0x0000000085200000|  0%| F|  |TAMS 0x0000000085100000, 0x0000000085100000| Untracked 
|  58|0x0000000085200000, 0x0000000085200000, 0x0000000085300000|  0%| F|  |TAMS 0x0000000085200000, 0x0000000085200000| Untracked 
|  59|0x0000000085300000, 0x0000000085300000, 0x0000000085400000|  0%| F|  |TAMS 0x0000000085300000, 0x0000000085300000| Untracked 
|  60|0x0000000085400000, 0x0000000085400000, 0x0000000085500000|  0%| F|  |TAMS 0x0000000085400000, 0x0000000085400000| Untracked 
|  61|0x0000000085500000, 0x0000000085500000, 0x0000000085600000|  0%| F|  |TAMS 0x0000000085500000, 0x0000000085500000| Untracked 
|  62|0x0000000085600000, 0x0000000085600000, 0x0000000085700000|  0%| F|  |TAMS 0x0000000085600000, 0x0000000085600000| Untracked 
|  63|0x0000000085700000, 0x0000000085700000, 0x0000000085800000|  0%| F|  |TAMS 0x0000000085700000, 0x0000000085700000| Untracked 
|  64|0x0000000085800000, 0x0000000085800000, 0x0000000085900000|  0%| F|  |TAMS 0x0000000085800000, 0x0000000085800000| Untracked 
|  65|0x0000000085900000, 0x0000000085900000, 0x0000000085a00000|  0%| F|  |TAMS 0x0000000085900000, 0x0000000085900000| Untracked 
|  66|0x0000000085a00000, 0x0000000085a00000, 0x0000000085b00000|  0%| F|  |TAMS 0x0000000085a00000, 0x0000000085a00000| Untracked 
|  67|0x0000000085b00000, 0x0000000085b00000, 0x0000000085c00000|  0%| F|  |TAMS 0x0000000085b00000, 0x0000000085b00000| Untracked 
|  68|0x0000000085c00000, 0x0000000085c00000, 0x0000000085d00000|  0%| F|  |TAMS 0x0000000085c00000, 0x0000000085c00000| Untracked 
|  69|0x0000000085d00000, 0x0000000085d00000, 0x0000000085e00000|  0%| F|  |TAMS 0x0000000085d00000, 0x0000000085d00000| Untracked 
|  70|0x0000000085e00000, 0x0000000085e00000, 0x0000000085f00000|  0%| F|  |TAMS 0x0000000085e00000, 0x0000000085e00000| Untracked 
|  71|0x0000000085f00000, 0x0000000085f00000, 0x0000000086000000|  0%| F|  |TAMS 0x0000000085f00000, 0x0000000085f00000| Untracked 
|  72|0x0000000086000000, 0x0000000086000000, 0x0000000086100000|  0%| F|  |TAMS 0x0000000086000000, 0x0000000086000000| Untracked 
|  73|0x0000000086100000, 0x0000000086100000, 0x0000000086200000|  0%| F|  |TAMS 0x0000000086100000, 0x0000000086100000| Untracked 
|  74|0x0000000086200000, 0x0000000086200000, 0x0000000086300000|  0%| F|  |TAMS 0x0000000086200000, 0x0000000086200000| Untracked 
|  75|0x0000000086300000, 0x0000000086300000, 0x0000000086400000|  0%| F|  |TAMS 0x0000000086300000, 0x0000000086300000| Untracked 
|  76|0x0000000086400000, 0x0000000086400000, 0x0000000086500000|  0%| F|  |TAMS 0x0000000086400000, 0x0000000086400000| Untracked 
|  77|0x0000000086500000, 0x0000000086500000, 0x0000000086600000|  0%| F|  |TAMS 0x0000000086500000, 0x0000000086500000| Untracked 
|  78|0x0000000086600000, 0x0000000086600000, 0x0000000086700000|  0%| F|  |TAMS 0x0000000086600000, 0x0000000086600000| Untracked 
|  79|0x0000000086700000, 0x0000000086700000, 0x0000000086800000|  0%| F|  |TAMS 0x0000000086700000, 0x0000000086700000| Untracked 
|  80|0x0000000086800000, 0x0000000086800000, 0x0000000086900000|  0%| F|  |TAMS 0x0000000086800000, 0x0000000086800000| Untracked 
|  81|0x0000000086900000, 0x0000000086900000, 0x0000000086a00000|  0%| F|  |TAMS 0x0000000086900000, 0x0000000086900000| Untracked 
|  82|0x0000000086a00000, 0x0000000086a00000, 0x0000000086b00000|  0%| F|  |TAMS 0x0000000086a00000, 0x0000000086a00000| Untracked 
|  83|0x0000000086b00000, 0x0000000086b00000, 0x0000000086c00000|  0%| F|  |TAMS 0x0000000086b00000, 0x0000000086b00000| Untracked 
|  84|0x0000000086c00000, 0x0000000086c00000, 0x0000000086d00000|  0%| F|  |TAMS 0x0000000086c00000, 0x0000000086c00000| Untracked 
|  85|0x0000000086d00000, 0x0000000086d00000, 0x0000000086e00000|  0%| F|  |TAMS 0x0000000086d00000, 0x0000000086d00000| Untracked 
|  86|0x0000000086e00000, 0x0000000086e00000, 0x0000000086f00000|  0%| F|  |TAMS 0x0000000086e00000, 0x0000000086e00000| Untracked 
|  87|0x0000000086f00000, 0x0000000086f00000, 0x0000000087000000|  0%| F|  |TAMS 0x0000000086f00000, 0x0000000086f00000| Untracked 
|  88|0x0000000087000000, 0x0000000087000000, 0x0000000087100000|  0%| F|  |TAMS 0x0000000087000000, 0x0000000087000000| Untracked 
|  89|0x0000000087100000, 0x0000000087100000, 0x0000000087200000|  0%| F|  |TAMS 0x0000000087100000, 0x0000000087100000| Untracked 
|  90|0x0000000087200000, 0x0000000087200000, 0x0000000087300000|  0%| F|  |TAMS 0x0000000087200000, 0x0000000087200000| Untracked 
|  91|0x0000000087300000, 0x0000000087300000, 0x0000000087400000|  0%| F|  |TAMS 0x0000000087300000, 0x0000000087300000| Untracked 
|  92|0x0000000087400000, 0x0000000087400000, 0x0000000087500000|  0%| F|  |TAMS 0x0000000087400000, 0x0000000087400000| Untracked 
|  93|0x0000000087500000, 0x0000000087500000, 0x0000000087600000|  0%| F|  |TAMS 0x0000000087500000, 0x0000000087500000| Untracked 
|  94|0x0000000087600000, 0x0000000087600000, 0x0000000087700000|  0%| F|  |TAMS 0x0000000087600000, 0x0000000087600000| Untracked 
|  95|0x0000000087700000, 0x0000000087700000, 0x0000000087800000|  0%| F|  |TAMS 0x0000000087700000, 0x0000000087700000| Untracked 
|  96|0x0000000087800000, 0x0000000087800000, 0x0000000087900000|  0%| F|  |TAMS 0x0000000087800000, 0x0000000087800000| Untracked 
|  97|0x0000000087900000, 0x0000000087900000, 0x0000000087a00000|  0%| F|  |TAMS 0x0000000087900000, 0x0000000087900000| Untracked 
|  98|0x0000000087a00000, 0x0000000087a00000, 0x0000000087b00000|  0%| F|  |TAMS 0x0000000087a00000, 0x0000000087a00000| Untracked 
|  99|0x0000000087b00000, 0x0000000087b00000, 0x0000000087c00000|  0%| F|  |TAMS 0x0000000087b00000, 0x0000000087b00000| Untracked 
| 100|0x0000000087c00000, 0x0000000087c00000, 0x0000000087d00000|  0%| F|  |TAMS 0x0000000087c00000, 0x0000000087c00000| Untracked 
| 101|0x0000000087d00000, 0x0000000087d00000, 0x0000000087e00000|  0%| F|  |TAMS 0x0000000087d00000, 0x0000000087d00000| Untracked 
| 102|0x0000000087e00000, 0x0000000087e00000, 0x0000000087f00000|  0%| F|  |TAMS 0x0000000087e00000, 0x0000000087e00000| Untracked 
| 103|0x0000000087f00000, 0x0000000087f00000, 0x0000000088000000|  0%| F|  |TAMS 0x0000000087f00000, 0x0000000087f00000| Untracked 
| 104|0x0000000088000000, 0x0000000088000000, 0x0000000088100000|  0%| F|  |TAMS 0x0000000088000000, 0x0000000088000000| Untracked 
| 105|0x0000000088100000, 0x0000000088100000, 0x0000000088200000|  0%| F|  |TAMS 0x0000000088100000, 0x0000000088100000| Untracked 
| 106|0x0000000088200000, 0x0000000088200000, 0x0000000088300000|  0%| F|  |TAMS 0x0000000088200000, 0x0000000088200000| Untracked 
| 107|0x0000000088300000, 0x0000000088300000, 0x0000000088400000|  0%| F|  |TAMS 0x0000000088300000, 0x0000000088300000| Untracked 
| 108|0x0000000088400000, 0x0000000088400000, 0x0000000088500000|  0%| F|  |TAMS 0x0000000088400000, 0x0000000088400000| Untracked 
| 109|0x0000000088500000, 0x0000000088500000, 0x0000000088600000|  0%| F|  |TAMS 0x0000000088500000, 0x0000000088500000| Untracked 
| 110|0x0000000088600000, 0x0000000088600000, 0x0000000088700000|  0%| F|  |TAMS 0x0000000088600000, 0x0000000088600000| Untracked 
| 111|0x0000000088700000, 0x0000000088700000, 0x0000000088800000|  0%| F|  |TAMS 0x0000000088700000, 0x0000000088700000| Untracked 
| 112|0x0000000088800000, 0x0000000088800000, 0x0000000088900000|  0%| F|  |TAMS 0x0000000088800000, 0x0000000088800000| Untracked 
| 113|0x0000000088900000, 0x0000000088900000, 0x0000000088a00000|  0%| F|  |TAMS 0x0000000088900000, 0x0000000088900000| Untracked 
| 114|0x0000000088a00000, 0x0000000088a00000, 0x0000000088b00000|  0%| F|  |TAMS 0x0000000088a00000, 0x0000000088a00000| Untracked 
| 115|0x0000000088b00000, 0x0000000088c00000, 0x0000000088c00000|100%| E|  |TAMS 0x0000000088b00000, 0x0000000088b00000| Complete 
| 116|0x0000000088c00000, 0x0000000088d00000, 0x0000000088d00000|100%| E|CS|TAMS 0x0000000088c00000, 0x0000000088c00000| Complete 
| 117|0x0000000088d00000, 0x0000000088e00000, 0x0000000088e00000|100%| E|CS|TAMS 0x0000000088d00000, 0x0000000088d00000| Complete 
| 118|0x0000000088e00000, 0x0000000088f00000, 0x0000000088f00000|100%| E|CS|TAMS 0x0000000088e00000, 0x0000000088e00000| Complete 
| 119|0x0000000088f00000, 0x0000000089000000, 0x0000000089000000|100%| E|CS|TAMS 0x0000000088f00000, 0x0000000088f00000| Complete 
| 120|0x0000000089000000, 0x0000000089100000, 0x0000000089100000|100%| E|CS|TAMS 0x0000000089000000, 0x0000000089000000| Complete 
| 121|0x0000000089100000, 0x0000000089200000, 0x0000000089200000|100%| E|CS|TAMS 0x0000000089100000, 0x0000000089100000| Complete 
| 122|0x0000000089200000, 0x0000000089300000, 0x0000000089300000|100%| E|CS|TAMS 0x0000000089200000, 0x0000000089200000| Complete 
| 123|0x0000000089300000, 0x0000000089400000, 0x0000000089400000|100%| E|CS|TAMS 0x0000000089300000, 0x0000000089300000| Complete 
| 124|0x0000000089400000, 0x0000000089500000, 0x0000000089500000|100%| E|CS|TAMS 0x0000000089400000, 0x0000000089400000| Complete 
| 125|0x0000000089500000, 0x0000000089600000, 0x0000000089600000|100%| E|  |TAMS 0x0000000089500000, 0x0000000089500000| Complete 
| 126|0x0000000089600000, 0x0000000089700000, 0x0000000089700000|100%| E|CS|TAMS 0x0000000089600000, 0x0000000089600000| Complete 
| 127|0x0000000089700000, 0x0000000089800000, 0x0000000089800000|100%| E|CS|TAMS 0x0000000089700000, 0x0000000089700000| Complete 

Card table byte_map: [0x000001ecc0650000,0x000001ecc0a50000] _byte_map_base: 0x000001ecc0244000

Marking Bits (Prev, Next): (CMBitMap*) 0x000001eca8af11e8, (CMBitMap*) 0x000001eca8af1228
 Prev Bits: [0x000001ecc0e50000, 0x000001ecc2df0000)
 Next Bits: [0x000001ecc2df0000, 0x000001ecc4d90000)

Polling page: 0x000001eca8280000

Metaspace:

Usage:
  Non-class:      6.46 MB capacity,     6.35 MB ( 98%) used,    89.65 KB (  1%) free+waste,    18.75 KB ( <1%) overhead. 
      Class:    988.00 KB capacity,   886.03 KB ( 90%) used,    89.59 KB (  9%) free+waste,    12.38 KB (  1%) overhead. 
       Both:      7.42 MB capacity,     7.22 MB ( 97%) used,   179.24 KB (  2%) free+waste,    31.13 KB ( <1%) overhead. 

Virtual space:
  Non-class space:        8.00 MB reserved,       6.50 MB ( 81%) committed 
      Class space:        1.00 GB reserved,       1.00 MB ( <1%) committed 
             Both:        1.01 GB reserved,       7.50 MB ( <1%) committed 

Chunk freelists:
   Non-Class:  41.00 KB
       Class:  4.00 KB
        Both:  45.00 KB

MaxMetaspaceSize: 17179869184.00 GB
CompressedClassSpaceSize: 1.00 GB

CodeHeap 'non-profiled nmethods': size=120000Kb used=238Kb max_used=238Kb free=119761Kb
 bounds [0x000001ecb8d20000, 0x000001ecb8f90000, 0x000001ecc0250000]
CodeHeap 'profiled nmethods': size=120000Kb used=1163Kb max_used=1163Kb free=118836Kb
 bounds [0x000001ecb17f0000, 0x000001ecb1a60000, 0x000001ecb8d20000]
CodeHeap 'non-nmethods': size=5760Kb used=1313Kb max_used=1326Kb free=4447Kb
 bounds [0x000001ecb1250000, 0x000001ecb14c0000, 0x000001ecb17f0000]
 total_blobs=1263 nmethods=764 adapters=412
 compilation: enabled
              stopped_count=0, restarted_count=0
 full_count=0

Compilation events (20 events):
Event: 141.752 Thread 0x000001ecc7282800  755       3       java.awt.Component::invalidateIfValid (12 bytes)
Event: 141.752 Thread 0x000001ecc7282800 nmethod 755 0x000001ecb190cd90 code [0x000001ecb190cf40, 0x000001ecb190d2e8]
Event: 141.753 Thread 0x000001ecc7282800  756       3       javax.swing.text.GapContent$MarkVector::size (17 bytes)
Event: 141.753 Thread 0x000001ecc7282800 nmethod 756 0x000001ecb190d390 code [0x000001ecb190d540, 0x000001ecb190d838]
Event: 141.753 Thread 0x000001ecc7282800  757       3       javax.swing.text.GapContent$MarkVector::getArrayLength (11 bytes)
Event: 141.753 Thread 0x000001ecc7282800 nmethod 757 0x000001ecb190d990 code [0x000001ecb190db40, 0x000001ecb190dd98]
Event: 141.753 Thread 0x000001ecc7282800  758       3       javax.swing.text.GapContent$MarkVector::elementAt (40 bytes)
Event: 141.754 Thread 0x000001ecc7282800 nmethod 758 0x000001ecb190de90 code [0x000001ecb190e040, 0x000001ecb190e358]
Event: 141.754 Thread 0x000001ecc7282800  759       3       javax.swing.text.StyleContext$SmallAttributeSet::getAttributeCount (8 bytes)
Event: 141.754 Thread 0x000001ecc7282800 nmethod 759 0x000001ecb190e510 code [0x000001ecb190e6a0, 0x000001ecb190e7f8]
Event: 141.754 Thread 0x000001ecc7282800  760       3       javax.swing.text.StyleContext$KeyEnumeration::nextElement (42 bytes)
Event: 141.755 Thread 0x000001ecc7282800 nmethod 760 0x000001ecb190e910 code [0x000001ecb190eac0, 0x000001ecb190ecc8]
Event: 141.755 Thread 0x000001ecc7282800  761       3       java.lang.Enum::equals (11 bytes)
Event: 141.755 Thread 0x000001ecc7282800 nmethod 761 0x000001ecb190ee10 code [0x000001ecb190efa0, 0x000001ecb190f118]
Event: 141.755 Thread 0x000001ecc7282800  762       3       java.util.WeakHashMap::put (162 bytes)
Event: 141.756 Thread 0x000001ecc7282800 nmethod 762 0x000001ecb190f190 code [0x000001ecb190f400, 0x000001ecb19103d8]
Event: 141.756 Thread 0x000001ecc7282800  764       3       java.util.HashMap::<init> (98 bytes)
Event: 141.757 Thread 0x000001ecc7282800 nmethod 764 0x000001ecb1910910 code [0x000001ecb1910c60, 0x000001ecb1912108]
Event: 141.757 Thread 0x000001ecc7282800  763       3       java.util.WeakHashMap$Entry::<init> (24 bytes)
Event: 141.757 Thread 0x000001ecc7282800 nmethod 763 0x000001ecb1912810 code [0x000001ecb19129e0, 0x000001ecb1912df8]

GC Heap History (0 events):
No events

Deoptimization events (20 events):
Event: 1.156 Thread 0x000001eca8aae000 Uncommon trap: trap_request=0xffffffc6 fr.pc=0x000001ecb8d4d398 relative=0x0000000000000b98
Event: 1.156 Thread 0x000001eca8aae000 Uncommon trap: reason=bimorphic_or_optimized_type_check action=maybe_recompile pc=0x000001ecb8d4d398 method=java.util.HashMap.putVal(ILjava/lang/Object;Ljava/lang/Object;ZZ)Ljava/lang/Object; @ 152 c2
Event: 1.156 Thread 0x000001eca8aae000 DEOPT PACKING pc=0x000001ecb8d4d398 sp=0x000000ba4d1fe170
Event: 1.156 Thread 0x000001eca8aae000 DEOPT UNPACKING pc=0x000001ecb129912f sp=0x000000ba4d1fe110 mode 2
Event: 1.215 Thread 0x000001eca8aae000 Uncommon trap: trap_request=0xffffffde fr.pc=0x000001ecb8d544b4 relative=0x0000000000000494
Event: 1.215 Thread 0x000001eca8aae000 Uncommon trap: reason=class_check action=maybe_recompile pc=0x000001ecb8d544b4 method=java.util.HashMap.getNode(ILjava/lang/Object;)Ljava/util/HashMap$Node; @ 126 c2
Event: 1.215 Thread 0x000001eca8aae000 DEOPT PACKING pc=0x000001ecb8d544b4 sp=0x000000ba4d1fe450
Event: 1.215 Thread 0x000001eca8aae000 DEOPT UNPACKING pc=0x000001ecb129912f sp=0x000000ba4d1fe3d8 mode 2
Event: 1.215 Thread 0x000001eca8aae000 Uncommon trap: trap_request=0xffffffde fr.pc=0x000001ecb8d544b4 relative=0x0000000000000494
Event: 1.215 Thread 0x000001eca8aae000 Uncommon trap: reason=class_check action=maybe_recompile pc=0x000001ecb8d544b4 method=java.util.HashMap.getNode(ILjava/lang/Object;)Ljava/util/HashMap$Node; @ 126 c2
Event: 1.215 Thread 0x000001eca8aae000 DEOPT PACKING pc=0x000001ecb8d544b4 sp=0x000000ba4d1fe450
Event: 1.216 Thread 0x000001eca8aae000 DEOPT UNPACKING pc=0x000001ecb129912f sp=0x000000ba4d1fe3d8 mode 2
Event: 1.216 Thread 0x000001eca8aae000 Uncommon trap: trap_request=0xffffffde fr.pc=0x000001ecb8d544b4 relative=0x0000000000000494
Event: 1.216 Thread 0x000001eca8aae000 Uncommon trap: reason=class_check action=maybe_recompile pc=0x000001ecb8d544b4 method=java.util.HashMap.getNode(ILjava/lang/Object;)Ljava/util/HashMap$Node; @ 126 c2
Event: 1.216 Thread 0x000001eca8aae000 DEOPT PACKING pc=0x000001ecb8d544b4 sp=0x000000ba4d1fe450
Event: 1.216 Thread 0x000001eca8aae000 DEOPT UNPACKING pc=0x000001ecb129912f sp=0x000000ba4d1fe3d8 mode 2
Event: 1.216 Thread 0x000001eca8aae000 Uncommon trap: trap_request=0xffffffde fr.pc=0x000001ecb8d544b4 relative=0x0000000000000494
Event: 1.216 Thread 0x000001eca8aae000 Uncommon trap: reason=class_check action=maybe_recompile pc=0x000001ecb8d544b4 method=java.util.HashMap.getNode(ILjava/lang/Object;)Ljava/util/HashMap$Node; @ 126 c2
Event: 1.216 Thread 0x000001eca8aae000 DEOPT PACKING pc=0x000001ecb8d544b4 sp=0x000000ba4d1fe450
Event: 1.216 Thread 0x000001eca8aae000 DEOPT UNPACKING pc=0x000001ecb129912f sp=0x000000ba4d1fe3d8 mode 2

Classes unloaded (0 events):
No events

Classes redefined (0 events):
No events

Internal exceptions (10 events):
Event: 0.659 Thread 0x000001eca8aae000 Exception <a 'java/lang/ClassNotFoundException'{0x00000000894ec868}: sun/awt/resources/spi/awtProvider> (0x00000000894ec868) 
thrown [./open/src/hotspot/share/classfile/systemDictionary.cpp, line 226]
Event: 0.682 Thread 0x000001eca8aae000 Exception <a 'java/io/FileNotFoundException'{0x00000000893392d8}> (0x00000000893392d8) 
thrown [./open/src/hotspot/share/prims/jni.cpp, line 599]
Event: 0.698 Thread 0x000001eca8aae000 Exception <a 'java/io/FileNotFoundException'{0x00000000893619d0}> (0x00000000893619d0) 
thrown [./open/src/hotspot/share/prims/jni.cpp, line 599]
Event: 0.872 Thread 0x000001ecc8437000 Exception <a 'java/lang/NoSuchMethodError'{0x0000000089105598}: 'void java.lang.invoke.DirectMethodHandle$Holder.invokeSpecial(java.lang.Object, java.lang.Object)'> (0x0000000089105598) 
thrown [./open/src/hotspot/share/interpreter/linkResolver.cpp, line 766]
Event: 0.965 Thread 0x000001eca8aae000 Exception <a 'java/lang/NoSuchMethodError'{0x000000008901e308}: 'java.lang.Object java.lang.invoke.DirectMethodHandle$Holder.invokeStatic(java.lang.Object, int, java.lang.Object, java.lang.Object, java.lang.Object, java.lang.Object)'> (0x000000008901e308) 
thrown [./open/src/hotspot/share/interpreter/linkResolver.cpp, line 766]
Event: 0.971 Thread 0x000001eca8aae000 Exception <a 'java/lang/NoSuchMethodError'{0x0000000089024c28}: 'java.lang.Object java.lang.invoke.DirectMethodHandle$Holder.invokeStatic(java.lang.Object, int, java.lang.Object, java.lang.Object, java.lang.Object)'> (0x0000000089024c28) 
thrown [./open/src/hotspot/share/interpreter/linkResolver.cpp, line 766]
Event: 0.972 Thread 0x000001eca8aae000 Exception <a 'java/lang/NoSuchMethodError'{0x0000000089028478}: 'java.lang.Object java.lang.invoke.DirectMethodHandle$Holder.invokeSpecial(java.lang.Object, java.lang.Object, int, java.lang.Object, java.lang.Object, java.lang.Object)'> (0x0000000089028478) 
thrown [./open/src/hotspot/share/interpreter/linkResolver.cpp, line 766]
Event: 1.010 Thread 0x000001eca8aae000 Exception <a 'java/lang/NoSuchMethodError'{0x000000008903ee80}: 'java.lang.Object java.lang.invoke.DirectMethodHandle$Holder.invokeStatic(java.lang.Object, int, java.lang.Object)'> (0x000000008903ee80) 
thrown [./open/src/hotspot/share/interpreter/linkResolver.cpp, line 766]
Event: 1.079 Thread 0x000001eca8aae000 Exception <a 'java/lang/ClassNotFoundException'{0x00000000890f1ca8}: com/sun/swing/internal/plaf/metal/resources/spi/metalProvider> (0x00000000890f1ca8) 
thrown [./open/src/hotspot/share/classfile/systemDictionary.cpp, line 226]
Event: 1.081 Thread 0x000001eca8aae000 Exception <a 'java/lang/ClassNotFoundException'{0x00000000890f8570}: com/sun/swing/internal/plaf/basic/resources/spi/basicProvider> (0x00000000890f8570) 
thrown [./open/src/hotspot/share/classfile/systemDictionary.cpp, line 226]

Events (20 events):
Event: 141.747 loading class javax/swing/JProgressBar$ModelListener
Event: 141.748 loading class javax/swing/JProgressBar$ModelListener done
Event: 141.748 loading class javax/swing/plaf/metal/MetalProgressBarUI
Event: 141.748 loading class javax/swing/plaf/basic/BasicProgressBarUI
Event: 141.748 loading class javax/swing/plaf/ProgressBarUI
Event: 141.748 loading class javax/swing/plaf/ProgressBarUI done
Event: 141.748 loading class javax/swing/plaf/basic/BasicProgressBarUI done
Event: 141.748 loading class javax/swing/plaf/metal/MetalProgressBarUI done
Event: 141.749 Executing VM operation: HandshakeAllThreads
Event: 141.749 Executing VM operation: HandshakeAllThreads done
Event: 141.749 loading class javax/swing/plaf/BorderUIResource$LineBorderUIResource
Event: 141.749 loading class javax/swing/border/LineBorder
Event: 141.749 loading class javax/swing/border/LineBorder done
Event: 141.749 loading class javax/swing/plaf/BorderUIResource$LineBorderUIResource done
Event: 141.749 loading class javax/swing/plaf/basic/BasicProgressBarUI$Handler
Event: 141.750 loading class javax/swing/plaf/basic/BasicProgressBarUI$Handler done
Event: 141.751 loading class javax/swing/Box
Event: 141.751 loading class javax/swing/Box done
Event: 141.751 loading class javax/swing/Box$Filler
Event: 141.751 loading class javax/swing/Box$Filler done


Dynamic libraries:
0x00007ff6e4810000 - 0x00007ff6e481d000 	C:\Users\lisas\.jdks\openjdk-14.0.2\bin\java.exe
0x00007ffe2f560000 - 0x00007ffe2f750000 	C:\WINDOWS\SYSTEM32\ntdll.dll
0x00007ffe2e870000 - 0x00007ffe2e922000 	C:\WINDOWS\System32\KERNEL32.DLL
0x00007ffe2c670000 - 0x00007ffe2c915000 	C:\WINDOWS\System32\KERNELBASE.dll
0x00007ffe2c570000 - 0x00007ffe2c66a000 	C:\WINDOWS\System32\ucrtbase.dll
0x00007ffe28d60000 - 0x00007ffe28d78000 	C:\Users\lisas\.jdks\openjdk-14.0.2\bin\jli.dll
0x00007ffe28ce0000 - 0x00007ffe28cf5000 	C:\Users\lisas\.jdks\openjdk-14.0.2\bin\VCRUNTIME140.dll
0x00007ffe2f050000 - 0x00007ffe2f1e5000 	C:\WINDOWS\System32\USER32.dll
0x00007ffe2cc90000 - 0x00007ffe2ccb1000 	C:\WINDOWS\System32\win32u.dll
0x00007ffe1fab0000 - 0x00007ffe1fd34000 	C:\WINDOWS\WinSxS\amd64_microsoft.windows.common-controls_6595b64144ccf1df_6.0.18362.1082_none_9e8193e1e45b25c1\COMCTL32.dll
0x00007ffe2e930000 - 0x00007ffe2e956000 	C:\WINDOWS\System32\GDI32.dll
0x00007ffe2f260000 - 0x00007ffe2f2fe000 	C:\WINDOWS\System32\msvcrt.dll
0x00007ffe2c9a0000 - 0x00007ffe2cb36000 	C:\WINDOWS\System32\gdi32full.dll
0x00007ffe2d510000 - 0x00007ffe2d5ae000 	C:\WINDOWS\System32\msvcp_win.dll
0x00007ffe2db50000 - 0x00007ffe2de85000 	C:\WINDOWS\System32\combase.dll
0x00007ffe2f400000 - 0x00007ffe2f520000 	C:\WINDOWS\System32\RPCRT4.dll
0x00007ffe2c920000 - 0x00007ffe2c9a0000 	C:\WINDOWS\System32\bcryptPrimitives.dll
0x00007ffe2e7e0000 - 0x00007ffe2e80e000 	C:\WINDOWS\System32\IMM32.DLL
0x00007ffe16790000 - 0x00007ffe1682b000 	C:\Users\lisas\.jdks\openjdk-14.0.2\bin\msvcp140.dll
0x00007ffdd2d40000 - 0x00007ffdd385e000 	C:\Users\lisas\.jdks\openjdk-14.0.2\bin\server\jvm.dll
0x00007ffe2e310000 - 0x00007ffe2e3b3000 	C:\WINDOWS\System32\ADVAPI32.dll
0x00007ffe2f300000 - 0x00007ffe2f397000 	C:\WINDOWS\System32\sechost.dll
0x00007ffe2e300000 - 0x00007ffe2e308000 	C:\WINDOWS\System32\PSAPI.DLL
0x00007ffe2b210000 - 0x00007ffe2b219000 	C:\WINDOWS\SYSTEM32\WSOCK32.dll
0x00007ffe2e450000 - 0x00007ffe2e4bf000 	C:\WINDOWS\System32\WS2_32.dll
0x00007ffe28970000 - 0x00007ffe28994000 	C:\WINDOWS\SYSTEM32\WINMM.dll
0x00007ffe253e0000 - 0x00007ffe253ea000 	C:\WINDOWS\SYSTEM32\VERSION.dll
0x00007ffe28940000 - 0x00007ffe2896d000 	C:\WINDOWS\SYSTEM32\WINMMBASE.dll
0x00007ffe2c4f0000 - 0x00007ffe2c53a000 	C:\WINDOWS\System32\cfgmgr32.dll
0x00007ffe2c4a0000 - 0x00007ffe2c4b1000 	C:\WINDOWS\System32\kernel.appcore.dll
0x00007ffe28cd0000 - 0x00007ffe28cda000 	C:\Users\lisas\.jdks\openjdk-14.0.2\bin\jimage.dll
0x00007ffe2acd0000 - 0x00007ffe2aec4000 	C:\WINDOWS\SYSTEM32\DBGHELP.DLL
0x00007ffe1cba0000 - 0x00007ffe1cbca000 	C:\WINDOWS\SYSTEM32\dbgcore.DLL
0x00007ffe166d0000 - 0x00007ffe16708000 	C:\Users\lisas\.jdks\openjdk-14.0.2\bin\jdwp.dll
0x00007ffe28ca0000 - 0x00007ffe28cc5000 	C:\Users\lisas\.jdks\openjdk-14.0.2\bin\java.dll
0x00007ffe28c70000 - 0x00007ffe28c7e000 	C:\Users\lisas\.jdks\openjdk-14.0.2\bin\instrument.dll
0x00007ffe28c80000 - 0x00007ffe28c96000 	C:\Users\lisas\.jdks\openjdk-14.0.2\bin\zip.dll
0x00007ffe2e960000 - 0x00007ffe2f047000 	C:\WINDOWS\System32\SHELL32.dll
0x00007ffe2e730000 - 0x00007ffe2e7d9000 	C:\WINDOWS\System32\shcore.dll
0x00007ffe2cce0000 - 0x00007ffe2d460000 	C:\WINDOWS\System32\windows.storage.dll
0x00007ffe2c4c0000 - 0x00007ffe2c4e3000 	C:\WINDOWS\System32\profapi.dll
0x00007ffe2c430000 - 0x00007ffe2c47a000 	C:\WINDOWS\System32\powrprof.dll
0x00007ffe2c420000 - 0x00007ffe2c430000 	C:\WINDOWS\System32\UMPDC.dll
0x00007ffe2f3a0000 - 0x00007ffe2f3f2000 	C:\WINDOWS\System32\shlwapi.dll
0x00007ffe2ccc0000 - 0x00007ffe2ccd7000 	C:\WINDOWS\System32\cryptsp.dll
0x00007ffe1f230000 - 0x00007ffe1f23b000 	C:\Users\lisas\.jdks\openjdk-14.0.2\bin\dt_socket.dll
0x00007ffe2b980000 - 0x00007ffe2b9ba000 	C:\WINDOWS\SYSTEM32\IPHLPAPI.DLL
0x00007ffe2bc70000 - 0x00007ffe2bcd7000 	C:\WINDOWS\system32\mswsock.dll
0x00007ffe1f2b0000 - 0x00007ffe1f2c9000 	C:\Users\lisas\.jdks\openjdk-14.0.2\bin\net.dll
0x00007ffe1eca0000 - 0x00007ffe1ed90000 	C:\WINDOWS\SYSTEM32\WINHTTP.dll
0x00007ffe1f1a0000 - 0x00007ffe1f1b2000 	C:\Users\lisas\.jdks\openjdk-14.0.2\bin\nio.dll
0x00007ffe16bb0000 - 0x00007ffe16bc5000 	C:\Users\lisas\Desktop\RFIDreader\jmtp64.dll
0x00007ffe2e550000 - 0x00007ffe2e6a7000 	C:\WINDOWS\System32\ole32.dll
0x00007ffe2d9d0000 - 0x00007ffe2da95000 	C:\WINDOWS\System32\OLEAUT32.dll
0x00007ffe2daa0000 - 0x00007ffe2db42000 	C:\WINDOWS\System32\clbcatq.dll
0x00007ffe26b20000 - 0x00007ffe26bbe000 	C:\Windows\System32\PortableDeviceApi.dll
0x00007ffe2de90000 - 0x00007ffe2e300000 	C:\WINDOWS\System32\SETUPAPI.dll
0x00007ffe2c540000 - 0x00007ffe2c566000 	C:\WINDOWS\System32\bcrypt.dll
0x00007ffe2c210000 - 0x00007ffe2c23a000 	C:\WINDOWS\System32\DEVOBJ.dll
0x00007ffe27f90000 - 0x00007ffe27fc0000 	C:\Windows\System32\PortableDeviceTypes.dll
0x00007ffe285e0000 - 0x00007ffe286d0000 	C:\Windows\System32\PROPSYS.dll
0x00007ffe2d5b0000 - 0x00007ffe2d60c000 	C:\WINDOWS\System32\WINTRUST.dll
0x00007ffe2c480000 - 0x00007ffe2c492000 	C:\WINDOWS\System32\MSASN1.dll
0x00007ffe2cb40000 - 0x00007ffe2cc89000 	C:\WINDOWS\System32\CRYPT32.dll
0x00007ffdf98f0000 - 0x00007ffdf9a88000 	C:\Users\lisas\.jdks\openjdk-14.0.2\bin\awt.dll
0x00007ffe2a190000 - 0x00007ffe2a21f000 	C:\WINDOWS\SYSTEM32\apphelp.dll
0x00007ffe2a420000 - 0x00007ffe2a44d000 	C:\WINDOWS\system32\DWMAPI.DLL
0x00007ffe2a320000 - 0x00007ffe2a3b9000 	C:\WINDOWS\system32\uxtheme.dll
0x00007ffe09730000 - 0x00007ffe09886000 	C:\WINDOWS\system32\opengl32.dll
0x00007ffe096c0000 - 0x00007ffe096ec000 	C:\WINDOWS\SYSTEM32\GLU32.dll
0x00007ffe2af20000 - 0x00007ffe2af40000 	C:\WINDOWS\SYSTEM32\dxcore.dll
0x00007ffe2d7c0000 - 0x00007ffe2d8f5000 	C:\WINDOWS\System32\MSCTF.dll
0x00007ffe18d40000 - 0x00007ffe18d50000 	C:\Users\lisas\.jdks\openjdk-14.0.2\bin\verify.dll

dbghelp: loaded successfully - version: 4.0.5 - missing functions: none
symbol engine: initialized successfully - sym options: 0x614 - pdb path: .;C:\Users\lisas\.jdks\openjdk-14.0.2\bin;C:\WINDOWS\SYSTEM32;C:\WINDOWS\WinSxS\amd64_microsoft.windows.common-controls_6595b64144ccf1df_6.0.18362.1082_none_9e8193e1e45b25c1;C:\Users\lisas\.jdks\openjdk-14.0.2\bin\server;C:\Users\lisas\Desktop\RFIDreader

VM Arguments:
jvm_args: -agentlib:jdwp=transport=dt_socket,address=127.0.0.1:50541,suspend=y,server=n -Djava.library.path=C:\Users\lisas\Desktop\RFIDreader -javaagent:C:\Users\lisas\AppData\Local\JetBrains\IdeaIC2020.2\captureAgent\debugger-agent.jar -Dfile.encoding=UTF-8 
java_command: com.company.Main
java_class_path (initial): C:\Users\lisas\Documents\RFIDreader\out\production\RFIDreader;C:\Users\lisas\Desktop\RFIDreader\jmtp.jar;C:\Program Files\JetBrains\IntelliJ IDEA Community Edition 2020.2.1\lib\idea_rt.jar
Launcher Type: SUN_STANDARD

[Global flags]
     intx CICompilerCount                          = 3                                         {product} {ergonomic}
     uint ConcGCThreads                            = 1                                         {product} {ergonomic}
     uint G1ConcRefinementThreads                  = 4                                         {product} {ergonomic}
   size_t G1HeapRegionSize                         = 1048576                                   {product} {ergonomic}
    uintx GCDrainStackTargetSize                   = 64                                        {product} {ergonomic}
   size_t InitialHeapSize                          = 134217728                                 {product} {ergonomic}
   size_t MarkStackSize                            = 4194304                                   {product} {ergonomic}
   size_t MaxHeapSize                              = 2122317824                                {product} {ergonomic}
   size_t MaxNewSize                               = 1272971264                                {product} {ergonomic}
   size_t MinHeapDeltaBytes                        = 1048576                                   {product} {ergonomic}
   size_t MinHeapSize                              = 8388608                                   {product} {ergonomic}
    uintx NonNMethodCodeHeapSize                   = 5832780                                {pd product} {ergonomic}
    uintx NonProfiledCodeHeapSize                  = 122912730                              {pd product} {ergonomic}
    uintx ProfiledCodeHeapSize                     = 122912730                              {pd product} {ergonomic}
    uintx ReservedCodeCacheSize                    = 251658240                              {pd product} {ergonomic}
     bool SegmentedCodeCache                       = true                                      {product} {ergonomic}
   size_t SoftMaxHeapSize                          = 2122317824                             {manageable} {ergonomic}
     bool UseCompressedClassPointers               = true                                 {lp64_product} {ergonomic}
     bool UseCompressedOops                        = true                                 {lp64_product} {ergonomic}
     bool UseG1GC                                  = true                                      {product} {ergonomic}
     bool UseLargePagesIndividualAllocation        = false                                  {pd product} {ergonomic}

Logging:
Log output configuration:
 #0: stdout all=warning uptime,level,tags
 #1: stderr all=off uptime,level,tags

Environment Variables:
JAVA_HOME=C:\Program Files\Java\jdk-11.0.1\bin
PATH=C:\Program Files\Common Files\Oracle\Java\javapath;C:\Program Files (x86)\Common Files\Oracle\Java\javapath;C:\Program Files\Java\jdk-11.0.1\bin;C:\Program Files (x86)\Intel\iCLS Client\;C:\Program Files\Intel\iCLS Client\;C:\WINDOWS\system32;C:\WINDOWS;C:\WINDOWS\System32\Wbem;C:\WINDOWS\System32\WindowsPowerShell\v1.0\;C:\Program Files (x86)\Intel\Intel(R) Management Engine Components\DAL;C:\Program Files\Intel\Intel(R) Management Engine Components\DAL;C:\Program Files (x86)\Intel\Intel(R) Management Engine Components\IPT;C:\Program Files\Intel\Intel(R) Management Engine Components\IPT;c:\Program Files (x86)\ATI Technologies\ATI.ACE\Core-Static;C:\Program Files\Microsoft SQL Server\130\Tools\Binn\;C:\Program Files (x86)\Windows Kits\10\Windows Performance Toolkit\;C:\Program Files (x86)\GtkSharp\2.12\bin;C:\WINDOWS\System32\OpenSSH\;C:\Program Files\Java\jdk1.8.0_101\bin;C:\ProgramData\Oracle\Java\javapath;C:\Program Files\MiKTeX 2.9\miktex\bin\x64\;C:\Program Files\Git\cmd;C:\Users\lisas\AppData\Local\Microsoft\WindowsApps;C:\Program Files\Java\jdk-11.0.1\bin;;C:\Program Files\JetBrains\IntelliJ IDEA Community Edition 2020.2.1\bin;;C:\Program Files\JetBrains\IntelliJ IDEA 2020.2.1\bin;
USERNAME=lisas
OS=Windows_NT
PROCESSOR_IDENTIFIER=Intel64 Family 6 Model 78 Stepping 3, GenuineIntel



---------------  S Y S T E M  ---------------

OS: Windows 10 , 64 bit Build 18362 (10.0.18362.1082)
OS uptime: 0 days 1:07 hours

CPU:total 4 (initial active 4) (2 cores per cpu, 2 threads per core) family 6 model 78 stepping 3, cmov, cx8, fxsr, mmx, sse, sse2, sse3, ssse3, sse4.1, sse4.2, popcnt, avx, avx2, aes, clmul, erms, 3dnowpref, lzcnt, ht, tsc, tscinvbit, bmi1, bmi2, adx, fma

Memory: 4k page, system-wide physical 8090M (3255M free)
TotalPageFile size 9754M (AvailPageFile size 4424M)
current process WorkingSet (physical memory assigned to process): 60M, peak: 62M
current process commit charge ("private bytes"): 214M, peak: 217M

vm_info: OpenJDK 64-Bit Server VM (14.0.2+12-46) for windows-amd64 JRE (14.0.2+12-46), built on Jul  9 2020 00:31:16 by "mach5one" with MS VC++ 15.9 (VS2017)

END.
